[0.166s] DEBUG:colcon:Command line arguments: ['/usr/bin/colcon', 'build']
[0.166s] DEBUG:colcon:Parsed command line arguments: Namespace(log_base=None, log_level=None, verb_name='build', build_base='build', install_base='install', merge_install=False, symlink_install=False, test_result_base=None, continue_on_error=False, executor='parallel', parallel_workers=12, event_handlers=None, ignore_user_meta=False, metas=['./colcon.meta'], base_paths=['.'], packages_ignore=None, packages_ignore_regex=None, paths=None, packages_up_to=None, packages_up_to_regex=None, packages_above=None, packages_above_and_dependencies=None, packages_above_depth=None, packages_select_by_dep=None, packages_skip_by_dep=None, packages_skip_up_to=None, packages_select_build_failed=False, packages_skip_build_finished=False, packages_select_test_failures=False, packages_skip_test_passed=False, packages_select=None, packages_skip=None, packages_select_regex=None, packages_skip_regex=None, packages_start=None, packages_end=None, allow_overriding=[], cmake_args=None, cmake_target=None, cmake_target_skip_unavailable=False, cmake_clean_cache=False, cmake_clean_first=False, cmake_force_configure=False, ament_cmake_args=None, catkin_cmake_args=None, catkin_skip_building_tests=False, mixin_files=None, mixin=None, verb_parser=<colcon_mixin.mixin.mixin_argument.MixinArgumentDecorator object at 0x72ace7913b80>, verb_extension=<colcon_core.verb.build.BuildVerb object at 0x72ace7913520>, main=<bound method BuildVerb.main of <colcon_core.verb.build.BuildVerb object at 0x72ace7913520>>, mixin_verb=('build',))
[0.208s] Level 1:colcon.colcon_core.package_discovery:discover_packages(colcon_meta) check parameters
[0.208s] Level 1:colcon.colcon_core.package_discovery:discover_packages(recursive) check parameters
[0.208s] Level 1:colcon.colcon_core.package_discovery:discover_packages(ignore) check parameters
[0.208s] Level 1:colcon.colcon_core.package_discovery:discover_packages(path) check parameters
[0.208s] Level 1:colcon.colcon_core.package_discovery:discover_packages(colcon_meta) discover
[0.208s] Level 1:colcon.colcon_core.package_discovery:discover_packages(recursive) discover
[0.208s] INFO:colcon.colcon_core.package_discovery:Crawling recursively for packages in '/home/pavel/ws_ros2'
[0.208s] Level 1:colcon.colcon_core.package_identification:_identify(.) by extensions ['ignore', 'ignore_ament_install']
[0.208s] Level 1:colcon.colcon_core.package_identification:_identify(.) by extension 'ignore'
[0.208s] Level 1:colcon.colcon_core.package_identification:_identify(.) by extension 'ignore_ament_install'
[0.208s] Level 1:colcon.colcon_core.package_identification:_identify(.) by extensions ['colcon_pkg']
[0.208s] Level 1:colcon.colcon_core.package_identification:_identify(.) by extension 'colcon_pkg'
[0.209s] Level 1:colcon.colcon_core.package_identification:_identify(.) by extensions ['colcon_meta']
[0.209s] Level 1:colcon.colcon_core.package_identification:_identify(.) by extension 'colcon_meta'
[0.209s] Level 1:colcon.colcon_core.package_identification:_identify(.) by extensions ['ros']
[0.209s] Level 1:colcon.colcon_core.package_identification:_identify(.) by extension 'ros'
[0.226s] Level 1:colcon.colcon_core.package_identification:_identify(.) by extensions ['cmake', 'python']
[0.226s] Level 1:colcon.colcon_core.package_identification:_identify(.) by extension 'cmake'
[0.226s] Level 1:colcon.colcon_core.package_identification:_identify(.) by extension 'python'
[0.226s] Level 1:colcon.colcon_core.package_identification:_identify(.) by extensions ['python_setup_py']
[0.226s] Level 1:colcon.colcon_core.package_identification:_identify(.) by extension 'python_setup_py'
[0.227s] Level 1:colcon.colcon_core.package_identification:_identify(build) by extensions ['ignore', 'ignore_ament_install']
[0.227s] Level 1:colcon.colcon_core.package_identification:_identify(build) by extension 'ignore'
[0.227s] Level 1:colcon.colcon_core.package_identification:_identify(build) ignored
[0.227s] Level 1:colcon.colcon_core.package_identification:_identify(install) by extensions ['ignore', 'ignore_ament_install']
[0.227s] Level 1:colcon.colcon_core.package_identification:_identify(install) by extension 'ignore'
[0.227s] Level 1:colcon.colcon_core.package_identification:_identify(install) ignored
[0.227s] Level 1:colcon.colcon_core.package_identification:_identify(log) by extensions ['ignore', 'ignore_ament_install']
[0.227s] Level 1:colcon.colcon_core.package_identification:_identify(log) by extension 'ignore'
[0.227s] Level 1:colcon.colcon_core.package_identification:_identify(log) ignored
[0.227s] Level 1:colcon.colcon_core.package_identification:_identify(src) by extensions ['ignore', 'ignore_ament_install']
[0.227s] Level 1:colcon.colcon_core.package_identification:_identify(src) by extension 'ignore'
[0.228s] Level 1:colcon.colcon_core.package_identification:_identify(src) by extension 'ignore_ament_install'
[0.228s] Level 1:colcon.colcon_core.package_identification:_identify(src) by extensions ['colcon_pkg']
[0.228s] Level 1:colcon.colcon_core.package_identification:_identify(src) by extension 'colcon_pkg'
[0.228s] Level 1:colcon.colcon_core.package_identification:_identify(src) by extensions ['colcon_meta']
[0.228s] Level 1:colcon.colcon_core.package_identification:_identify(src) by extension 'colcon_meta'
[0.228s] Level 1:colcon.colcon_core.package_identification:_identify(src) by extensions ['ros']
[0.228s] Level 1:colcon.colcon_core.package_identification:_identify(src) by extension 'ros'
[0.228s] Level 1:colcon.colcon_core.package_identification:_identify(src) by extensions ['cmake', 'python']
[0.228s] Level 1:colcon.colcon_core.package_identification:_identify(src) by extension 'cmake'
[0.228s] Level 1:colcon.colcon_core.package_identification:_identify(src) by extension 'python'
[0.228s] Level 1:colcon.colcon_core.package_identification:_identify(src) by extensions ['python_setup_py']
[0.228s] Level 1:colcon.colcon_core.package_identification:_identify(src) by extension 'python_setup_py'
[0.228s] Level 1:colcon.colcon_core.package_identification:_identify(src/px4_msgs) by extensions ['ignore', 'ignore_ament_install']
[0.228s] Level 1:colcon.colcon_core.package_identification:_identify(src/px4_msgs) by extension 'ignore'
[0.228s] Level 1:colcon.colcon_core.package_identification:_identify(src/px4_msgs) by extension 'ignore_ament_install'
[0.228s] Level 1:colcon.colcon_core.package_identification:_identify(src/px4_msgs) by extensions ['colcon_pkg']
[0.228s] Level 1:colcon.colcon_core.package_identification:_identify(src/px4_msgs) by extension 'colcon_pkg'
[0.228s] Level 1:colcon.colcon_core.package_identification:_identify(src/px4_msgs) by extensions ['colcon_meta']
[0.228s] Level 1:colcon.colcon_core.package_identification:_identify(src/px4_msgs) by extension 'colcon_meta'
[0.228s] Level 1:colcon.colcon_core.package_identification:_identify(src/px4_msgs) by extensions ['ros']
[0.228s] Level 1:colcon.colcon_core.package_identification:_identify(src/px4_msgs) by extension 'ros'
[0.231s] DEBUG:colcon.colcon_core.package_identification:Package 'src/px4_msgs' with type 'ros.ament_cmake' and name 'px4_msgs'
[0.232s] Level 1:colcon.colcon_core.package_identification:_identify(src/px4_ros_com) by extensions ['ignore', 'ignore_ament_install']
[0.232s] Level 1:colcon.colcon_core.package_identification:_identify(src/px4_ros_com) by extension 'ignore'
[0.232s] Level 1:colcon.colcon_core.package_identification:_identify(src/px4_ros_com) by extension 'ignore_ament_install'
[0.232s] Level 1:colcon.colcon_core.package_identification:_identify(src/px4_ros_com) by extensions ['colcon_pkg']
[0.232s] Level 1:colcon.colcon_core.package_identification:_identify(src/px4_ros_com) by extension 'colcon_pkg'
[0.232s] Level 1:colcon.colcon_core.package_identification:_identify(src/px4_ros_com) by extensions ['colcon_meta']
[0.232s] Level 1:colcon.colcon_core.package_identification:_identify(src/px4_ros_com) by extension 'colcon_meta'
[0.232s] Level 1:colcon.colcon_core.package_identification:_identify(src/px4_ros_com) by extensions ['ros']
[0.232s] Level 1:colcon.colcon_core.package_identification:_identify(src/px4_ros_com) by extension 'ros'
[0.234s] DEBUG:colcon.colcon_core.package_identification:Package 'src/px4_ros_com' with type 'ros.ament_cmake' and name 'px4_ros_com'
[0.234s] Level 1:colcon.colcon_core.package_discovery:discover_packages(recursive) using defaults
[0.234s] Level 1:colcon.colcon_core.package_discovery:discover_packages(ignore) discover
[0.234s] Level 1:colcon.colcon_core.package_discovery:discover_packages(ignore) using defaults
[0.234s] Level 1:colcon.colcon_core.package_discovery:discover_packages(path) discover
[0.234s] Level 1:colcon.colcon_core.package_discovery:discover_packages(path) using defaults
[0.259s] Level 1:colcon.colcon_core.package_discovery:discover_packages(prefix_path) check parameters
[0.259s] Level 1:colcon.colcon_core.package_discovery:discover_packages(prefix_path) discover
[0.262s] DEBUG:colcon.colcon_installed_package_information.package_discovery:Found 2 installed packages in /home/pavel/ws_ros2/install
[0.264s] DEBUG:colcon.colcon_installed_package_information.package_discovery:Found 292 installed packages in /opt/ros/humble
[0.266s] Level 1:colcon.colcon_core.package_discovery:discover_packages(prefix_path) using defaults
[0.319s] Level 5:colcon.colcon_core.verb:set package 'px4_msgs' build argument 'cmake_args' from command line to 'None'
[0.319s] Level 5:colcon.colcon_core.verb:set package 'px4_msgs' build argument 'cmake_target' from command line to 'None'
[0.319s] Level 5:colcon.colcon_core.verb:set package 'px4_msgs' build argument 'cmake_target_skip_unavailable' from command line to 'False'
[0.320s] Level 5:colcon.colcon_core.verb:set package 'px4_msgs' build argument 'cmake_clean_cache' from command line to 'False'
[0.320s] Level 5:colcon.colcon_core.verb:set package 'px4_msgs' build argument 'cmake_clean_first' from command line to 'False'
[0.320s] Level 5:colcon.colcon_core.verb:set package 'px4_msgs' build argument 'cmake_force_configure' from command line to 'False'
[0.320s] Level 5:colcon.colcon_core.verb:set package 'px4_msgs' build argument 'ament_cmake_args' from command line to 'None'
[0.320s] Level 5:colcon.colcon_core.verb:set package 'px4_msgs' build argument 'catkin_cmake_args' from command line to 'None'
[0.320s] Level 5:colcon.colcon_core.verb:set package 'px4_msgs' build argument 'catkin_skip_building_tests' from command line to 'False'
[0.320s] DEBUG:colcon.colcon_core.verb:Building package 'px4_msgs' with the following arguments: {'ament_cmake_args': None, 'build_base': '/home/pavel/ws_ros2/build/px4_msgs', 'catkin_cmake_args': None, 'catkin_skip_building_tests': False, 'cmake_args': None, 'cmake_clean_cache': False, 'cmake_clean_first': False, 'cmake_force_configure': False, 'cmake_target': None, 'cmake_target_skip_unavailable': False, 'install_base': '/home/pavel/ws_ros2/install/px4_msgs', 'merge_install': False, 'path': '/home/pavel/ws_ros2/src/px4_msgs', 'symlink_install': False, 'test_result_base': None}
[0.320s] Level 5:colcon.colcon_core.verb:set package 'px4_ros_com' build argument 'cmake_args' from command line to 'None'
[0.320s] Level 5:colcon.colcon_core.verb:set package 'px4_ros_com' build argument 'cmake_target' from command line to 'None'
[0.320s] Level 5:colcon.colcon_core.verb:set package 'px4_ros_com' build argument 'cmake_target_skip_unavailable' from command line to 'False'
[0.320s] Level 5:colcon.colcon_core.verb:set package 'px4_ros_com' build argument 'cmake_clean_cache' from command line to 'False'
[0.320s] Level 5:colcon.colcon_core.verb:set package 'px4_ros_com' build argument 'cmake_clean_first' from command line to 'False'
[0.320s] Level 5:colcon.colcon_core.verb:set package 'px4_ros_com' build argument 'cmake_force_configure' from command line to 'False'
[0.320s] Level 5:colcon.colcon_core.verb:set package 'px4_ros_com' build argument 'ament_cmake_args' from command line to 'None'
[0.320s] Level 5:colcon.colcon_core.verb:set package 'px4_ros_com' build argument 'catkin_cmake_args' from command line to 'None'
[0.320s] Level 5:colcon.colcon_core.verb:set package 'px4_ros_com' build argument 'catkin_skip_building_tests' from command line to 'False'
[0.320s] DEBUG:colcon.colcon_core.verb:Building package 'px4_ros_com' with the following arguments: {'ament_cmake_args': None, 'build_base': '/home/pavel/ws_ros2/build/px4_ros_com', 'catkin_cmake_args': None, 'catkin_skip_building_tests': False, 'cmake_args': None, 'cmake_clean_cache': False, 'cmake_clean_first': False, 'cmake_force_configure': False, 'cmake_target': None, 'cmake_target_skip_unavailable': False, 'install_base': '/home/pavel/ws_ros2/install/px4_ros_com', 'merge_install': False, 'path': '/home/pavel/ws_ros2/src/px4_ros_com', 'symlink_install': False, 'test_result_base': None}
[0.321s] INFO:colcon.colcon_core.executor:Executing jobs using 'parallel' executor
[0.322s] DEBUG:colcon.colcon_parallel_executor.executor.parallel:run_until_complete
[0.322s] INFO:colcon.colcon_ros.task.ament_cmake.build:Building ROS package in '/home/pavel/ws_ros2/src/px4_msgs' with build type 'ament_cmake'
[0.322s] INFO:colcon.colcon_cmake.task.cmake.build:Building CMake package in '/home/pavel/ws_ros2/src/px4_msgs'
[0.326s] INFO:colcon.colcon_core.plugin_system:Skipping extension 'colcon_core.shell.bat': Not used on non-Windows systems
[0.326s] INFO:colcon.colcon_core.shell:Skip shell extension 'powershell' for command environment: Not usable outside of PowerShell
[0.326s] DEBUG:colcon.colcon_core.shell:Skip shell extension 'dsv' for command environment
[0.335s] DEBUG:colcon.colcon_core.event_handler.log_command:Invoking command in '/home/pavel/ws_ros2/build/px4_msgs': CMAKE_PREFIX_PATH=${CMAKE_PREFIX_PATH}:/opt/ros/humble /usr/bin/cmake --build /home/pavel/ws_ros2/build/px4_msgs -- -j12 -l12
[1.607s] DEBUG:colcon.colcon_core.event_handler.log_command:Invoked command in '/home/pavel/ws_ros2/build/px4_msgs' returned '0': CMAKE_PREFIX_PATH=${CMAKE_PREFIX_PATH}:/opt/ros/humble /usr/bin/cmake --build /home/pavel/ws_ros2/build/px4_msgs -- -j12 -l12
[7.479s] DEBUG:colcon.colcon_core.event_handler.log_command:Invoking command in '/home/pavel/ws_ros2/build/px4_msgs': CMAKE_PREFIX_PATH=${CMAKE_PREFIX_PATH}:/opt/ros/humble /usr/bin/cmake --install /home/pavel/ws_ros2/build/px4_msgs
[8.052s] Level 1:colcon.colcon_core.environment:create_environment_scripts_only(px4_msgs)
[8.063s] Level 1:colcon.colcon_core.environment:checking '/home/pavel/ws_ros2/install/px4_msgs' for CMake module files
[8.069s] Level 1:colcon.colcon_core.environment:checking '/home/pavel/ws_ros2/install/px4_msgs' for CMake config files
[8.075s] DEBUG:colcon.colcon_core.event_handler.log_command:Invoked command in '/home/pavel/ws_ros2/build/px4_msgs' returned '0': CMAKE_PREFIX_PATH=${CMAKE_PREFIX_PATH}:/opt/ros/humble /usr/bin/cmake --install /home/pavel/ws_ros2/build/px4_msgs
[8.077s] Level 1:colcon.colcon_core.shell:create_environment_hook('px4_msgs', 'cmake_prefix_path')
[8.077s] INFO:colcon.colcon_core.shell:Creating environment hook '/home/pavel/ws_ros2/install/px4_msgs/share/px4_msgs/hook/cmake_prefix_path.ps1'
[8.079s] INFO:colcon.colcon_core.shell:Creating environment descriptor '/home/pavel/ws_ros2/install/px4_msgs/share/px4_msgs/hook/cmake_prefix_path.dsv'
[8.080s] INFO:colcon.colcon_core.shell:Creating environment hook '/home/pavel/ws_ros2/install/px4_msgs/share/px4_msgs/hook/cmake_prefix_path.sh'
[8.081s] Level 1:colcon.colcon_core.environment:checking '/home/pavel/ws_ros2/install/px4_msgs/lib'
[8.082s] Level 1:colcon.colcon_core.shell:create_environment_hook('px4_msgs', 'ld_library_path_lib')
[8.082s] INFO:colcon.colcon_core.shell:Creating environment hook '/home/pavel/ws_ros2/install/px4_msgs/share/px4_msgs/hook/ld_library_path_lib.ps1'
[8.083s] INFO:colcon.colcon_core.shell:Creating environment descriptor '/home/pavel/ws_ros2/install/px4_msgs/share/px4_msgs/hook/ld_library_path_lib.dsv'
[8.083s] INFO:colcon.colcon_core.shell:Creating environment hook '/home/pavel/ws_ros2/install/px4_msgs/share/px4_msgs/hook/ld_library_path_lib.sh'
[8.084s] Level 1:colcon.colcon_core.environment:checking '/home/pavel/ws_ros2/install/px4_msgs/bin'
[8.084s] Level 1:colcon.colcon_core.environment:checking '/home/pavel/ws_ros2/install/px4_msgs/lib/pkgconfig/px4_msgs.pc'
[8.084s] Level 1:colcon.colcon_core.environment:checking '/home/pavel/ws_ros2/install/px4_msgs/lib/python3.10/site-packages'
[8.084s] Level 1:colcon.colcon_core.environment:checking '/home/pavel/ws_ros2/install/px4_msgs/bin'
[8.085s] INFO:colcon.colcon_core.shell:Creating package script '/home/pavel/ws_ros2/install/px4_msgs/share/px4_msgs/package.ps1'
[8.086s] INFO:colcon.colcon_core.shell:Creating package descriptor '/home/pavel/ws_ros2/install/px4_msgs/share/px4_msgs/package.dsv'
[8.087s] INFO:colcon.colcon_core.shell:Creating package script '/home/pavel/ws_ros2/install/px4_msgs/share/px4_msgs/package.sh'
[8.088s] INFO:colcon.colcon_core.shell:Creating package script '/home/pavel/ws_ros2/install/px4_msgs/share/px4_msgs/package.bash'
[8.089s] INFO:colcon.colcon_core.shell:Creating package script '/home/pavel/ws_ros2/install/px4_msgs/share/px4_msgs/package.zsh'
[8.090s] Level 1:colcon.colcon_core.environment:create_file_with_runtime_dependencies(/home/pavel/ws_ros2/install/px4_msgs/share/colcon-core/packages/px4_msgs)
[14.195s] Level 1:colcon.colcon_core.environment:create_environment_scripts_only(px4_msgs)
[14.196s] Level 1:colcon.colcon_core.environment:checking '/home/pavel/ws_ros2/install/px4_msgs' for CMake module files
[14.197s] Level 1:colcon.colcon_core.environment:checking '/home/pavel/ws_ros2/install/px4_msgs' for CMake config files
[14.199s] Level 1:colcon.colcon_core.shell:create_environment_hook('px4_msgs', 'cmake_prefix_path')
[14.200s] INFO:colcon.colcon_core.shell:Creating environment hook '/home/pavel/ws_ros2/install/px4_msgs/share/px4_msgs/hook/cmake_prefix_path.ps1'
[14.201s] INFO:colcon.colcon_core.shell:Creating environment descriptor '/home/pavel/ws_ros2/install/px4_msgs/share/px4_msgs/hook/cmake_prefix_path.dsv'
[14.201s] INFO:colcon.colcon_core.shell:Creating environment hook '/home/pavel/ws_ros2/install/px4_msgs/share/px4_msgs/hook/cmake_prefix_path.sh'
[14.202s] Level 1:colcon.colcon_core.environment:checking '/home/pavel/ws_ros2/install/px4_msgs/lib'
[14.202s] Level 1:colcon.colcon_core.shell:create_environment_hook('px4_msgs', 'ld_library_path_lib')
[14.202s] INFO:colcon.colcon_core.shell:Creating environment hook '/home/pavel/ws_ros2/install/px4_msgs/share/px4_msgs/hook/ld_library_path_lib.ps1'
[14.202s] INFO:colcon.colcon_core.shell:Creating environment descriptor '/home/pavel/ws_ros2/install/px4_msgs/share/px4_msgs/hook/ld_library_path_lib.dsv'
[14.203s] INFO:colcon.colcon_core.shell:Creating environment hook '/home/pavel/ws_ros2/install/px4_msgs/share/px4_msgs/hook/ld_library_path_lib.sh'
[14.203s] Level 1:colcon.colcon_core.environment:checking '/home/pavel/ws_ros2/install/px4_msgs/bin'
[14.203s] Level 1:colcon.colcon_core.environment:checking '/home/pavel/ws_ros2/install/px4_msgs/lib/pkgconfig/px4_msgs.pc'
[14.203s] Level 1:colcon.colcon_core.environment:checking '/home/pavel/ws_ros2/install/px4_msgs/lib/python3.10/site-packages'
[14.204s] Level 1:colcon.colcon_core.environment:checking '/home/pavel/ws_ros2/install/px4_msgs/bin'
[14.204s] INFO:colcon.colcon_core.shell:Creating package script '/home/pavel/ws_ros2/install/px4_msgs/share/px4_msgs/package.ps1'
[14.205s] INFO:colcon.colcon_core.shell:Creating package descriptor '/home/pavel/ws_ros2/install/px4_msgs/share/px4_msgs/package.dsv'
[14.205s] INFO:colcon.colcon_core.shell:Creating package script '/home/pavel/ws_ros2/install/px4_msgs/share/px4_msgs/package.sh'
[14.206s] INFO:colcon.colcon_core.shell:Creating package script '/home/pavel/ws_ros2/install/px4_msgs/share/px4_msgs/package.bash'
[14.207s] INFO:colcon.colcon_core.shell:Creating package script '/home/pavel/ws_ros2/install/px4_msgs/share/px4_msgs/package.zsh'
[14.207s] Level 1:colcon.colcon_core.environment:create_file_with_runtime_dependencies(/home/pavel/ws_ros2/install/px4_msgs/share/colcon-core/packages/px4_msgs)
[14.208s] INFO:colcon.colcon_ros.task.ament_cmake.build:Building ROS package in '/home/pavel/ws_ros2/src/px4_ros_com' with build type 'ament_cmake'
[14.208s] INFO:colcon.colcon_cmake.task.cmake.build:Building CMake package in '/home/pavel/ws_ros2/src/px4_ros_com'
[14.209s] INFO:colcon.colcon_core.shell:Skip shell extension 'powershell' for command environment: Not usable outside of PowerShell
[14.209s] DEBUG:colcon.colcon_core.shell:Skip shell extension 'dsv' for command environment
[14.223s] DEBUG:colcon.colcon_core.event_handler.log_command:Invoking command in '/home/pavel/ws_ros2/build/px4_ros_com': CMAKE_PREFIX_PATH=/home/pavel/ws_ros2/install/px4_msgs:/home/pavel/ws_ros2/install/px4_ros_com:/opt/ros/humble LD_LIBRARY_PATH=/home/pavel/ws_ros2/install/px4_msgs/lib:/home/pavel/ws_ros2/install/px4_ros_com/lib:/usr/lib/x86_64-linux-gnu/gazebo-11/plugins:/opt/ros/humble/opt/rviz_ogre_vendor/lib:/opt/ros/humble/lib/x86_64-linux-gnu:/opt/ros/humble/lib /usr/bin/cmake --build /home/pavel/ws_ros2/build/px4_ros_com -- -j12 -l12
[17.926s] DEBUG:colcon.colcon_core.event_handler.log_command:Invoked command in '/home/pavel/ws_ros2/build/px4_ros_com' returned '0': CMAKE_PREFIX_PATH=/home/pavel/ws_ros2/install/px4_msgs:/home/pavel/ws_ros2/install/px4_ros_com:/opt/ros/humble LD_LIBRARY_PATH=/home/pavel/ws_ros2/install/px4_msgs/lib:/home/pavel/ws_ros2/install/px4_ros_com/lib:/usr/lib/x86_64-linux-gnu/gazebo-11/plugins:/opt/ros/humble/opt/rviz_ogre_vendor/lib:/opt/ros/humble/lib/x86_64-linux-gnu:/opt/ros/humble/lib /usr/bin/cmake --build /home/pavel/ws_ros2/build/px4_ros_com -- -j12 -l12
[17.980s] DEBUG:colcon.colcon_core.event_handler.log_command:Invoking command in '/home/pavel/ws_ros2/build/px4_ros_com': CMAKE_PREFIX_PATH=/home/pavel/ws_ros2/install/px4_msgs:/home/pavel/ws_ros2/install/px4_ros_com:/opt/ros/humble LD_LIBRARY_PATH=/home/pavel/ws_ros2/install/px4_msgs/lib:/home/pavel/ws_ros2/install/px4_ros_com/lib:/usr/lib/x86_64-linux-gnu/gazebo-11/plugins:/opt/ros/humble/opt/rviz_ogre_vendor/lib:/opt/ros/humble/lib/x86_64-linux-gnu:/opt/ros/humble/lib /usr/bin/cmake --install /home/pavel/ws_ros2/build/px4_ros_com
[18.049s] Level 1:colcon.colcon_core.environment:create_environment_scripts_only(px4_ros_com)
[18.049s] Level 1:colcon.colcon_core.environment:checking '/home/pavel/ws_ros2/install/px4_ros_com' for CMake module files
[18.050s] DEBUG:colcon.colcon_core.event_handler.log_command:Invoked command in '/home/pavel/ws_ros2/build/px4_ros_com' returned '0': CMAKE_PREFIX_PATH=/home/pavel/ws_ros2/install/px4_msgs:/home/pavel/ws_ros2/install/px4_ros_com:/opt/ros/humble LD_LIBRARY_PATH=/home/pavel/ws_ros2/install/px4_msgs/lib:/home/pavel/ws_ros2/install/px4_ros_com/lib:/usr/lib/x86_64-linux-gnu/gazebo-11/plugins:/opt/ros/humble/opt/rviz_ogre_vendor/lib:/opt/ros/humble/lib/x86_64-linux-gnu:/opt/ros/humble/lib /usr/bin/cmake --install /home/pavel/ws_ros2/build/px4_ros_com
[18.051s] Level 1:colcon.colcon_core.environment:checking '/home/pavel/ws_ros2/install/px4_ros_com' for CMake config files
[18.051s] Level 1:colcon.colcon_core.shell:create_environment_hook('px4_ros_com', 'cmake_prefix_path')
[18.052s] INFO:colcon.colcon_core.shell:Creating environment hook '/home/pavel/ws_ros2/install/px4_ros_com/share/px4_ros_com/hook/cmake_prefix_path.ps1'
[18.052s] INFO:colcon.colcon_core.shell:Creating environment descriptor '/home/pavel/ws_ros2/install/px4_ros_com/share/px4_ros_com/hook/cmake_prefix_path.dsv'
[18.053s] INFO:colcon.colcon_core.shell:Creating environment hook '/home/pavel/ws_ros2/install/px4_ros_com/share/px4_ros_com/hook/cmake_prefix_path.sh'
[18.054s] Level 1:colcon.colcon_core.environment:checking '/home/pavel/ws_ros2/install/px4_ros_com/lib'
[18.054s] Level 1:colcon.colcon_core.shell:create_environment_hook('px4_ros_com', 'ld_library_path_lib')
[18.054s] INFO:colcon.colcon_core.shell:Creating environment hook '/home/pavel/ws_ros2/install/px4_ros_com/share/px4_ros_com/hook/ld_library_path_lib.ps1'
[18.055s] INFO:colcon.colcon_core.shell:Creating environment descriptor '/home/pavel/ws_ros2/install/px4_ros_com/share/px4_ros_com/hook/ld_library_path_lib.dsv'
[18.055s] INFO:colcon.colcon_core.shell:Creating environment hook '/home/pavel/ws_ros2/install/px4_ros_com/share/px4_ros_com/hook/ld_library_path_lib.sh'
[18.056s] Level 1:colcon.colcon_core.environment:checking '/home/pavel/ws_ros2/install/px4_ros_com/bin'
[18.056s] Level 1:colcon.colcon_core.environment:checking '/home/pavel/ws_ros2/install/px4_ros_com/lib/pkgconfig/px4_ros_com.pc'
[18.056s] Level 1:colcon.colcon_core.environment:checking '/home/pavel/ws_ros2/install/px4_ros_com/lib/python3.10/site-packages'
[18.057s] Level 1:colcon.colcon_core.environment:checking '/home/pavel/ws_ros2/install/px4_ros_com/bin'
[18.057s] INFO:colcon.colcon_core.shell:Creating package script '/home/pavel/ws_ros2/install/px4_ros_com/share/px4_ros_com/package.ps1'
[18.058s] INFO:colcon.colcon_core.shell:Creating package descriptor '/home/pavel/ws_ros2/install/px4_ros_com/share/px4_ros_com/package.dsv'
[18.059s] INFO:colcon.colcon_core.shell:Creating package script '/home/pavel/ws_ros2/install/px4_ros_com/share/px4_ros_com/package.sh'
[18.059s] INFO:colcon.colcon_core.shell:Creating package script '/home/pavel/ws_ros2/install/px4_ros_com/share/px4_ros_com/package.bash'
[18.060s] INFO:colcon.colcon_core.shell:Creating package script '/home/pavel/ws_ros2/install/px4_ros_com/share/px4_ros_com/package.zsh'
[18.060s] Level 1:colcon.colcon_core.environment:create_file_with_runtime_dependencies(/home/pavel/ws_ros2/install/px4_ros_com/share/colcon-core/packages/px4_ros_com)
[18.114s] Level 1:colcon.colcon_core.environment:create_environment_scripts_only(px4_ros_com)
[18.114s] Level 1:colcon.colcon_core.environment:checking '/home/pavel/ws_ros2/install/px4_ros_com' for CMake module files
[18.115s] Level 1:colcon.colcon_core.environment:checking '/home/pavel/ws_ros2/install/px4_ros_com' for CMake config files
[18.116s] Level 1:colcon.colcon_core.shell:create_environment_hook('px4_ros_com', 'cmake_prefix_path')
[18.116s] INFO:colcon.colcon_core.shell:Creating environment hook '/home/pavel/ws_ros2/install/px4_ros_com/share/px4_ros_com/hook/cmake_prefix_path.ps1'
[18.117s] INFO:colcon.colcon_core.shell:Creating environment descriptor '/home/pavel/ws_ros2/install/px4_ros_com/share/px4_ros_com/hook/cmake_prefix_path.dsv'
[18.118s] INFO:colcon.colcon_core.shell:Creating environment hook '/home/pavel/ws_ros2/install/px4_ros_com/share/px4_ros_com/hook/cmake_prefix_path.sh'
[18.119s] Level 1:colcon.colcon_core.environment:checking '/home/pavel/ws_ros2/install/px4_ros_com/lib'
[18.119s] Level 1:colcon.colcon_core.shell:create_environment_hook('px4_ros_com', 'ld_library_path_lib')
[18.119s] INFO:colcon.colcon_core.shell:Creating environment hook '/home/pavel/ws_ros2/install/px4_ros_com/share/px4_ros_com/hook/ld_library_path_lib.ps1'
[18.120s] INFO:colcon.colcon_core.shell:Creating environment descriptor '/home/pavel/ws_ros2/install/px4_ros_com/share/px4_ros_com/hook/ld_library_path_lib.dsv'
[18.120s] INFO:colcon.colcon_core.shell:Creating environment hook '/home/pavel/ws_ros2/install/px4_ros_com/share/px4_ros_com/hook/ld_library_path_lib.sh'
[18.121s] Level 1:colcon.colcon_core.environment:checking '/home/pavel/ws_ros2/install/px4_ros_com/bin'
[18.121s] Level 1:colcon.colcon_core.environment:checking '/home/pavel/ws_ros2/install/px4_ros_com/lib/pkgconfig/px4_ros_com.pc'
[18.121s] Level 1:colcon.colcon_core.environment:checking '/home/pavel/ws_ros2/install/px4_ros_com/lib/python3.10/site-packages'
[18.122s] Level 1:colcon.colcon_core.environment:checking '/home/pavel/ws_ros2/install/px4_ros_com/bin'
[18.122s] INFO:colcon.colcon_core.shell:Creating package script '/home/pavel/ws_ros2/install/px4_ros_com/share/px4_ros_com/package.ps1'
[18.123s] INFO:colcon.colcon_core.shell:Creating package descriptor '/home/pavel/ws_ros2/install/px4_ros_com/share/px4_ros_com/package.dsv'
[18.124s] INFO:colcon.colcon_core.shell:Creating package script '/home/pavel/ws_ros2/install/px4_ros_com/share/px4_ros_com/package.sh'
[18.124s] INFO:colcon.colcon_core.shell:Creating package script '/home/pavel/ws_ros2/install/px4_ros_com/share/px4_ros_com/package.bash'
[18.125s] INFO:colcon.colcon_core.shell:Creating package script '/home/pavel/ws_ros2/install/px4_ros_com/share/px4_ros_com/package.zsh'
[18.126s] Level 1:colcon.colcon_core.environment:create_file_with_runtime_dependencies(/home/pavel/ws_ros2/install/px4_ros_com/share/colcon-core/packages/px4_ros_com)
[18.126s] DEBUG:colcon.colcon_parallel_executor.executor.parallel:closing loop
[18.127s] DEBUG:colcon.colcon_parallel_executor.executor.parallel:loop closed
[18.127s] DEBUG:colcon.colcon_parallel_executor.executor.parallel:run_until_complete finished with '0'
[18.127s] DEBUG:colcon.colcon_core.event_reactor:joining thread
[18.133s] INFO:colcon.colcon_core.plugin_system:Skipping extension 'colcon_notification.desktop_notification.terminal_notifier': Not used on non-Darwin systems
[18.133s] INFO:colcon.colcon_core.plugin_system:Skipping extension 'colcon_notification.desktop_notification.win32': Not used on non-Windows systems
[18.133s] INFO:colcon.colcon_notification.desktop_notification:Sending desktop notification using 'notify2'
[18.152s] DEBUG:colcon.colcon_core.event_reactor:joined thread
[18.153s] INFO:colcon.colcon_core.shell:Creating prefix script '/home/pavel/ws_ros2/install/local_setup.ps1'
[18.155s] INFO:colcon.colcon_core.shell:Creating prefix util module '/home/pavel/ws_ros2/install/_local_setup_util_ps1.py'
[18.158s] INFO:colcon.colcon_core.shell:Creating prefix chain script '/home/pavel/ws_ros2/install/setup.ps1'
[18.160s] INFO:colcon.colcon_core.shell:Creating prefix script '/home/pavel/ws_ros2/install/local_setup.sh'
[18.161s] INFO:colcon.colcon_core.shell:Creating prefix util module '/home/pavel/ws_ros2/install/_local_setup_util_sh.py'
[18.162s] INFO:colcon.colcon_core.shell:Creating prefix chain script '/home/pavel/ws_ros2/install/setup.sh'
[18.164s] INFO:colcon.colcon_core.shell:Creating prefix script '/home/pavel/ws_ros2/install/local_setup.bash'
[18.165s] INFO:colcon.colcon_core.shell:Creating prefix chain script '/home/pavel/ws_ros2/install/setup.bash'
[18.167s] INFO:colcon.colcon_core.shell:Creating prefix script '/home/pavel/ws_ros2/install/local_setup.zsh'
[18.168s] INFO:colcon.colcon_core.shell:Creating prefix chain script '/home/pavel/ws_ros2/install/setup.zsh'
