[0.010s] Invoking command in '/home/pavel/ws_ros2/build/px4_ros_com': AMENT_PREFIX_PATH=/home/pavel/ws_ros2/install/px4_msgs:${AMENT_PREFIX_PATH} CMAKE_PREFIX_PATH=/home/pavel/ws_ros2/install/px4_msgs:/opt/ros/humble LD_LIBRARY_PATH=/home/pavel/ws_ros2/install/px4_msgs/lib:${LD_LIBRARY_PATH} PYTHONPATH=/home/pavel/ws_ros2/install/px4_msgs/local/lib/python3.10/dist-packages:${PYTHONPATH} /usr/bin/cmake --build /home/pavel/ws_ros2/build/px4_ros_com -- -j12 -l12
[0.075s] [  0%] Built target ament_cmake_python_copy_px4_ros_com
[0.077s] [ 33%] [32mBuilding CXX object CMakeFiles/offboard_control.dir/src/examples/offboard/offboard_control.cpp.o[0m
[0.077s] [ 33%] [32mBuilding CXX object CMakeFiles/vehicle_gps_position_listener.dir/src/examples/listeners/vehicle_gps_position_listener.cpp.o[0m
[0.078s] [ 33%] [32mBuilding CXX object CMakeFiles/sensor_combined_listener.dir/src/examples/listeners/sensor_combined_listener.cpp.o[0m
[0.078s] [ 33%] [32mBuilding CXX object CMakeFiles/debug_vect_advertiser.dir/src/examples/advertisers/debug_vect_advertiser.cpp.o[0m
[0.078s] [ 41%] [32mBuilding CXX object CMakeFiles/offboard_control_srv.dir/src/examples/offboard/offboard_control_srv.cpp.o[0m
[0.081s] [ 50%] [32mBuilding CXX object CMakeFiles/frame_transforms.dir/src/lib/frame_transforms.cpp.o[0m
[0.304s] running egg_info
[0.325s] writing px4_ros_com.egg-info/PKG-INFO
[0.326s] writing dependency_links to px4_ros_com.egg-info/dependency_links.txt
[0.326s] writing top-level names to px4_ros_com.egg-info/top_level.txt
[0.385s] reading manifest file 'px4_ros_com.egg-info/SOURCES.txt'
[0.387s] writing manifest file 'px4_ros_com.egg-info/SOURCES.txt'
[0.416s] [ 50%] Built target ament_cmake_python_build_px4_ros_com_egg
[5.462s] [ 58%] [32m[1mLinking CXX executable debug_vect_advertiser[0m
[5.723s] [ 58%] Built target debug_vect_advertiser
[6.295s] [ 66%] [32m[1mLinking CXX executable offboard_control[0m
[6.556s] [ 66%] Built target offboard_control
[7.026s] [ 75%] [32m[1mLinking CXX executable offboard_control_srv[0m
[7.293s] [ 75%] Built target offboard_control_srv
[8.091s] [ 83%] [32m[1mLinking CXX shared library libframe_transforms.so[0m
[8.364s] [ 83%] Built target frame_transforms
[9.216s] [ 91%] [32m[1mLinking CXX executable vehicle_gps_position_listener[0m
[9.304s] [100%] [32m[1mLinking CXX executable sensor_combined_listener[0m
[9.571s] [100%] Built target vehicle_gps_position_listener
[9.651s] [100%] Built target sensor_combined_listener
[9.662s] Invoked command in '/home/pavel/ws_ros2/build/px4_ros_com' returned '0': AMENT_PREFIX_PATH=/home/pavel/ws_ros2/install/px4_msgs:${AMENT_PREFIX_PATH} CMAKE_PREFIX_PATH=/home/pavel/ws_ros2/install/px4_msgs:/opt/ros/humble LD_LIBRARY_PATH=/home/pavel/ws_ros2/install/px4_msgs/lib:${LD_LIBRARY_PATH} PYTHONPATH=/home/pavel/ws_ros2/install/px4_msgs/local/lib/python3.10/dist-packages:${PYTHONPATH} /usr/bin/cmake --build /home/pavel/ws_ros2/build/px4_ros_com -- -j12 -l12
[9.701s] Invoking command in '/home/pavel/ws_ros2/build/px4_ros_com': AMENT_PREFIX_PATH=/home/pavel/ws_ros2/install/px4_msgs:${AMENT_PREFIX_PATH} CMAKE_PREFIX_PATH=/home/pavel/ws_ros2/install/px4_msgs:/opt/ros/humble LD_LIBRARY_PATH=/home/pavel/ws_ros2/install/px4_msgs/lib:${LD_LIBRARY_PATH} PYTHONPATH=/home/pavel/ws_ros2/install/px4_msgs/local/lib/python3.10/dist-packages:${PYTHONPATH} /usr/bin/cmake --install /home/pavel/ws_ros2/build/px4_ros_com
[9.708s] -- Install configuration: ""
[9.710s] -- Installing: /home/pavel/ws_ros2/install/px4_ros_com/lib/px4_ros_com/sensor_combined_listener
[9.712s] -- Set runtime path of "/home/pavel/ws_ros2/install/px4_ros_com/lib/px4_ros_com/sensor_combined_listener" to ""
[9.713s] -- Installing: /home/pavel/ws_ros2/install/px4_ros_com/lib/px4_ros_com/vehicle_gps_position_listener
[9.716s] -- Set runtime path of "/home/pavel/ws_ros2/install/px4_ros_com/lib/px4_ros_com/vehicle_gps_position_listener" to ""
[9.717s] -- Installing: /home/pavel/ws_ros2/install/px4_ros_com/lib/px4_ros_com/debug_vect_advertiser
[9.718s] -- Set runtime path of "/home/pavel/ws_ros2/install/px4_ros_com/lib/px4_ros_com/debug_vect_advertiser" to ""
[9.719s] -- Installing: /home/pavel/ws_ros2/install/px4_ros_com/lib/px4_ros_com/offboard_control
[9.720s] -- Set runtime path of "/home/pavel/ws_ros2/install/px4_ros_com/lib/px4_ros_com/offboard_control" to ""
[9.721s] -- Installing: /home/pavel/ws_ros2/install/px4_ros_com/lib/px4_ros_com/offboard_control_srv
[9.723s] -- Set runtime path of "/home/pavel/ws_ros2/install/px4_ros_com/lib/px4_ros_com/offboard_control_srv" to ""
[9.723s] -- Up-to-date: /home/pavel/ws_ros2/install/px4_ros_com/share/px4_ros_com/environment/library_path.sh
[9.723s] -- Up-to-date: /home/pavel/ws_ros2/install/px4_ros_com/share/px4_ros_com/environment/library_path.dsv
[9.723s] -- Up-to-date: /home/pavel/ws_ros2/install/px4_ros_com/include/px4_ros_com
[9.724s] -- Up-to-date: /home/pavel/ws_ros2/install/px4_ros_com/include/px4_ros_com/frame_transforms.h
[9.724s] -- Installing: /home/pavel/ws_ros2/install/px4_ros_com/lib/libframe_transforms.so
[9.727s] -- Set runtime path of "/home/pavel/ws_ros2/install/px4_ros_com/lib/libframe_transforms.so" to ""
[9.727s] -- Up-to-date: /home/pavel/ws_ros2/install/px4_ros_com/share/px4_ros_com//launch
[9.728s] -- Up-to-date: /home/pavel/ws_ros2/install/px4_ros_com/share/px4_ros_com//launch/offboard_control_launch.yaml
[9.728s] -- Up-to-date: /home/pavel/ws_ros2/install/px4_ros_com/share/px4_ros_com//launch/sensor_combined_listener.launch.py
[9.728s] -- Up-to-date: /home/pavel/ws_ros2/install/px4_ros_com/share/px4_ros_com//test
[9.728s] -- Up-to-date: /home/pavel/ws_ros2/install/px4_ros_com/share/px4_ros_com//test/pipeline_io_test.py
[9.728s] -- Up-to-date: /home/pavel/ws_ros2/install/px4_ros_com/share/px4_ros_com//test/__init__.py
[9.728s] -- Up-to-date: /home/pavel/ws_ros2/install/px4_ros_com/share/px4_ros_com//test/test_input.py
[9.728s] -- Up-to-date: /home/pavel/ws_ros2/install/px4_ros_com/share/px4_ros_com//test/test_output.py
[9.728s] -- Up-to-date: /home/pavel/ws_ros2/install/px4_ros_com/share/px4_ros_com/environment/pythonpath.sh
[9.728s] -- Up-to-date: /home/pavel/ws_ros2/install/px4_ros_com/share/px4_ros_com/environment/pythonpath.dsv
[9.729s] -- Up-to-date: /home/pavel/ws_ros2/install/px4_ros_com/local/lib/python3.10/dist-packages/px4_ros_com-0.1.0-py3.10.egg-info
[9.729s] -- Installing: /home/pavel/ws_ros2/install/px4_ros_com/local/lib/python3.10/dist-packages/px4_ros_com-0.1.0-py3.10.egg-info/dependency_links.txt
[9.729s] -- Installing: /home/pavel/ws_ros2/install/px4_ros_com/local/lib/python3.10/dist-packages/px4_ros_com-0.1.0-py3.10.egg-info/PKG-INFO
[9.729s] -- Installing: /home/pavel/ws_ros2/install/px4_ros_com/local/lib/python3.10/dist-packages/px4_ros_com-0.1.0-py3.10.egg-info/top_level.txt
[9.729s] -- Installing: /home/pavel/ws_ros2/install/px4_ros_com/local/lib/python3.10/dist-packages/px4_ros_com-0.1.0-py3.10.egg-info/SOURCES.txt
[9.729s] -- Up-to-date: /home/pavel/ws_ros2/install/px4_ros_com/local/lib/python3.10/dist-packages/px4_ros_com
[9.729s] -- Up-to-date: /home/pavel/ws_ros2/install/px4_ros_com/local/lib/python3.10/dist-packages/px4_ros_com/__init__.py
[9.729s] -- Up-to-date: /home/pavel/ws_ros2/install/px4_ros_com/local/lib/python3.10/dist-packages/px4_ros_com/module_to_import.py
[9.758s] Listing '/home/pavel/ws_ros2/install/px4_ros_com/local/lib/python3.10/dist-packages/px4_ros_com'...
[9.761s] -- Up-to-date: /home/pavel/ws_ros2/install/px4_ros_com/lib/px4_ros_com/offboard_control.py
[9.762s] -- Up-to-date: /home/pavel/ws_ros2/install/px4_ros_com/lib/px4_ros_com/my_offboard_controller.py
[9.762s] -- Up-to-date: /home/pavel/ws_ros2/install/px4_ros_com/lib/px4_ros_com/detectarea_obstacolelor.py
[9.762s] -- Up-to-date: /home/pavel/ws_ros2/install/px4_ros_com/share/ament_index/resource_index/package_run_dependencies/px4_ros_com
[9.762s] -- Up-to-date: /home/pavel/ws_ros2/install/px4_ros_com/share/ament_index/resource_index/parent_prefix_path/px4_ros_com
[9.762s] -- Up-to-date: /home/pavel/ws_ros2/install/px4_ros_com/share/px4_ros_com/environment/ament_prefix_path.sh
[9.762s] -- Up-to-date: /home/pavel/ws_ros2/install/px4_ros_com/share/px4_ros_com/environment/ament_prefix_path.dsv
[9.762s] -- Up-to-date: /home/pavel/ws_ros2/install/px4_ros_com/share/px4_ros_com/environment/path.sh
[9.762s] -- Up-to-date: /home/pavel/ws_ros2/install/px4_ros_com/share/px4_ros_com/environment/path.dsv
[9.762s] -- Up-to-date: /home/pavel/ws_ros2/install/px4_ros_com/share/px4_ros_com/local_setup.bash
[9.763s] -- Up-to-date: /home/pavel/ws_ros2/install/px4_ros_com/share/px4_ros_com/local_setup.sh
[9.763s] -- Up-to-date: /home/pavel/ws_ros2/install/px4_ros_com/share/px4_ros_com/local_setup.zsh
[9.763s] -- Up-to-date: /home/pavel/ws_ros2/install/px4_ros_com/share/px4_ros_com/local_setup.dsv
[9.763s] -- Installing: /home/pavel/ws_ros2/install/px4_ros_com/share/px4_ros_com/package.dsv
[9.763s] -- Up-to-date: /home/pavel/ws_ros2/install/px4_ros_com/share/ament_index/resource_index/packages/px4_ros_com
[9.764s] -- Up-to-date: /home/pavel/ws_ros2/install/px4_ros_com/share/px4_ros_com/cmake/export_frame_transformsExport.cmake
[9.764s] -- Up-to-date: /home/pavel/ws_ros2/install/px4_ros_com/share/px4_ros_com/cmake/export_frame_transformsExport-noconfig.cmake
[9.764s] -- Up-to-date: /home/pavel/ws_ros2/install/px4_ros_com/share/px4_ros_com/cmake/ament_cmake_export_dependencies-extras.cmake
[9.764s] -- Up-to-date: /home/pavel/ws_ros2/install/px4_ros_com/share/px4_ros_com/cmake/ament_cmake_export_targets-extras.cmake
[9.764s] -- Up-to-date: /home/pavel/ws_ros2/install/px4_ros_com/share/px4_ros_com/cmake/ament_cmake_export_include_directories-extras.cmake
[9.764s] -- Up-to-date: /home/pavel/ws_ros2/install/px4_ros_com/share/px4_ros_com/cmake/ament_cmake_export_libraries-extras.cmake
[9.764s] -- Up-to-date: /home/pavel/ws_ros2/install/px4_ros_com/share/px4_ros_com/cmake/px4_ros_comConfig.cmake
[9.764s] -- Up-to-date: /home/pavel/ws_ros2/install/px4_ros_com/share/px4_ros_com/cmake/px4_ros_comConfig-version.cmake
[9.764s] -- Up-to-date: /home/pavel/ws_ros2/install/px4_ros_com/share/px4_ros_com/package.xml
[9.766s] Invoked command in '/home/pavel/ws_ros2/build/px4_ros_com' returned '0': AMENT_PREFIX_PATH=/home/pavel/ws_ros2/install/px4_msgs:${AMENT_PREFIX_PATH} CMAKE_PREFIX_PATH=/home/pavel/ws_ros2/install/px4_msgs:/opt/ros/humble LD_LIBRARY_PATH=/home/pavel/ws_ros2/install/px4_msgs/lib:${LD_LIBRARY_PATH} PYTHONPATH=/home/pavel/ws_ros2/install/px4_msgs/local/lib/python3.10/dist-packages:${PYTHONPATH} /usr/bin/cmake --install /home/pavel/ws_ros2/build/px4_ros_com
