[0.105s] DEBUG:colcon:Command line arguments: ['/usr/bin/colcon', 'build']
[0.105s] DEBUG:colcon:Parsed command line arguments: Namespace(log_base=None, log_level=None, verb_name='build', build_base='build', install_base='install', merge_install=False, symlink_install=False, test_result_base=None, continue_on_error=False, executor='parallel', parallel_workers=12, event_handlers=None, ignore_user_meta=False, metas=['./colcon.meta'], base_paths=['.'], packages_ignore=None, packages_ignore_regex=None, paths=None, packages_up_to=None, packages_up_to_regex=None, packages_above=None, packages_above_and_dependencies=None, packages_above_depth=None, packages_select_by_dep=None, packages_skip_by_dep=None, packages_skip_up_to=None, packages_select_build_failed=False, packages_skip_build_finished=False, packages_select_test_failures=False, packages_skip_test_passed=False, packages_select=None, packages_skip=None, packages_select_regex=None, packages_skip_regex=None, packages_start=None, packages_end=None, allow_overriding=[], cmake_args=None, cmake_target=None, cmake_target_skip_unavailable=False, cmake_clean_cache=False, cmake_clean_first=False, cmake_force_configure=False, ament_cmake_args=None, catkin_cmake_args=None, catkin_skip_building_tests=False, mixin_files=None, mixin=None, verb_parser=<colcon_mixin.mixin.mixin_argument.MixinArgumentDecorator object at 0x78f67695f940>, verb_extension=<colcon_core.verb.build.BuildVerb object at 0x78f67695f2e0>, main=<bound method BuildVerb.main of <colcon_core.verb.build.BuildVerb object at 0x78f67695f2e0>>, mixin_verb=('build',))
[0.140s] Level 1:colcon.colcon_core.package_discovery:discover_packages(colcon_meta) check parameters
[0.141s] Level 1:colcon.colcon_core.package_discovery:discover_packages(recursive) check parameters
[0.141s] Level 1:colcon.colcon_core.package_discovery:discover_packages(ignore) check parameters
[0.141s] Level 1:colcon.colcon_core.package_discovery:discover_packages(path) check parameters
[0.141s] Level 1:colcon.colcon_core.package_discovery:discover_packages(colcon_meta) discover
[0.141s] Level 1:colcon.colcon_core.package_discovery:discover_packages(recursive) discover
[0.141s] INFO:colcon.colcon_core.package_discovery:Crawling recursively for packages in '/home/pavel/ws_ros2'
[0.141s] Level 1:colcon.colcon_core.package_identification:_identify(.) by extensions ['ignore', 'ignore_ament_install']
[0.141s] Level 1:colcon.colcon_core.package_identification:_identify(.) by extension 'ignore'
[0.141s] Level 1:colcon.colcon_core.package_identification:_identify(.) by extension 'ignore_ament_install'
[0.141s] Level 1:colcon.colcon_core.package_identification:_identify(.) by extensions ['colcon_pkg']
[0.141s] Level 1:colcon.colcon_core.package_identification:_identify(.) by extension 'colcon_pkg'
[0.141s] Level 1:colcon.colcon_core.package_identification:_identify(.) by extensions ['colcon_meta']
[0.141s] Level 1:colcon.colcon_core.package_identification:_identify(.) by extension 'colcon_meta'
[0.141s] Level 1:colcon.colcon_core.package_identification:_identify(.) by extensions ['ros']
[0.141s] Level 1:colcon.colcon_core.package_identification:_identify(.) by extension 'ros'
[0.155s] Level 1:colcon.colcon_core.package_identification:_identify(.) by extensions ['cmake', 'python']
[0.155s] Level 1:colcon.colcon_core.package_identification:_identify(.) by extension 'cmake'
[0.155s] Level 1:colcon.colcon_core.package_identification:_identify(.) by extension 'python'
[0.155s] Level 1:colcon.colcon_core.package_identification:_identify(.) by extensions ['python_setup_py']
[0.155s] Level 1:colcon.colcon_core.package_identification:_identify(.) by extension 'python_setup_py'
[0.155s] Level 1:colcon.colcon_core.package_identification:_identify(build) by extensions ['ignore', 'ignore_ament_install']
[0.155s] Level 1:colcon.colcon_core.package_identification:_identify(build) by extension 'ignore'
[0.155s] Level 1:colcon.colcon_core.package_identification:_identify(build) ignored
[0.156s] Level 1:colcon.colcon_core.package_identification:_identify(install) by extensions ['ignore', 'ignore_ament_install']
[0.156s] Level 1:colcon.colcon_core.package_identification:_identify(install) by extension 'ignore'
[0.156s] Level 1:colcon.colcon_core.package_identification:_identify(install) ignored
[0.156s] Level 1:colcon.colcon_core.package_identification:_identify(log) by extensions ['ignore', 'ignore_ament_install']
[0.156s] Level 1:colcon.colcon_core.package_identification:_identify(log) by extension 'ignore'
[0.156s] Level 1:colcon.colcon_core.package_identification:_identify(log) ignored
[0.156s] Level 1:colcon.colcon_core.package_identification:_identify(src) by extensions ['ignore', 'ignore_ament_install']
[0.156s] Level 1:colcon.colcon_core.package_identification:_identify(src) by extension 'ignore'
[0.156s] Level 1:colcon.colcon_core.package_identification:_identify(src) by extension 'ignore_ament_install'
[0.156s] Level 1:colcon.colcon_core.package_identification:_identify(src) by extensions ['colcon_pkg']
[0.156s] Level 1:colcon.colcon_core.package_identification:_identify(src) by extension 'colcon_pkg'
[0.156s] Level 1:colcon.colcon_core.package_identification:_identify(src) by extensions ['colcon_meta']
[0.156s] Level 1:colcon.colcon_core.package_identification:_identify(src) by extension 'colcon_meta'
[0.156s] Level 1:colcon.colcon_core.package_identification:_identify(src) by extensions ['ros']
[0.156s] Level 1:colcon.colcon_core.package_identification:_identify(src) by extension 'ros'
[0.157s] Level 1:colcon.colcon_core.package_identification:_identify(src) by extensions ['cmake', 'python']
[0.157s] Level 1:colcon.colcon_core.package_identification:_identify(src) by extension 'cmake'
[0.157s] Level 1:colcon.colcon_core.package_identification:_identify(src) by extension 'python'
[0.157s] Level 1:colcon.colcon_core.package_identification:_identify(src) by extensions ['python_setup_py']
[0.157s] Level 1:colcon.colcon_core.package_identification:_identify(src) by extension 'python_setup_py'
[0.157s] Level 1:colcon.colcon_core.package_identification:_identify(src/px4_msgs) by extensions ['ignore', 'ignore_ament_install']
[0.157s] Level 1:colcon.colcon_core.package_identification:_identify(src/px4_msgs) by extension 'ignore'
[0.157s] Level 1:colcon.colcon_core.package_identification:_identify(src/px4_msgs) by extension 'ignore_ament_install'
[0.157s] Level 1:colcon.colcon_core.package_identification:_identify(src/px4_msgs) by extensions ['colcon_pkg']
[0.157s] Level 1:colcon.colcon_core.package_identification:_identify(src/px4_msgs) by extension 'colcon_pkg'
[0.157s] Level 1:colcon.colcon_core.package_identification:_identify(src/px4_msgs) by extensions ['colcon_meta']
[0.157s] Level 1:colcon.colcon_core.package_identification:_identify(src/px4_msgs) by extension 'colcon_meta'
[0.157s] Level 1:colcon.colcon_core.package_identification:_identify(src/px4_msgs) by extensions ['ros']
[0.157s] Level 1:colcon.colcon_core.package_identification:_identify(src/px4_msgs) by extension 'ros'
[0.159s] DEBUG:colcon.colcon_core.package_identification:Package 'src/px4_msgs' with type 'ros.ament_cmake' and name 'px4_msgs'
[0.159s] Level 1:colcon.colcon_core.package_identification:_identify(src/px4_ros_com) by extensions ['ignore', 'ignore_ament_install']
[0.159s] Level 1:colcon.colcon_core.package_identification:_identify(src/px4_ros_com) by extension 'ignore'
[0.160s] Level 1:colcon.colcon_core.package_identification:_identify(src/px4_ros_com) by extension 'ignore_ament_install'
[0.160s] Level 1:colcon.colcon_core.package_identification:_identify(src/px4_ros_com) by extensions ['colcon_pkg']
[0.160s] Level 1:colcon.colcon_core.package_identification:_identify(src/px4_ros_com) by extension 'colcon_pkg'
[0.160s] Level 1:colcon.colcon_core.package_identification:_identify(src/px4_ros_com) by extensions ['colcon_meta']
[0.160s] Level 1:colcon.colcon_core.package_identification:_identify(src/px4_ros_com) by extension 'colcon_meta'
[0.160s] Level 1:colcon.colcon_core.package_identification:_identify(src/px4_ros_com) by extensions ['ros']
[0.160s] Level 1:colcon.colcon_core.package_identification:_identify(src/px4_ros_com) by extension 'ros'
[0.161s] DEBUG:colcon.colcon_core.package_identification:Package 'src/px4_ros_com' with type 'ros.ament_cmake' and name 'px4_ros_com'
[0.161s] Level 1:colcon.colcon_core.package_discovery:discover_packages(recursive) using defaults
[0.161s] Level 1:colcon.colcon_core.package_discovery:discover_packages(ignore) discover
[0.161s] Level 1:colcon.colcon_core.package_discovery:discover_packages(ignore) using defaults
[0.161s] Level 1:colcon.colcon_core.package_discovery:discover_packages(path) discover
[0.161s] Level 1:colcon.colcon_core.package_discovery:discover_packages(path) using defaults
[0.180s] Level 1:colcon.colcon_core.package_discovery:discover_packages(prefix_path) check parameters
[0.180s] Level 1:colcon.colcon_core.package_discovery:discover_packages(prefix_path) discover
[0.182s] DEBUG:colcon.colcon_installed_package_information.package_discovery:Found 2 installed packages in /home/pavel/ws_ros2/install
[0.184s] DEBUG:colcon.colcon_installed_package_information.package_discovery:Found 292 installed packages in /opt/ros/humble
[0.185s] Level 1:colcon.colcon_core.package_discovery:discover_packages(prefix_path) using defaults
[0.223s] Level 5:colcon.colcon_core.verb:set package 'px4_msgs' build argument 'cmake_args' from command line to 'None'
[0.224s] Level 5:colcon.colcon_core.verb:set package 'px4_msgs' build argument 'cmake_target' from command line to 'None'
[0.224s] Level 5:colcon.colcon_core.verb:set package 'px4_msgs' build argument 'cmake_target_skip_unavailable' from command line to 'False'
[0.224s] Level 5:colcon.colcon_core.verb:set package 'px4_msgs' build argument 'cmake_clean_cache' from command line to 'False'
[0.224s] Level 5:colcon.colcon_core.verb:set package 'px4_msgs' build argument 'cmake_clean_first' from command line to 'False'
[0.224s] Level 5:colcon.colcon_core.verb:set package 'px4_msgs' build argument 'cmake_force_configure' from command line to 'False'
[0.224s] Level 5:colcon.colcon_core.verb:set package 'px4_msgs' build argument 'ament_cmake_args' from command line to 'None'
[0.224s] Level 5:colcon.colcon_core.verb:set package 'px4_msgs' build argument 'catkin_cmake_args' from command line to 'None'
[0.224s] Level 5:colcon.colcon_core.verb:set package 'px4_msgs' build argument 'catkin_skip_building_tests' from command line to 'False'
[0.224s] DEBUG:colcon.colcon_core.verb:Building package 'px4_msgs' with the following arguments: {'ament_cmake_args': None, 'build_base': '/home/pavel/ws_ros2/build/px4_msgs', 'catkin_cmake_args': None, 'catkin_skip_building_tests': False, 'cmake_args': None, 'cmake_clean_cache': False, 'cmake_clean_first': False, 'cmake_force_configure': False, 'cmake_target': None, 'cmake_target_skip_unavailable': False, 'install_base': '/home/pavel/ws_ros2/install/px4_msgs', 'merge_install': False, 'path': '/home/pavel/ws_ros2/src/px4_msgs', 'symlink_install': False, 'test_result_base': None}
[0.224s] Level 5:colcon.colcon_core.verb:set package 'px4_ros_com' build argument 'cmake_args' from command line to 'None'
[0.224s] Level 5:colcon.colcon_core.verb:set package 'px4_ros_com' build argument 'cmake_target' from command line to 'None'
[0.224s] Level 5:colcon.colcon_core.verb:set package 'px4_ros_com' build argument 'cmake_target_skip_unavailable' from command line to 'False'
[0.224s] Level 5:colcon.colcon_core.verb:set package 'px4_ros_com' build argument 'cmake_clean_cache' from command line to 'False'
[0.224s] Level 5:colcon.colcon_core.verb:set package 'px4_ros_com' build argument 'cmake_clean_first' from command line to 'False'
[0.224s] Level 5:colcon.colcon_core.verb:set package 'px4_ros_com' build argument 'cmake_force_configure' from command line to 'False'
[0.224s] Level 5:colcon.colcon_core.verb:set package 'px4_ros_com' build argument 'ament_cmake_args' from command line to 'None'
[0.224s] Level 5:colcon.colcon_core.verb:set package 'px4_ros_com' build argument 'catkin_cmake_args' from command line to 'None'
[0.224s] Level 5:colcon.colcon_core.verb:set package 'px4_ros_com' build argument 'catkin_skip_building_tests' from command line to 'False'
[0.224s] DEBUG:colcon.colcon_core.verb:Building package 'px4_ros_com' with the following arguments: {'ament_cmake_args': None, 'build_base': '/home/pavel/ws_ros2/build/px4_ros_com', 'catkin_cmake_args': None, 'catkin_skip_building_tests': False, 'cmake_args': None, 'cmake_clean_cache': False, 'cmake_clean_first': False, 'cmake_force_configure': False, 'cmake_target': None, 'cmake_target_skip_unavailable': False, 'install_base': '/home/pavel/ws_ros2/install/px4_ros_com', 'merge_install': False, 'path': '/home/pavel/ws_ros2/src/px4_ros_com', 'symlink_install': False, 'test_result_base': None}
[0.224s] INFO:colcon.colcon_core.executor:Executing jobs using 'parallel' executor
[0.225s] DEBUG:colcon.colcon_parallel_executor.executor.parallel:run_until_complete
[0.225s] INFO:colcon.colcon_ros.task.ament_cmake.build:Building ROS package in '/home/pavel/ws_ros2/src/px4_msgs' with build type 'ament_cmake'
[0.225s] INFO:colcon.colcon_cmake.task.cmake.build:Building CMake package in '/home/pavel/ws_ros2/src/px4_msgs'
[0.227s] INFO:colcon.colcon_core.plugin_system:Skipping extension 'colcon_core.shell.bat': Not used on non-Windows systems
[0.227s] INFO:colcon.colcon_core.shell:Skip shell extension 'powershell' for command environment: Not usable outside of PowerShell
[0.228s] DEBUG:colcon.colcon_core.shell:Skip shell extension 'dsv' for command environment
[0.236s] DEBUG:colcon.colcon_core.event_handler.log_command:Invoking command in '/home/pavel/ws_ros2/build/px4_msgs': CMAKE_PREFIX_PATH=${CMAKE_PREFIX_PATH}:/opt/ros/humble /usr/bin/cmake --build /home/pavel/ws_ros2/build/px4_msgs -- -j12 -l12
[1.455s] DEBUG:colcon.colcon_core.event_handler.log_command:Invoked command in '/home/pavel/ws_ros2/build/px4_msgs' returned '0': CMAKE_PREFIX_PATH=${CMAKE_PREFIX_PATH}:/opt/ros/humble /usr/bin/cmake --build /home/pavel/ws_ros2/build/px4_msgs -- -j12 -l12
[6.516s] DEBUG:colcon.colcon_core.event_handler.log_command:Invoking command in '/home/pavel/ws_ros2/build/px4_msgs': CMAKE_PREFIX_PATH=${CMAKE_PREFIX_PATH}:/opt/ros/humble /usr/bin/cmake --install /home/pavel/ws_ros2/build/px4_msgs
[6.915s] Level 1:colcon.colcon_core.environment:create_environment_scripts_only(px4_msgs)
[6.921s] Level 1:colcon.colcon_core.environment:checking '/home/pavel/ws_ros2/install/px4_msgs' for CMake module files
[6.922s] Level 1:colcon.colcon_core.environment:checking '/home/pavel/ws_ros2/install/px4_msgs' for CMake config files
[6.941s] Level 1:colcon.colcon_core.shell:create_environment_hook('px4_msgs', 'cmake_prefix_path')
[6.942s] INFO:colcon.colcon_core.shell:Creating environment hook '/home/pavel/ws_ros2/install/px4_msgs/share/px4_msgs/hook/cmake_prefix_path.ps1'
[6.945s] INFO:colcon.colcon_core.shell:Creating environment descriptor '/home/pavel/ws_ros2/install/px4_msgs/share/px4_msgs/hook/cmake_prefix_path.dsv'
[6.948s] INFO:colcon.colcon_core.shell:Creating environment hook '/home/pavel/ws_ros2/install/px4_msgs/share/px4_msgs/hook/cmake_prefix_path.sh'
[6.952s] Level 1:colcon.colcon_core.environment:checking '/home/pavel/ws_ros2/install/px4_msgs/lib'
[6.953s] Level 1:colcon.colcon_core.shell:create_environment_hook('px4_msgs', 'ld_library_path_lib')
[6.953s] INFO:colcon.colcon_core.shell:Creating environment hook '/home/pavel/ws_ros2/install/px4_msgs/share/px4_msgs/hook/ld_library_path_lib.ps1'
[6.956s] INFO:colcon.colcon_core.shell:Creating environment descriptor '/home/pavel/ws_ros2/install/px4_msgs/share/px4_msgs/hook/ld_library_path_lib.dsv'
[6.957s] INFO:colcon.colcon_core.shell:Creating environment hook '/home/pavel/ws_ros2/install/px4_msgs/share/px4_msgs/hook/ld_library_path_lib.sh'
[6.958s] DEBUG:colcon.colcon_core.event_handler.log_command:Invoked command in '/home/pavel/ws_ros2/build/px4_msgs' returned '0': CMAKE_PREFIX_PATH=${CMAKE_PREFIX_PATH}:/opt/ros/humble /usr/bin/cmake --install /home/pavel/ws_ros2/build/px4_msgs
[6.959s] Level 1:colcon.colcon_core.environment:checking '/home/pavel/ws_ros2/install/px4_msgs/bin'
[6.959s] Level 1:colcon.colcon_core.environment:checking '/home/pavel/ws_ros2/install/px4_msgs/lib/pkgconfig/px4_msgs.pc'
[6.959s] Level 1:colcon.colcon_core.environment:checking '/home/pavel/ws_ros2/install/px4_msgs/lib/python3.10/site-packages'
[6.959s] Level 1:colcon.colcon_core.environment:checking '/home/pavel/ws_ros2/install/px4_msgs/bin'
[6.960s] INFO:colcon.colcon_core.shell:Creating package script '/home/pavel/ws_ros2/install/px4_msgs/share/px4_msgs/package.ps1'
[6.961s] INFO:colcon.colcon_core.shell:Creating package descriptor '/home/pavel/ws_ros2/install/px4_msgs/share/px4_msgs/package.dsv'
[6.962s] INFO:colcon.colcon_core.shell:Creating package script '/home/pavel/ws_ros2/install/px4_msgs/share/px4_msgs/package.sh'
[6.963s] INFO:colcon.colcon_core.shell:Creating package script '/home/pavel/ws_ros2/install/px4_msgs/share/px4_msgs/package.bash'
[6.964s] INFO:colcon.colcon_core.shell:Creating package script '/home/pavel/ws_ros2/install/px4_msgs/share/px4_msgs/package.zsh'
[6.966s] Level 1:colcon.colcon_core.environment:create_file_with_runtime_dependencies(/home/pavel/ws_ros2/install/px4_msgs/share/colcon-core/packages/px4_msgs)
[12.726s] Level 1:colcon.colcon_core.environment:create_environment_scripts_only(px4_msgs)
[12.726s] Level 1:colcon.colcon_core.environment:checking '/home/pavel/ws_ros2/install/px4_msgs' for CMake module files
[12.728s] Level 1:colcon.colcon_core.environment:checking '/home/pavel/ws_ros2/install/px4_msgs' for CMake config files
[12.729s] Level 1:colcon.colcon_core.shell:create_environment_hook('px4_msgs', 'cmake_prefix_path')
[12.729s] INFO:colcon.colcon_core.shell:Creating environment hook '/home/pavel/ws_ros2/install/px4_msgs/share/px4_msgs/hook/cmake_prefix_path.ps1'
[12.730s] INFO:colcon.colcon_core.shell:Creating environment descriptor '/home/pavel/ws_ros2/install/px4_msgs/share/px4_msgs/hook/cmake_prefix_path.dsv'
[12.730s] INFO:colcon.colcon_core.shell:Creating environment hook '/home/pavel/ws_ros2/install/px4_msgs/share/px4_msgs/hook/cmake_prefix_path.sh'
[12.731s] Level 1:colcon.colcon_core.environment:checking '/home/pavel/ws_ros2/install/px4_msgs/lib'
[12.731s] Level 1:colcon.colcon_core.shell:create_environment_hook('px4_msgs', 'ld_library_path_lib')
[12.731s] INFO:colcon.colcon_core.shell:Creating environment hook '/home/pavel/ws_ros2/install/px4_msgs/share/px4_msgs/hook/ld_library_path_lib.ps1'
[12.731s] INFO:colcon.colcon_core.shell:Creating environment descriptor '/home/pavel/ws_ros2/install/px4_msgs/share/px4_msgs/hook/ld_library_path_lib.dsv'
[12.732s] INFO:colcon.colcon_core.shell:Creating environment hook '/home/pavel/ws_ros2/install/px4_msgs/share/px4_msgs/hook/ld_library_path_lib.sh'
[12.732s] Level 1:colcon.colcon_core.environment:checking '/home/pavel/ws_ros2/install/px4_msgs/bin'
[12.732s] Level 1:colcon.colcon_core.environment:checking '/home/pavel/ws_ros2/install/px4_msgs/lib/pkgconfig/px4_msgs.pc'
[12.732s] Level 1:colcon.colcon_core.environment:checking '/home/pavel/ws_ros2/install/px4_msgs/lib/python3.10/site-packages'
[12.733s] Level 1:colcon.colcon_core.environment:checking '/home/pavel/ws_ros2/install/px4_msgs/bin'
[12.733s] INFO:colcon.colcon_core.shell:Creating package script '/home/pavel/ws_ros2/install/px4_msgs/share/px4_msgs/package.ps1'
[12.733s] INFO:colcon.colcon_core.shell:Creating package descriptor '/home/pavel/ws_ros2/install/px4_msgs/share/px4_msgs/package.dsv'
[12.734s] INFO:colcon.colcon_core.shell:Creating package script '/home/pavel/ws_ros2/install/px4_msgs/share/px4_msgs/package.sh'
[12.734s] INFO:colcon.colcon_core.shell:Creating package script '/home/pavel/ws_ros2/install/px4_msgs/share/px4_msgs/package.bash'
[12.735s] INFO:colcon.colcon_core.shell:Creating package script '/home/pavel/ws_ros2/install/px4_msgs/share/px4_msgs/package.zsh'
[12.735s] Level 1:colcon.colcon_core.environment:create_file_with_runtime_dependencies(/home/pavel/ws_ros2/install/px4_msgs/share/colcon-core/packages/px4_msgs)
[12.735s] INFO:colcon.colcon_ros.task.ament_cmake.build:Building ROS package in '/home/pavel/ws_ros2/src/px4_ros_com' with build type 'ament_cmake'
[12.736s] INFO:colcon.colcon_cmake.task.cmake.build:Building CMake package in '/home/pavel/ws_ros2/src/px4_ros_com'
[12.736s] INFO:colcon.colcon_core.shell:Skip shell extension 'powershell' for command environment: Not usable outside of PowerShell
[12.736s] DEBUG:colcon.colcon_core.shell:Skip shell extension 'dsv' for command environment
[12.747s] DEBUG:colcon.colcon_core.event_handler.log_command:Invoking command in '/home/pavel/ws_ros2/build/px4_ros_com': CMAKE_PREFIX_PATH=/home/pavel/ws_ros2/install/px4_msgs:/home/pavel/ws_ros2/install/px4_ros_com:/opt/ros/humble LD_LIBRARY_PATH=/home/pavel/ws_ros2/install/px4_msgs/lib:/home/pavel/ws_ros2/install/px4_ros_com/lib:/usr/lib/x86_64-linux-gnu/gazebo-11/plugins:/opt/ros/humble/opt/rviz_ogre_vendor/lib:/opt/ros/humble/lib/x86_64-linux-gnu:/opt/ros/humble/lib /usr/bin/cmake --build /home/pavel/ws_ros2/build/px4_ros_com -- -j12 -l12
[13.216s] DEBUG:colcon.colcon_core.event_handler.log_command:Invoked command in '/home/pavel/ws_ros2/build/px4_ros_com' returned '0': CMAKE_PREFIX_PATH=/home/pavel/ws_ros2/install/px4_msgs:/home/pavel/ws_ros2/install/px4_ros_com:/opt/ros/humble LD_LIBRARY_PATH=/home/pavel/ws_ros2/install/px4_msgs/lib:/home/pavel/ws_ros2/install/px4_ros_com/lib:/usr/lib/x86_64-linux-gnu/gazebo-11/plugins:/opt/ros/humble/opt/rviz_ogre_vendor/lib:/opt/ros/humble/lib/x86_64-linux-gnu:/opt/ros/humble/lib /usr/bin/cmake --build /home/pavel/ws_ros2/build/px4_ros_com -- -j12 -l12
[13.263s] DEBUG:colcon.colcon_core.event_handler.log_command:Invoking command in '/home/pavel/ws_ros2/build/px4_ros_com': CMAKE_PREFIX_PATH=/home/pavel/ws_ros2/install/px4_msgs:/home/pavel/ws_ros2/install/px4_ros_com:/opt/ros/humble LD_LIBRARY_PATH=/home/pavel/ws_ros2/install/px4_msgs/lib:/home/pavel/ws_ros2/install/px4_ros_com/lib:/usr/lib/x86_64-linux-gnu/gazebo-11/plugins:/opt/ros/humble/opt/rviz_ogre_vendor/lib:/opt/ros/humble/lib/x86_64-linux-gnu:/opt/ros/humble/lib /usr/bin/cmake --install /home/pavel/ws_ros2/build/px4_ros_com
[13.316s] Level 1:colcon.colcon_core.environment:create_environment_scripts_only(px4_ros_com)
[13.316s] Level 1:colcon.colcon_core.environment:checking '/home/pavel/ws_ros2/install/px4_ros_com' for CMake module files
[13.317s] DEBUG:colcon.colcon_core.event_handler.log_command:Invoked command in '/home/pavel/ws_ros2/build/px4_ros_com' returned '0': CMAKE_PREFIX_PATH=/home/pavel/ws_ros2/install/px4_msgs:/home/pavel/ws_ros2/install/px4_ros_com:/opt/ros/humble LD_LIBRARY_PATH=/home/pavel/ws_ros2/install/px4_msgs/lib:/home/pavel/ws_ros2/install/px4_ros_com/lib:/usr/lib/x86_64-linux-gnu/gazebo-11/plugins:/opt/ros/humble/opt/rviz_ogre_vendor/lib:/opt/ros/humble/lib/x86_64-linux-gnu:/opt/ros/humble/lib /usr/bin/cmake --install /home/pavel/ws_ros2/build/px4_ros_com
[13.317s] Level 1:colcon.colcon_core.environment:checking '/home/pavel/ws_ros2/install/px4_ros_com' for CMake config files
[13.317s] Level 1:colcon.colcon_core.shell:create_environment_hook('px4_ros_com', 'cmake_prefix_path')
[13.318s] INFO:colcon.colcon_core.shell:Creating environment hook '/home/pavel/ws_ros2/install/px4_ros_com/share/px4_ros_com/hook/cmake_prefix_path.ps1'
[13.318s] INFO:colcon.colcon_core.shell:Creating environment descriptor '/home/pavel/ws_ros2/install/px4_ros_com/share/px4_ros_com/hook/cmake_prefix_path.dsv'
[13.318s] INFO:colcon.colcon_core.shell:Creating environment hook '/home/pavel/ws_ros2/install/px4_ros_com/share/px4_ros_com/hook/cmake_prefix_path.sh'
[13.319s] Level 1:colcon.colcon_core.environment:checking '/home/pavel/ws_ros2/install/px4_ros_com/lib'
[13.319s] Level 1:colcon.colcon_core.shell:create_environment_hook('px4_ros_com', 'ld_library_path_lib')
[13.319s] INFO:colcon.colcon_core.shell:Creating environment hook '/home/pavel/ws_ros2/install/px4_ros_com/share/px4_ros_com/hook/ld_library_path_lib.ps1'
[13.320s] INFO:colcon.colcon_core.shell:Creating environment descriptor '/home/pavel/ws_ros2/install/px4_ros_com/share/px4_ros_com/hook/ld_library_path_lib.dsv'
[13.320s] INFO:colcon.colcon_core.shell:Creating environment hook '/home/pavel/ws_ros2/install/px4_ros_com/share/px4_ros_com/hook/ld_library_path_lib.sh'
[13.320s] Level 1:colcon.colcon_core.environment:checking '/home/pavel/ws_ros2/install/px4_ros_com/bin'
[13.320s] Level 1:colcon.colcon_core.environment:checking '/home/pavel/ws_ros2/install/px4_ros_com/lib/pkgconfig/px4_ros_com.pc'
[13.321s] Level 1:colcon.colcon_core.environment:checking '/home/pavel/ws_ros2/install/px4_ros_com/lib/python3.10/site-packages'
[13.321s] Level 1:colcon.colcon_core.environment:checking '/home/pavel/ws_ros2/install/px4_ros_com/bin'
[13.321s] INFO:colcon.colcon_core.shell:Creating package script '/home/pavel/ws_ros2/install/px4_ros_com/share/px4_ros_com/package.ps1'
[13.322s] INFO:colcon.colcon_core.shell:Creating package descriptor '/home/pavel/ws_ros2/install/px4_ros_com/share/px4_ros_com/package.dsv'
[13.322s] INFO:colcon.colcon_core.shell:Creating package script '/home/pavel/ws_ros2/install/px4_ros_com/share/px4_ros_com/package.sh'
[13.322s] INFO:colcon.colcon_core.shell:Creating package script '/home/pavel/ws_ros2/install/px4_ros_com/share/px4_ros_com/package.bash'
[13.323s] INFO:colcon.colcon_core.shell:Creating package script '/home/pavel/ws_ros2/install/px4_ros_com/share/px4_ros_com/package.zsh'
[13.323s] Level 1:colcon.colcon_core.environment:create_file_with_runtime_dependencies(/home/pavel/ws_ros2/install/px4_ros_com/share/colcon-core/packages/px4_ros_com)
[13.371s] Level 1:colcon.colcon_core.environment:create_environment_scripts_only(px4_ros_com)
[13.372s] Level 1:colcon.colcon_core.environment:checking '/home/pavel/ws_ros2/install/px4_ros_com' for CMake module files
[13.373s] Level 1:colcon.colcon_core.environment:checking '/home/pavel/ws_ros2/install/px4_ros_com' for CMake config files
[13.373s] Level 1:colcon.colcon_core.shell:create_environment_hook('px4_ros_com', 'cmake_prefix_path')
[13.374s] INFO:colcon.colcon_core.shell:Creating environment hook '/home/pavel/ws_ros2/install/px4_ros_com/share/px4_ros_com/hook/cmake_prefix_path.ps1'
[13.374s] INFO:colcon.colcon_core.shell:Creating environment descriptor '/home/pavel/ws_ros2/install/px4_ros_com/share/px4_ros_com/hook/cmake_prefix_path.dsv'
[13.375s] INFO:colcon.colcon_core.shell:Creating environment hook '/home/pavel/ws_ros2/install/px4_ros_com/share/px4_ros_com/hook/cmake_prefix_path.sh'
[13.375s] Level 1:colcon.colcon_core.environment:checking '/home/pavel/ws_ros2/install/px4_ros_com/lib'
[13.375s] Level 1:colcon.colcon_core.shell:create_environment_hook('px4_ros_com', 'ld_library_path_lib')
[13.375s] INFO:colcon.colcon_core.shell:Creating environment hook '/home/pavel/ws_ros2/install/px4_ros_com/share/px4_ros_com/hook/ld_library_path_lib.ps1'
[13.376s] INFO:colcon.colcon_core.shell:Creating environment descriptor '/home/pavel/ws_ros2/install/px4_ros_com/share/px4_ros_com/hook/ld_library_path_lib.dsv'
[13.376s] INFO:colcon.colcon_core.shell:Creating environment hook '/home/pavel/ws_ros2/install/px4_ros_com/share/px4_ros_com/hook/ld_library_path_lib.sh'
[13.376s] Level 1:colcon.colcon_core.environment:checking '/home/pavel/ws_ros2/install/px4_ros_com/bin'
[13.377s] Level 1:colcon.colcon_core.environment:checking '/home/pavel/ws_ros2/install/px4_ros_com/lib/pkgconfig/px4_ros_com.pc'
[13.377s] Level 1:colcon.colcon_core.environment:checking '/home/pavel/ws_ros2/install/px4_ros_com/lib/python3.10/site-packages'
[13.377s] Level 1:colcon.colcon_core.environment:checking '/home/pavel/ws_ros2/install/px4_ros_com/bin'
[13.377s] INFO:colcon.colcon_core.shell:Creating package script '/home/pavel/ws_ros2/install/px4_ros_com/share/px4_ros_com/package.ps1'
[13.378s] INFO:colcon.colcon_core.shell:Creating package descriptor '/home/pavel/ws_ros2/install/px4_ros_com/share/px4_ros_com/package.dsv'
[13.378s] INFO:colcon.colcon_core.shell:Creating package script '/home/pavel/ws_ros2/install/px4_ros_com/share/px4_ros_com/package.sh'
[13.379s] INFO:colcon.colcon_core.shell:Creating package script '/home/pavel/ws_ros2/install/px4_ros_com/share/px4_ros_com/package.bash'
[13.379s] INFO:colcon.colcon_core.shell:Creating package script '/home/pavel/ws_ros2/install/px4_ros_com/share/px4_ros_com/package.zsh'
[13.379s] Level 1:colcon.colcon_core.environment:create_file_with_runtime_dependencies(/home/pavel/ws_ros2/install/px4_ros_com/share/colcon-core/packages/px4_ros_com)
[13.380s] DEBUG:colcon.colcon_parallel_executor.executor.parallel:closing loop
[13.380s] DEBUG:colcon.colcon_parallel_executor.executor.parallel:loop closed
[13.380s] DEBUG:colcon.colcon_parallel_executor.executor.parallel:run_until_complete finished with '0'
[13.380s] DEBUG:colcon.colcon_core.event_reactor:joining thread
[13.385s] INFO:colcon.colcon_core.plugin_system:Skipping extension 'colcon_notification.desktop_notification.terminal_notifier': Not used on non-Darwin systems
[13.385s] INFO:colcon.colcon_core.plugin_system:Skipping extension 'colcon_notification.desktop_notification.win32': Not used on non-Windows systems
[13.385s] INFO:colcon.colcon_notification.desktop_notification:Sending desktop notification using 'notify2'
[13.397s] DEBUG:colcon.colcon_core.event_reactor:joined thread
[13.397s] INFO:colcon.colcon_core.shell:Creating prefix script '/home/pavel/ws_ros2/install/local_setup.ps1'
[13.399s] INFO:colcon.colcon_core.shell:Creating prefix util module '/home/pavel/ws_ros2/install/_local_setup_util_ps1.py'
[13.401s] INFO:colcon.colcon_core.shell:Creating prefix chain script '/home/pavel/ws_ros2/install/setup.ps1'
[13.402s] INFO:colcon.colcon_core.shell:Creating prefix script '/home/pavel/ws_ros2/install/local_setup.sh'
[13.403s] INFO:colcon.colcon_core.shell:Creating prefix util module '/home/pavel/ws_ros2/install/_local_setup_util_sh.py'
[13.403s] INFO:colcon.colcon_core.shell:Creating prefix chain script '/home/pavel/ws_ros2/install/setup.sh'
[13.405s] INFO:colcon.colcon_core.shell:Creating prefix script '/home/pavel/ws_ros2/install/local_setup.bash'
[13.405s] INFO:colcon.colcon_core.shell:Creating prefix chain script '/home/pavel/ws_ros2/install/setup.bash'
[13.406s] INFO:colcon.colcon_core.shell:Creating prefix script '/home/pavel/ws_ros2/install/local_setup.zsh'
[13.407s] INFO:colcon.colcon_core.shell:Creating prefix chain script '/home/pavel/ws_ros2/install/setup.zsh'
