[0.042s] Invoking command in '/home/pavel/ws_ros2/build/px4_ros_com': CMAKE_PREFIX_PATH=/home/pavel/ws_ros2/install/px4_msgs:/home/pavel/ws_ros2/install/px4_ros_com:/opt/ros/humble LD_LIBRARY_PATH=/home/pavel/ws_ros2/install/px4_msgs/lib:/home/pavel/ws_ros2/install/px4_ros_com/lib:/usr/lib/x86_64-linux-gnu/gazebo-11/plugins:/opt/ros/humble/opt/rviz_ogre_vendor/lib:/opt/ros/humble/lib/x86_64-linux-gnu:/opt/ros/humble/lib /usr/bin/cmake --build /home/pavel/ws_ros2/build/px4_ros_com -- -j12 -l12
[0.303s] [ 16%] Built target frame_transforms
[0.307s] [ 33%] Built target sensor_combined_listener
[0.308s] [ 50%] Built target vehicle_gps_position_listener
[0.309s] [ 66%] Built target debug_vect_advertiser
[0.311s] [ 83%] Built target offboard_control_srv
[0.313s] [100%] Built target offboard_control
[0.323s] [100%] Built target ament_cmake_python_copy_px4_ros_com
[1.307s] running egg_info
[1.396s] writing px4_ros_com.egg-info/PKG-INFO
[1.398s] writing dependency_links to px4_ros_com.egg-info/dependency_links.txt
[1.400s] writing top-level names to px4_ros_com.egg-info/top_level.txt
[1.653s] reading manifest file 'px4_ros_com.egg-info/SOURCES.txt'
[1.656s] writing manifest file 'px4_ros_com.egg-info/SOURCES.txt'
[1.767s] [100%] Built target ament_cmake_python_build_px4_ros_com_egg
[1.807s] Invoked command in '/home/pavel/ws_ros2/build/px4_ros_com' returned '0': CMAKE_PREFIX_PATH=/home/pavel/ws_ros2/install/px4_msgs:/home/pavel/ws_ros2/install/px4_ros_com:/opt/ros/humble LD_LIBRARY_PATH=/home/pavel/ws_ros2/install/px4_msgs/lib:/home/pavel/ws_ros2/install/px4_ros_com/lib:/usr/lib/x86_64-linux-gnu/gazebo-11/plugins:/opt/ros/humble/opt/rviz_ogre_vendor/lib:/opt/ros/humble/lib/x86_64-linux-gnu:/opt/ros/humble/lib /usr/bin/cmake --build /home/pavel/ws_ros2/build/px4_ros_com -- -j12 -l12
[1.999s] Invoking command in '/home/pavel/ws_ros2/build/px4_ros_com': CMAKE_PREFIX_PATH=/home/pavel/ws_ros2/install/px4_msgs:/home/pavel/ws_ros2/install/px4_ros_com:/opt/ros/humble LD_LIBRARY_PATH=/home/pavel/ws_ros2/install/px4_msgs/lib:/home/pavel/ws_ros2/install/px4_ros_com/lib:/usr/lib/x86_64-linux-gnu/gazebo-11/plugins:/opt/ros/humble/opt/rviz_ogre_vendor/lib:/opt/ros/humble/lib/x86_64-linux-gnu:/opt/ros/humble/lib /usr/bin/cmake --install /home/pavel/ws_ros2/build/px4_ros_com
[2.035s] -- Install configuration: ""
[2.035s] -- Up-to-date: /home/pavel/ws_ros2/install/px4_ros_com/lib/px4_ros_com/sensor_combined_listener
[2.037s] -- Up-to-date: /home/pavel/ws_ros2/install/px4_ros_com/lib/px4_ros_com/vehicle_gps_position_listener
[2.039s] -- Up-to-date: /home/pavel/ws_ros2/install/px4_ros_com/lib/px4_ros_com/debug_vect_advertiser
[2.041s] -- Up-to-date: /home/pavel/ws_ros2/install/px4_ros_com/lib/px4_ros_com/offboard_control
[2.044s] -- Up-to-date: /home/pavel/ws_ros2/install/px4_ros_com/lib/px4_ros_com/offboard_control_srv
[2.046s] -- Up-to-date: /home/pavel/ws_ros2/install/px4_ros_com/share/px4_ros_com/environment/library_path.sh
[2.047s] -- Up-to-date: /home/pavel/ws_ros2/install/px4_ros_com/share/px4_ros_com/environment/library_path.dsv
[2.049s] -- Up-to-date: /home/pavel/ws_ros2/install/px4_ros_com/include/px4_ros_com
[2.051s] -- Up-to-date: /home/pavel/ws_ros2/install/px4_ros_com/include/px4_ros_com/frame_transforms.h
[2.052s] -- Up-to-date: /home/pavel/ws_ros2/install/px4_ros_com/lib/libframe_transforms.so
[2.053s] -- Up-to-date: /home/pavel/ws_ros2/install/px4_ros_com/share/px4_ros_com//launch
[2.054s] -- Up-to-date: /home/pavel/ws_ros2/install/px4_ros_com/share/px4_ros_com//launch/offboard_control_launch.yaml
[2.055s] -- Up-to-date: /home/pavel/ws_ros2/install/px4_ros_com/share/px4_ros_com//launch/sensor_combined_listener.launch.py
[2.056s] -- Up-to-date: /home/pavel/ws_ros2/install/px4_ros_com/share/px4_ros_com//test
[2.057s] -- Up-to-date: /home/pavel/ws_ros2/install/px4_ros_com/share/px4_ros_com//test/pipeline_io_test.py
[2.058s] -- Up-to-date: /home/pavel/ws_ros2/install/px4_ros_com/share/px4_ros_com//test/__init__.py
[2.059s] -- Up-to-date: /home/pavel/ws_ros2/install/px4_ros_com/share/px4_ros_com//test/test_input.py
[2.061s] -- Up-to-date: /home/pavel/ws_ros2/install/px4_ros_com/share/px4_ros_com//test/test_output.py
[2.061s] -- Up-to-date: /home/pavel/ws_ros2/install/px4_ros_com/share/px4_ros_com/environment/pythonpath.sh
[2.062s] -- Up-to-date: /home/pavel/ws_ros2/install/px4_ros_com/share/px4_ros_com/environment/pythonpath.dsv
[2.063s] -- Up-to-date: /home/pavel/ws_ros2/install/px4_ros_com/local/lib/python3.10/dist-packages/px4_ros_com-0.1.0-py3.10.egg-info
[2.063s] -- Installing: /home/pavel/ws_ros2/install/px4_ros_com/local/lib/python3.10/dist-packages/px4_ros_com-0.1.0-py3.10.egg-info/dependency_links.txt
[2.064s] -- Installing: /home/pavel/ws_ros2/install/px4_ros_com/local/lib/python3.10/dist-packages/px4_ros_com-0.1.0-py3.10.egg-info/PKG-INFO
[2.064s] -- Installing: /home/pavel/ws_ros2/install/px4_ros_com/local/lib/python3.10/dist-packages/px4_ros_com-0.1.0-py3.10.egg-info/top_level.txt
[2.065s] -- Installing: /home/pavel/ws_ros2/install/px4_ros_com/local/lib/python3.10/dist-packages/px4_ros_com-0.1.0-py3.10.egg-info/SOURCES.txt
[2.065s] -- Up-to-date: /home/pavel/ws_ros2/install/px4_ros_com/local/lib/python3.10/dist-packages/px4_ros_com
[2.066s] -- Up-to-date: /home/pavel/ws_ros2/install/px4_ros_com/local/lib/python3.10/dist-packages/px4_ros_com/__init__.py
[2.066s] -- Up-to-date: /home/pavel/ws_ros2/install/px4_ros_com/local/lib/python3.10/dist-packages/px4_ros_com/module_to_import.py
[2.221s] Listing '/home/pavel/ws_ros2/install/px4_ros_com/local/lib/python3.10/dist-packages/px4_ros_com'...
[2.240s] -- Up-to-date: /home/pavel/ws_ros2/install/px4_ros_com/lib/px4_ros_com/offboard_control.py
[2.240s] -- Up-to-date: /home/pavel/ws_ros2/install/px4_ros_com/lib/px4_ros_com/my_offboard_controller.py
[2.241s] -- Installing: /home/pavel/ws_ros2/install/px4_ros_com/lib/px4_ros_com/detectarea_obstacolelor.py
[2.241s] -- Up-to-date: /home/pavel/ws_ros2/install/px4_ros_com/share/ament_index/resource_index/package_run_dependencies/px4_ros_com
[2.242s] -- Up-to-date: /home/pavel/ws_ros2/install/px4_ros_com/share/ament_index/resource_index/parent_prefix_path/px4_ros_com
[2.243s] -- Up-to-date: /home/pavel/ws_ros2/install/px4_ros_com/share/px4_ros_com/environment/ament_prefix_path.sh
[2.243s] -- Up-to-date: /home/pavel/ws_ros2/install/px4_ros_com/share/px4_ros_com/environment/ament_prefix_path.dsv
[2.244s] -- Up-to-date: /home/pavel/ws_ros2/install/px4_ros_com/share/px4_ros_com/environment/path.sh
[2.244s] -- Up-to-date: /home/pavel/ws_ros2/install/px4_ros_com/share/px4_ros_com/environment/path.dsv
[2.245s] -- Up-to-date: /home/pavel/ws_ros2/install/px4_ros_com/share/px4_ros_com/local_setup.bash
[2.245s] -- Up-to-date: /home/pavel/ws_ros2/install/px4_ros_com/share/px4_ros_com/local_setup.sh
[2.246s] -- Up-to-date: /home/pavel/ws_ros2/install/px4_ros_com/share/px4_ros_com/local_setup.zsh
[2.246s] -- Up-to-date: /home/pavel/ws_ros2/install/px4_ros_com/share/px4_ros_com/local_setup.dsv
[2.247s] -- Installing: /home/pavel/ws_ros2/install/px4_ros_com/share/px4_ros_com/package.dsv
[2.247s] -- Up-to-date: /home/pavel/ws_ros2/install/px4_ros_com/share/ament_index/resource_index/packages/px4_ros_com
[2.248s] -- Up-to-date: /home/pavel/ws_ros2/install/px4_ros_com/share/px4_ros_com/cmake/export_frame_transformsExport.cmake
[2.249s] -- Up-to-date: /home/pavel/ws_ros2/install/px4_ros_com/share/px4_ros_com/cmake/export_frame_transformsExport-noconfig.cmake
[2.249s] -- Up-to-date: /home/pavel/ws_ros2/install/px4_ros_com/share/px4_ros_com/cmake/ament_cmake_export_dependencies-extras.cmake
[2.250s] -- Up-to-date: /home/pavel/ws_ros2/install/px4_ros_com/share/px4_ros_com/cmake/ament_cmake_export_targets-extras.cmake
[2.251s] -- Up-to-date: /home/pavel/ws_ros2/install/px4_ros_com/share/px4_ros_com/cmake/ament_cmake_export_include_directories-extras.cmake
[2.252s] -- Up-to-date: /home/pavel/ws_ros2/install/px4_ros_com/share/px4_ros_com/cmake/ament_cmake_export_libraries-extras.cmake
[2.255s] -- Up-to-date: /home/pavel/ws_ros2/install/px4_ros_com/share/px4_ros_com/cmake/px4_ros_comConfig.cmake
[2.260s] -- Up-to-date: /home/pavel/ws_ros2/install/px4_ros_com/share/px4_ros_com/cmake/px4_ros_comConfig-version.cmake
[2.260s] -- Up-to-date: /home/pavel/ws_ros2/install/px4_ros_com/share/px4_ros_com/package.xml
[2.262s] Invoked command in '/home/pavel/ws_ros2/build/px4_ros_com' returned '0': CMAKE_PREFIX_PATH=/home/pavel/ws_ros2/install/px4_msgs:/home/pavel/ws_ros2/install/px4_ros_com:/opt/ros/humble LD_LIBRARY_PATH=/home/pavel/ws_ros2/install/px4_msgs/lib:/home/pavel/ws_ros2/install/px4_ros_com/lib:/usr/lib/x86_64-linux-gnu/gazebo-11/plugins:/opt/ros/humble/opt/rviz_ogre_vendor/lib:/opt/ros/humble/lib/x86_64-linux-gnu:/opt/ros/humble/lib /usr/bin/cmake --install /home/pavel/ws_ros2/build/px4_ros_com
