[0.247s] DEBUG:colcon:Command line arguments: ['/usr/bin/colcon', 'build']
[0.247s] DEBUG:colcon:Parsed command line arguments: Namespace(log_base=None, log_level=None, verb_name='build', build_base='build', install_base='install', merge_install=False, symlink_install=False, test_result_base=None, continue_on_error=False, executor='parallel', parallel_workers=12, event_handlers=None, ignore_user_meta=False, metas=['./colcon.meta'], base_paths=['.'], packages_ignore=None, packages_ignore_regex=None, paths=None, packages_up_to=None, packages_up_to_regex=None, packages_above=None, packages_above_and_dependencies=None, packages_above_depth=None, packages_select_by_dep=None, packages_skip_by_dep=None, packages_skip_up_to=None, packages_select_build_failed=False, packages_skip_build_finished=False, packages_select_test_failures=False, packages_skip_test_passed=False, packages_select=None, packages_skip=None, packages_select_regex=None, packages_skip_regex=None, packages_start=None, packages_end=None, allow_overriding=[], cmake_args=None, cmake_target=None, cmake_target_skip_unavailable=False, cmake_clean_cache=False, cmake_clean_first=False, cmake_force_configure=False, ament_cmake_args=None, catkin_cmake_args=None, catkin_skip_building_tests=False, mixin_files=None, mixin=None, verb_parser=<colcon_mixin.mixin.mixin_argument.MixinArgumentDecorator object at 0x7f458d14ba30>, verb_extension=<colcon_core.verb.build.BuildVerb object at 0x7f458d14b3d0>, main=<bound method BuildVerb.main of <colcon_core.verb.build.BuildVerb object at 0x7f458d14b3d0>>, mixin_verb=('build',))
[0.297s] Level 1:colcon.colcon_core.package_discovery:discover_packages(colcon_meta) check parameters
[0.297s] Level 1:colcon.colcon_core.package_discovery:discover_packages(recursive) check parameters
[0.297s] Level 1:colcon.colcon_core.package_discovery:discover_packages(ignore) check parameters
[0.297s] Level 1:colcon.colcon_core.package_discovery:discover_packages(path) check parameters
[0.297s] Level 1:colcon.colcon_core.package_discovery:discover_packages(colcon_meta) discover
[0.297s] Level 1:colcon.colcon_core.package_discovery:discover_packages(recursive) discover
[0.297s] INFO:colcon.colcon_core.package_discovery:Crawling recursively for packages in '/home/pavel/ws_ros2'
[0.298s] Level 1:colcon.colcon_core.package_identification:_identify(.) by extensions ['ignore', 'ignore_ament_install']
[0.298s] Level 1:colcon.colcon_core.package_identification:_identify(.) by extension 'ignore'
[0.298s] Level 1:colcon.colcon_core.package_identification:_identify(.) by extension 'ignore_ament_install'
[0.298s] Level 1:colcon.colcon_core.package_identification:_identify(.) by extensions ['colcon_pkg']
[0.298s] Level 1:colcon.colcon_core.package_identification:_identify(.) by extension 'colcon_pkg'
[0.298s] Level 1:colcon.colcon_core.package_identification:_identify(.) by extensions ['colcon_meta']
[0.298s] Level 1:colcon.colcon_core.package_identification:_identify(.) by extension 'colcon_meta'
[0.298s] Level 1:colcon.colcon_core.package_identification:_identify(.) by extensions ['ros']
[0.298s] Level 1:colcon.colcon_core.package_identification:_identify(.) by extension 'ros'
[0.312s] Level 1:colcon.colcon_core.package_identification:_identify(.) by extensions ['cmake', 'python']
[0.312s] Level 1:colcon.colcon_core.package_identification:_identify(.) by extension 'cmake'
[0.312s] Level 1:colcon.colcon_core.package_identification:_identify(.) by extension 'python'
[0.312s] Level 1:colcon.colcon_core.package_identification:_identify(.) by extensions ['python_setup_py']
[0.312s] Level 1:colcon.colcon_core.package_identification:_identify(.) by extension 'python_setup_py'
[0.312s] Level 1:colcon.colcon_core.package_identification:_identify(build) by extensions ['ignore', 'ignore_ament_install']
[0.312s] Level 1:colcon.colcon_core.package_identification:_identify(build) by extension 'ignore'
[0.312s] Level 1:colcon.colcon_core.package_identification:_identify(build) ignored
[0.312s] Level 1:colcon.colcon_core.package_identification:_identify(install) by extensions ['ignore', 'ignore_ament_install']
[0.312s] Level 1:colcon.colcon_core.package_identification:_identify(install) by extension 'ignore'
[0.313s] Level 1:colcon.colcon_core.package_identification:_identify(install) ignored
[0.313s] Level 1:colcon.colcon_core.package_identification:_identify(log) by extensions ['ignore', 'ignore_ament_install']
[0.313s] Level 1:colcon.colcon_core.package_identification:_identify(log) by extension 'ignore'
[0.313s] Level 1:colcon.colcon_core.package_identification:_identify(log) ignored
[0.313s] Level 1:colcon.colcon_core.package_identification:_identify(src) by extensions ['ignore', 'ignore_ament_install']
[0.313s] Level 1:colcon.colcon_core.package_identification:_identify(src) by extension 'ignore'
[0.313s] Level 1:colcon.colcon_core.package_identification:_identify(src) by extension 'ignore_ament_install'
[0.313s] Level 1:colcon.colcon_core.package_identification:_identify(src) by extensions ['colcon_pkg']
[0.313s] Level 1:colcon.colcon_core.package_identification:_identify(src) by extension 'colcon_pkg'
[0.313s] Level 1:colcon.colcon_core.package_identification:_identify(src) by extensions ['colcon_meta']
[0.313s] Level 1:colcon.colcon_core.package_identification:_identify(src) by extension 'colcon_meta'
[0.313s] Level 1:colcon.colcon_core.package_identification:_identify(src) by extensions ['ros']
[0.313s] Level 1:colcon.colcon_core.package_identification:_identify(src) by extension 'ros'
[0.313s] Level 1:colcon.colcon_core.package_identification:_identify(src) by extensions ['cmake', 'python']
[0.314s] Level 1:colcon.colcon_core.package_identification:_identify(src) by extension 'cmake'
[0.314s] Level 1:colcon.colcon_core.package_identification:_identify(src) by extension 'python'
[0.314s] Level 1:colcon.colcon_core.package_identification:_identify(src) by extensions ['python_setup_py']
[0.314s] Level 1:colcon.colcon_core.package_identification:_identify(src) by extension 'python_setup_py'
[0.314s] Level 1:colcon.colcon_core.package_identification:_identify(src/px4_msgs) by extensions ['ignore', 'ignore_ament_install']
[0.314s] Level 1:colcon.colcon_core.package_identification:_identify(src/px4_msgs) by extension 'ignore'
[0.314s] Level 1:colcon.colcon_core.package_identification:_identify(src/px4_msgs) by extension 'ignore_ament_install'
[0.314s] Level 1:colcon.colcon_core.package_identification:_identify(src/px4_msgs) by extensions ['colcon_pkg']
[0.314s] Level 1:colcon.colcon_core.package_identification:_identify(src/px4_msgs) by extension 'colcon_pkg'
[0.314s] Level 1:colcon.colcon_core.package_identification:_identify(src/px4_msgs) by extensions ['colcon_meta']
[0.314s] Level 1:colcon.colcon_core.package_identification:_identify(src/px4_msgs) by extension 'colcon_meta'
[0.314s] Level 1:colcon.colcon_core.package_identification:_identify(src/px4_msgs) by extensions ['ros']
[0.314s] Level 1:colcon.colcon_core.package_identification:_identify(src/px4_msgs) by extension 'ros'
[0.317s] DEBUG:colcon.colcon_core.package_identification:Package 'src/px4_msgs' with type 'ros.ament_cmake' and name 'px4_msgs'
[0.317s] Level 1:colcon.colcon_core.package_identification:_identify(src/px4_ros_com) by extensions ['ignore', 'ignore_ament_install']
[0.317s] Level 1:colcon.colcon_core.package_identification:_identify(src/px4_ros_com) by extension 'ignore'
[0.317s] Level 1:colcon.colcon_core.package_identification:_identify(src/px4_ros_com) by extension 'ignore_ament_install'
[0.317s] Level 1:colcon.colcon_core.package_identification:_identify(src/px4_ros_com) by extensions ['colcon_pkg']
[0.317s] Level 1:colcon.colcon_core.package_identification:_identify(src/px4_ros_com) by extension 'colcon_pkg'
[0.317s] Level 1:colcon.colcon_core.package_identification:_identify(src/px4_ros_com) by extensions ['colcon_meta']
[0.317s] Level 1:colcon.colcon_core.package_identification:_identify(src/px4_ros_com) by extension 'colcon_meta'
[0.317s] Level 1:colcon.colcon_core.package_identification:_identify(src/px4_ros_com) by extensions ['ros']
[0.317s] Level 1:colcon.colcon_core.package_identification:_identify(src/px4_ros_com) by extension 'ros'
[0.318s] DEBUG:colcon.colcon_core.package_identification:Package 'src/px4_ros_com' with type 'ros.ament_cmake' and name 'px4_ros_com'
[0.319s] Level 1:colcon.colcon_core.package_discovery:discover_packages(recursive) using defaults
[0.319s] Level 1:colcon.colcon_core.package_discovery:discover_packages(ignore) discover
[0.319s] Level 1:colcon.colcon_core.package_discovery:discover_packages(ignore) using defaults
[0.319s] Level 1:colcon.colcon_core.package_discovery:discover_packages(path) discover
[0.319s] Level 1:colcon.colcon_core.package_discovery:discover_packages(path) using defaults
[0.342s] Level 1:colcon.colcon_core.package_discovery:discover_packages(prefix_path) check parameters
[0.342s] Level 1:colcon.colcon_core.package_discovery:discover_packages(prefix_path) discover
[0.345s] DEBUG:colcon.colcon_installed_package_information.package_discovery:Found 292 installed packages in /opt/ros/humble
[0.346s] Level 1:colcon.colcon_core.package_discovery:discover_packages(prefix_path) using defaults
[0.380s] Level 5:colcon.colcon_core.verb:set package 'px4_msgs' build argument 'cmake_args' from command line to 'None'
[0.380s] Level 5:colcon.colcon_core.verb:set package 'px4_msgs' build argument 'cmake_target' from command line to 'None'
[0.380s] Level 5:colcon.colcon_core.verb:set package 'px4_msgs' build argument 'cmake_target_skip_unavailable' from command line to 'False'
[0.380s] Level 5:colcon.colcon_core.verb:set package 'px4_msgs' build argument 'cmake_clean_cache' from command line to 'False'
[0.381s] Level 5:colcon.colcon_core.verb:set package 'px4_msgs' build argument 'cmake_clean_first' from command line to 'False'
[0.381s] Level 5:colcon.colcon_core.verb:set package 'px4_msgs' build argument 'cmake_force_configure' from command line to 'False'
[0.381s] Level 5:colcon.colcon_core.verb:set package 'px4_msgs' build argument 'ament_cmake_args' from command line to 'None'
[0.381s] Level 5:colcon.colcon_core.verb:set package 'px4_msgs' build argument 'catkin_cmake_args' from command line to 'None'
[0.381s] Level 5:colcon.colcon_core.verb:set package 'px4_msgs' build argument 'catkin_skip_building_tests' from command line to 'False'
[0.381s] DEBUG:colcon.colcon_core.verb:Building package 'px4_msgs' with the following arguments: {'ament_cmake_args': None, 'build_base': '/home/pavel/ws_ros2/build/px4_msgs', 'catkin_cmake_args': None, 'catkin_skip_building_tests': False, 'cmake_args': None, 'cmake_clean_cache': False, 'cmake_clean_first': False, 'cmake_force_configure': False, 'cmake_target': None, 'cmake_target_skip_unavailable': False, 'install_base': '/home/pavel/ws_ros2/install/px4_msgs', 'merge_install': False, 'path': '/home/pavel/ws_ros2/src/px4_msgs', 'symlink_install': False, 'test_result_base': None}
[0.381s] Level 5:colcon.colcon_core.verb:set package 'px4_ros_com' build argument 'cmake_args' from command line to 'None'
[0.381s] Level 5:colcon.colcon_core.verb:set package 'px4_ros_com' build argument 'cmake_target' from command line to 'None'
[0.381s] Level 5:colcon.colcon_core.verb:set package 'px4_ros_com' build argument 'cmake_target_skip_unavailable' from command line to 'False'
[0.381s] Level 5:colcon.colcon_core.verb:set package 'px4_ros_com' build argument 'cmake_clean_cache' from command line to 'False'
[0.381s] Level 5:colcon.colcon_core.verb:set package 'px4_ros_com' build argument 'cmake_clean_first' from command line to 'False'
[0.381s] Level 5:colcon.colcon_core.verb:set package 'px4_ros_com' build argument 'cmake_force_configure' from command line to 'False'
[0.381s] Level 5:colcon.colcon_core.verb:set package 'px4_ros_com' build argument 'ament_cmake_args' from command line to 'None'
[0.381s] Level 5:colcon.colcon_core.verb:set package 'px4_ros_com' build argument 'catkin_cmake_args' from command line to 'None'
[0.381s] Level 5:colcon.colcon_core.verb:set package 'px4_ros_com' build argument 'catkin_skip_building_tests' from command line to 'False'
[0.381s] DEBUG:colcon.colcon_core.verb:Building package 'px4_ros_com' with the following arguments: {'ament_cmake_args': None, 'build_base': '/home/pavel/ws_ros2/build/px4_ros_com', 'catkin_cmake_args': None, 'catkin_skip_building_tests': False, 'cmake_args': None, 'cmake_clean_cache': False, 'cmake_clean_first': False, 'cmake_force_configure': False, 'cmake_target': None, 'cmake_target_skip_unavailable': False, 'install_base': '/home/pavel/ws_ros2/install/px4_ros_com', 'merge_install': False, 'path': '/home/pavel/ws_ros2/src/px4_ros_com', 'symlink_install': False, 'test_result_base': None}
[0.381s] INFO:colcon.colcon_core.executor:Executing jobs using 'parallel' executor
[0.382s] DEBUG:colcon.colcon_parallel_executor.executor.parallel:run_until_complete
[0.382s] INFO:colcon.colcon_ros.task.ament_cmake.build:Building ROS package in '/home/pavel/ws_ros2/src/px4_msgs' with build type 'ament_cmake'
[0.382s] INFO:colcon.colcon_cmake.task.cmake.build:Building CMake package in '/home/pavel/ws_ros2/src/px4_msgs'
[0.385s] INFO:colcon.colcon_core.plugin_system:Skipping extension 'colcon_core.shell.bat': Not used on non-Windows systems
[0.386s] INFO:colcon.colcon_core.shell:Skip shell extension 'powershell' for command environment: Not usable outside of PowerShell
[0.386s] DEBUG:colcon.colcon_core.shell:Skip shell extension 'dsv' for command environment
[0.393s] DEBUG:colcon.colcon_core.event_handler.log_command:Invoking command in '/home/pavel/ws_ros2/build/px4_msgs': CMAKE_PREFIX_PATH=/opt/ros/humble /usr/bin/cmake --build /home/pavel/ws_ros2/build/px4_msgs -- -j12 -l12
[1.537s] DEBUG:colcon.colcon_core.event_handler.log_command:Invoked command in '/home/pavel/ws_ros2/build/px4_msgs' returned '0': CMAKE_PREFIX_PATH=/opt/ros/humble /usr/bin/cmake --build /home/pavel/ws_ros2/build/px4_msgs -- -j12 -l12
[5.789s] DEBUG:colcon.colcon_core.event_handler.log_command:Invoking command in '/home/pavel/ws_ros2/build/px4_msgs': CMAKE_PREFIX_PATH=/opt/ros/humble /usr/bin/cmake --install /home/pavel/ws_ros2/build/px4_msgs
[6.141s] Level 1:colcon.colcon_core.environment:create_environment_scripts_only(px4_msgs)
[6.142s] DEBUG:colcon.colcon_core.event_handler.log_command:Invoked command in '/home/pavel/ws_ros2/build/px4_msgs' returned '0': CMAKE_PREFIX_PATH=/opt/ros/humble /usr/bin/cmake --install /home/pavel/ws_ros2/build/px4_msgs
[6.147s] Level 1:colcon.colcon_core.environment:checking '/home/pavel/ws_ros2/install/px4_msgs' for CMake module files
[6.148s] Level 1:colcon.colcon_core.environment:checking '/home/pavel/ws_ros2/install/px4_msgs' for CMake config files
[6.149s] Level 1:colcon.colcon_core.shell:create_environment_hook('px4_msgs', 'cmake_prefix_path')
[6.149s] INFO:colcon.colcon_core.shell:Creating environment hook '/home/pavel/ws_ros2/install/px4_msgs/share/px4_msgs/hook/cmake_prefix_path.ps1'
[6.151s] INFO:colcon.colcon_core.shell:Creating environment descriptor '/home/pavel/ws_ros2/install/px4_msgs/share/px4_msgs/hook/cmake_prefix_path.dsv'
[6.151s] INFO:colcon.colcon_core.shell:Creating environment hook '/home/pavel/ws_ros2/install/px4_msgs/share/px4_msgs/hook/cmake_prefix_path.sh'
[6.152s] Level 1:colcon.colcon_core.environment:checking '/home/pavel/ws_ros2/install/px4_msgs/lib'
[6.152s] Level 1:colcon.colcon_core.shell:create_environment_hook('px4_msgs', 'ld_library_path_lib')
[6.153s] INFO:colcon.colcon_core.shell:Creating environment hook '/home/pavel/ws_ros2/install/px4_msgs/share/px4_msgs/hook/ld_library_path_lib.ps1'
[6.153s] INFO:colcon.colcon_core.shell:Creating environment descriptor '/home/pavel/ws_ros2/install/px4_msgs/share/px4_msgs/hook/ld_library_path_lib.dsv'
[6.153s] INFO:colcon.colcon_core.shell:Creating environment hook '/home/pavel/ws_ros2/install/px4_msgs/share/px4_msgs/hook/ld_library_path_lib.sh'
[6.154s] Level 1:colcon.colcon_core.environment:checking '/home/pavel/ws_ros2/install/px4_msgs/bin'
[6.154s] Level 1:colcon.colcon_core.environment:checking '/home/pavel/ws_ros2/install/px4_msgs/lib/pkgconfig/px4_msgs.pc'
[6.154s] Level 1:colcon.colcon_core.environment:checking '/home/pavel/ws_ros2/install/px4_msgs/lib/python3.10/site-packages'
[6.154s] Level 1:colcon.colcon_core.environment:checking '/home/pavel/ws_ros2/install/px4_msgs/bin'
[6.154s] INFO:colcon.colcon_core.shell:Creating package script '/home/pavel/ws_ros2/install/px4_msgs/share/px4_msgs/package.ps1'
[6.155s] INFO:colcon.colcon_core.shell:Creating package descriptor '/home/pavel/ws_ros2/install/px4_msgs/share/px4_msgs/package.dsv'
[6.156s] INFO:colcon.colcon_core.shell:Creating package script '/home/pavel/ws_ros2/install/px4_msgs/share/px4_msgs/package.sh'
[6.156s] INFO:colcon.colcon_core.shell:Creating package script '/home/pavel/ws_ros2/install/px4_msgs/share/px4_msgs/package.bash'
[6.157s] INFO:colcon.colcon_core.shell:Creating package script '/home/pavel/ws_ros2/install/px4_msgs/share/px4_msgs/package.zsh'
[6.165s] Level 1:colcon.colcon_core.environment:create_file_with_runtime_dependencies(/home/pavel/ws_ros2/install/px4_msgs/share/colcon-core/packages/px4_msgs)
[10.420s] Level 1:colcon.colcon_core.environment:create_environment_scripts_only(px4_msgs)
[10.420s] Level 1:colcon.colcon_core.environment:checking '/home/pavel/ws_ros2/install/px4_msgs' for CMake module files
[10.421s] Level 1:colcon.colcon_core.environment:checking '/home/pavel/ws_ros2/install/px4_msgs' for CMake config files
[10.422s] Level 1:colcon.colcon_core.shell:create_environment_hook('px4_msgs', 'cmake_prefix_path')
[10.422s] INFO:colcon.colcon_core.shell:Creating environment hook '/home/pavel/ws_ros2/install/px4_msgs/share/px4_msgs/hook/cmake_prefix_path.ps1'
[10.423s] INFO:colcon.colcon_core.shell:Creating environment descriptor '/home/pavel/ws_ros2/install/px4_msgs/share/px4_msgs/hook/cmake_prefix_path.dsv'
[10.423s] INFO:colcon.colcon_core.shell:Creating environment hook '/home/pavel/ws_ros2/install/px4_msgs/share/px4_msgs/hook/cmake_prefix_path.sh'
[10.423s] Level 1:colcon.colcon_core.environment:checking '/home/pavel/ws_ros2/install/px4_msgs/lib'
[10.423s] Level 1:colcon.colcon_core.shell:create_environment_hook('px4_msgs', 'ld_library_path_lib')
[10.423s] INFO:colcon.colcon_core.shell:Creating environment hook '/home/pavel/ws_ros2/install/px4_msgs/share/px4_msgs/hook/ld_library_path_lib.ps1'
[10.424s] INFO:colcon.colcon_core.shell:Creating environment descriptor '/home/pavel/ws_ros2/install/px4_msgs/share/px4_msgs/hook/ld_library_path_lib.dsv'
[10.424s] INFO:colcon.colcon_core.shell:Creating environment hook '/home/pavel/ws_ros2/install/px4_msgs/share/px4_msgs/hook/ld_library_path_lib.sh'
[10.424s] Level 1:colcon.colcon_core.environment:checking '/home/pavel/ws_ros2/install/px4_msgs/bin'
[10.424s] Level 1:colcon.colcon_core.environment:checking '/home/pavel/ws_ros2/install/px4_msgs/lib/pkgconfig/px4_msgs.pc'
[10.425s] Level 1:colcon.colcon_core.environment:checking '/home/pavel/ws_ros2/install/px4_msgs/lib/python3.10/site-packages'
[10.425s] Level 1:colcon.colcon_core.environment:checking '/home/pavel/ws_ros2/install/px4_msgs/bin'
[10.425s] INFO:colcon.colcon_core.shell:Creating package script '/home/pavel/ws_ros2/install/px4_msgs/share/px4_msgs/package.ps1'
[10.426s] INFO:colcon.colcon_core.shell:Creating package descriptor '/home/pavel/ws_ros2/install/px4_msgs/share/px4_msgs/package.dsv'
[10.426s] INFO:colcon.colcon_core.shell:Creating package script '/home/pavel/ws_ros2/install/px4_msgs/share/px4_msgs/package.sh'
[10.426s] INFO:colcon.colcon_core.shell:Creating package script '/home/pavel/ws_ros2/install/px4_msgs/share/px4_msgs/package.bash'
[10.427s] INFO:colcon.colcon_core.shell:Creating package script '/home/pavel/ws_ros2/install/px4_msgs/share/px4_msgs/package.zsh'
[10.427s] Level 1:colcon.colcon_core.environment:create_file_with_runtime_dependencies(/home/pavel/ws_ros2/install/px4_msgs/share/colcon-core/packages/px4_msgs)
[10.427s] INFO:colcon.colcon_ros.task.ament_cmake.build:Building ROS package in '/home/pavel/ws_ros2/src/px4_ros_com' with build type 'ament_cmake'
[10.428s] INFO:colcon.colcon_cmake.task.cmake.build:Building CMake package in '/home/pavel/ws_ros2/src/px4_ros_com'
[10.428s] INFO:colcon.colcon_core.shell:Skip shell extension 'powershell' for command environment: Not usable outside of PowerShell
[10.428s] DEBUG:colcon.colcon_core.shell:Skip shell extension 'dsv' for command environment
[10.438s] DEBUG:colcon.colcon_core.event_handler.log_command:Invoking command in '/home/pavel/ws_ros2/build/px4_ros_com': AMENT_PREFIX_PATH=/home/pavel/ws_ros2/install/px4_msgs:${AMENT_PREFIX_PATH} CMAKE_PREFIX_PATH=/home/pavel/ws_ros2/install/px4_msgs:/opt/ros/humble LD_LIBRARY_PATH=/home/pavel/ws_ros2/install/px4_msgs/lib:${LD_LIBRARY_PATH} PYTHONPATH=/home/pavel/ws_ros2/install/px4_msgs/local/lib/python3.10/dist-packages:${PYTHONPATH} /usr/bin/cmake --build /home/pavel/ws_ros2/build/px4_ros_com -- -j12 -l12
[10.821s] DEBUG:colcon.colcon_core.event_handler.log_command:Invoked command in '/home/pavel/ws_ros2/build/px4_ros_com' returned '0': AMENT_PREFIX_PATH=/home/pavel/ws_ros2/install/px4_msgs:${AMENT_PREFIX_PATH} CMAKE_PREFIX_PATH=/home/pavel/ws_ros2/install/px4_msgs:/opt/ros/humble LD_LIBRARY_PATH=/home/pavel/ws_ros2/install/px4_msgs/lib:${LD_LIBRARY_PATH} PYTHONPATH=/home/pavel/ws_ros2/install/px4_msgs/local/lib/python3.10/dist-packages:${PYTHONPATH} /usr/bin/cmake --build /home/pavel/ws_ros2/build/px4_ros_com -- -j12 -l12
[10.862s] DEBUG:colcon.colcon_core.event_handler.log_command:Invoking command in '/home/pavel/ws_ros2/build/px4_ros_com': AMENT_PREFIX_PATH=/home/pavel/ws_ros2/install/px4_msgs:${AMENT_PREFIX_PATH} CMAKE_PREFIX_PATH=/home/pavel/ws_ros2/install/px4_msgs:/opt/ros/humble LD_LIBRARY_PATH=/home/pavel/ws_ros2/install/px4_msgs/lib:${LD_LIBRARY_PATH} PYTHONPATH=/home/pavel/ws_ros2/install/px4_msgs/local/lib/python3.10/dist-packages:${PYTHONPATH} /usr/bin/cmake --install /home/pavel/ws_ros2/build/px4_ros_com
[10.918s] Level 1:colcon.colcon_core.environment:create_environment_scripts_only(px4_ros_com)
[10.918s] DEBUG:colcon.colcon_core.event_handler.log_command:Invoked command in '/home/pavel/ws_ros2/build/px4_ros_com' returned '0': AMENT_PREFIX_PATH=/home/pavel/ws_ros2/install/px4_msgs:${AMENT_PREFIX_PATH} CMAKE_PREFIX_PATH=/home/pavel/ws_ros2/install/px4_msgs:/opt/ros/humble LD_LIBRARY_PATH=/home/pavel/ws_ros2/install/px4_msgs/lib:${LD_LIBRARY_PATH} PYTHONPATH=/home/pavel/ws_ros2/install/px4_msgs/local/lib/python3.10/dist-packages:${PYTHONPATH} /usr/bin/cmake --install /home/pavel/ws_ros2/build/px4_ros_com
[10.918s] Level 1:colcon.colcon_core.environment:checking '/home/pavel/ws_ros2/install/px4_ros_com' for CMake module files
[10.919s] Level 1:colcon.colcon_core.environment:checking '/home/pavel/ws_ros2/install/px4_ros_com' for CMake config files
[10.920s] Level 1:colcon.colcon_core.shell:create_environment_hook('px4_ros_com', 'cmake_prefix_path')
[10.920s] INFO:colcon.colcon_core.shell:Creating environment hook '/home/pavel/ws_ros2/install/px4_ros_com/share/px4_ros_com/hook/cmake_prefix_path.ps1'
[10.920s] INFO:colcon.colcon_core.shell:Creating environment descriptor '/home/pavel/ws_ros2/install/px4_ros_com/share/px4_ros_com/hook/cmake_prefix_path.dsv'
[10.921s] INFO:colcon.colcon_core.shell:Creating environment hook '/home/pavel/ws_ros2/install/px4_ros_com/share/px4_ros_com/hook/cmake_prefix_path.sh'
[10.921s] Level 1:colcon.colcon_core.environment:checking '/home/pavel/ws_ros2/install/px4_ros_com/lib'
[10.921s] Level 1:colcon.colcon_core.shell:create_environment_hook('px4_ros_com', 'ld_library_path_lib')
[10.921s] INFO:colcon.colcon_core.shell:Creating environment hook '/home/pavel/ws_ros2/install/px4_ros_com/share/px4_ros_com/hook/ld_library_path_lib.ps1'
[10.922s] INFO:colcon.colcon_core.shell:Creating environment descriptor '/home/pavel/ws_ros2/install/px4_ros_com/share/px4_ros_com/hook/ld_library_path_lib.dsv'
[10.922s] INFO:colcon.colcon_core.shell:Creating environment hook '/home/pavel/ws_ros2/install/px4_ros_com/share/px4_ros_com/hook/ld_library_path_lib.sh'
[10.922s] Level 1:colcon.colcon_core.environment:checking '/home/pavel/ws_ros2/install/px4_ros_com/bin'
[10.922s] Level 1:colcon.colcon_core.environment:checking '/home/pavel/ws_ros2/install/px4_ros_com/lib/pkgconfig/px4_ros_com.pc'
[10.923s] Level 1:colcon.colcon_core.environment:checking '/home/pavel/ws_ros2/install/px4_ros_com/lib/python3.10/site-packages'
[10.923s] Level 1:colcon.colcon_core.environment:checking '/home/pavel/ws_ros2/install/px4_ros_com/bin'
[10.923s] INFO:colcon.colcon_core.shell:Creating package script '/home/pavel/ws_ros2/install/px4_ros_com/share/px4_ros_com/package.ps1'
[10.923s] INFO:colcon.colcon_core.shell:Creating package descriptor '/home/pavel/ws_ros2/install/px4_ros_com/share/px4_ros_com/package.dsv'
[10.924s] INFO:colcon.colcon_core.shell:Creating package script '/home/pavel/ws_ros2/install/px4_ros_com/share/px4_ros_com/package.sh'
[10.924s] INFO:colcon.colcon_core.shell:Creating package script '/home/pavel/ws_ros2/install/px4_ros_com/share/px4_ros_com/package.bash'
[10.924s] INFO:colcon.colcon_core.shell:Creating package script '/home/pavel/ws_ros2/install/px4_ros_com/share/px4_ros_com/package.zsh'
[10.925s] Level 1:colcon.colcon_core.environment:create_file_with_runtime_dependencies(/home/pavel/ws_ros2/install/px4_ros_com/share/colcon-core/packages/px4_ros_com)
[10.963s] Level 1:colcon.colcon_core.environment:create_environment_scripts_only(px4_ros_com)
[10.964s] Level 1:colcon.colcon_core.environment:checking '/home/pavel/ws_ros2/install/px4_ros_com' for CMake module files
[10.964s] Level 1:colcon.colcon_core.environment:checking '/home/pavel/ws_ros2/install/px4_ros_com' for CMake config files
[10.965s] Level 1:colcon.colcon_core.shell:create_environment_hook('px4_ros_com', 'cmake_prefix_path')
[10.965s] INFO:colcon.colcon_core.shell:Creating environment hook '/home/pavel/ws_ros2/install/px4_ros_com/share/px4_ros_com/hook/cmake_prefix_path.ps1'
[10.965s] INFO:colcon.colcon_core.shell:Creating environment descriptor '/home/pavel/ws_ros2/install/px4_ros_com/share/px4_ros_com/hook/cmake_prefix_path.dsv'
[10.965s] INFO:colcon.colcon_core.shell:Creating environment hook '/home/pavel/ws_ros2/install/px4_ros_com/share/px4_ros_com/hook/cmake_prefix_path.sh'
[10.966s] Level 1:colcon.colcon_core.environment:checking '/home/pavel/ws_ros2/install/px4_ros_com/lib'
[10.966s] Level 1:colcon.colcon_core.shell:create_environment_hook('px4_ros_com', 'ld_library_path_lib')
[10.966s] INFO:colcon.colcon_core.shell:Creating environment hook '/home/pavel/ws_ros2/install/px4_ros_com/share/px4_ros_com/hook/ld_library_path_lib.ps1'
[10.966s] INFO:colcon.colcon_core.shell:Creating environment descriptor '/home/pavel/ws_ros2/install/px4_ros_com/share/px4_ros_com/hook/ld_library_path_lib.dsv'
[10.967s] INFO:colcon.colcon_core.shell:Creating environment hook '/home/pavel/ws_ros2/install/px4_ros_com/share/px4_ros_com/hook/ld_library_path_lib.sh'
[10.967s] Level 1:colcon.colcon_core.environment:checking '/home/pavel/ws_ros2/install/px4_ros_com/bin'
[10.967s] Level 1:colcon.colcon_core.environment:checking '/home/pavel/ws_ros2/install/px4_ros_com/lib/pkgconfig/px4_ros_com.pc'
[10.967s] Level 1:colcon.colcon_core.environment:checking '/home/pavel/ws_ros2/install/px4_ros_com/lib/python3.10/site-packages'
[10.968s] Level 1:colcon.colcon_core.environment:checking '/home/pavel/ws_ros2/install/px4_ros_com/bin'
[10.968s] INFO:colcon.colcon_core.shell:Creating package script '/home/pavel/ws_ros2/install/px4_ros_com/share/px4_ros_com/package.ps1'
[10.968s] INFO:colcon.colcon_core.shell:Creating package descriptor '/home/pavel/ws_ros2/install/px4_ros_com/share/px4_ros_com/package.dsv'
[10.969s] INFO:colcon.colcon_core.shell:Creating package script '/home/pavel/ws_ros2/install/px4_ros_com/share/px4_ros_com/package.sh'
[10.969s] INFO:colcon.colcon_core.shell:Creating package script '/home/pavel/ws_ros2/install/px4_ros_com/share/px4_ros_com/package.bash'
[10.970s] INFO:colcon.colcon_core.shell:Creating package script '/home/pavel/ws_ros2/install/px4_ros_com/share/px4_ros_com/package.zsh'
[10.970s] Level 1:colcon.colcon_core.environment:create_file_with_runtime_dependencies(/home/pavel/ws_ros2/install/px4_ros_com/share/colcon-core/packages/px4_ros_com)
[10.970s] DEBUG:colcon.colcon_parallel_executor.executor.parallel:closing loop
[10.970s] DEBUG:colcon.colcon_parallel_executor.executor.parallel:loop closed
[10.970s] DEBUG:colcon.colcon_parallel_executor.executor.parallel:run_until_complete finished with '0'
[10.971s] DEBUG:colcon.colcon_core.event_reactor:joining thread
[10.975s] INFO:colcon.colcon_core.plugin_system:Skipping extension 'colcon_notification.desktop_notification.terminal_notifier': Not used on non-Darwin systems
[10.975s] INFO:colcon.colcon_core.plugin_system:Skipping extension 'colcon_notification.desktop_notification.win32': Not used on non-Windows systems
[10.975s] INFO:colcon.colcon_notification.desktop_notification:Sending desktop notification using 'notify2'
[10.995s] DEBUG:colcon.colcon_core.event_reactor:joined thread
[10.996s] INFO:colcon.colcon_core.shell:Creating prefix script '/home/pavel/ws_ros2/install/local_setup.ps1'
[10.997s] INFO:colcon.colcon_core.shell:Creating prefix util module '/home/pavel/ws_ros2/install/_local_setup_util_ps1.py'
[10.998s] INFO:colcon.colcon_core.shell:Creating prefix chain script '/home/pavel/ws_ros2/install/setup.ps1'
[10.999s] INFO:colcon.colcon_core.shell:Creating prefix script '/home/pavel/ws_ros2/install/local_setup.sh'
[11.000s] INFO:colcon.colcon_core.shell:Creating prefix util module '/home/pavel/ws_ros2/install/_local_setup_util_sh.py'
[11.001s] INFO:colcon.colcon_core.shell:Creating prefix chain script '/home/pavel/ws_ros2/install/setup.sh'
[11.002s] INFO:colcon.colcon_core.shell:Creating prefix script '/home/pavel/ws_ros2/install/local_setup.bash'
[11.003s] INFO:colcon.colcon_core.shell:Creating prefix chain script '/home/pavel/ws_ros2/install/setup.bash'
[11.004s] INFO:colcon.colcon_core.shell:Creating prefix script '/home/pavel/ws_ros2/install/local_setup.zsh'
[11.005s] INFO:colcon.colcon_core.shell:Creating prefix chain script '/home/pavel/ws_ros2/install/setup.zsh'
