[0.140s] DEBUG:colcon:Command line arguments: ['/usr/bin/colcon', 'build']
[0.140s] DEBUG:colcon:Parsed command line arguments: Namespace(log_base=None, log_level=None, verb_name='build', build_base='build', install_base='install', merge_install=False, symlink_install=False, test_result_base=None, continue_on_error=False, executor='parallel', parallel_workers=12, event_handlers=None, ignore_user_meta=False, metas=['./colcon.meta'], base_paths=['.'], packages_ignore=None, packages_ignore_regex=None, paths=None, packages_up_to=None, packages_up_to_regex=None, packages_above=None, packages_above_and_dependencies=None, packages_above_depth=None, packages_select_by_dep=None, packages_skip_by_dep=None, packages_skip_up_to=None, packages_select_build_failed=False, packages_skip_build_finished=False, packages_select_test_failures=False, packages_skip_test_passed=False, packages_select=None, packages_skip=None, packages_select_regex=None, packages_skip_regex=None, packages_start=None, packages_end=None, allow_overriding=[], cmake_args=None, cmake_target=None, cmake_target_skip_unavailable=False, cmake_clean_cache=False, cmake_clean_first=False, cmake_force_configure=False, ament_cmake_args=None, catkin_cmake_args=None, catkin_skip_building_tests=False, mixin_files=None, mixin=None, verb_parser=<colcon_mixin.mixin.mixin_argument.MixinArgumentDecorator object at 0x731148072e00>, verb_extension=<colcon_core.verb.build.BuildVerb object at 0x731148072890>, main=<bound method BuildVerb.main of <colcon_core.verb.build.BuildVerb object at 0x731148072890>>, mixin_verb=('build',))
[0.186s] Level 1:colcon.colcon_core.package_discovery:discover_packages(colcon_meta) check parameters
[0.186s] Level 1:colcon.colcon_core.package_discovery:discover_packages(recursive) check parameters
[0.186s] Level 1:colcon.colcon_core.package_discovery:discover_packages(ignore) check parameters
[0.186s] Level 1:colcon.colcon_core.package_discovery:discover_packages(path) check parameters
[0.186s] Level 1:colcon.colcon_core.package_discovery:discover_packages(colcon_meta) discover
[0.187s] Level 1:colcon.colcon_core.package_discovery:discover_packages(recursive) discover
[0.187s] INFO:colcon.colcon_core.package_discovery:Crawling recursively for packages in '/home/pavel/ws_ros2'
[0.187s] Level 1:colcon.colcon_core.package_identification:_identify(.) by extensions ['ignore', 'ignore_ament_install']
[0.187s] Level 1:colcon.colcon_core.package_identification:_identify(.) by extension 'ignore'
[0.187s] Level 1:colcon.colcon_core.package_identification:_identify(.) by extension 'ignore_ament_install'
[0.187s] Level 1:colcon.colcon_core.package_identification:_identify(.) by extensions ['colcon_pkg']
[0.187s] Level 1:colcon.colcon_core.package_identification:_identify(.) by extension 'colcon_pkg'
[0.187s] Level 1:colcon.colcon_core.package_identification:_identify(.) by extensions ['colcon_meta']
[0.187s] Level 1:colcon.colcon_core.package_identification:_identify(.) by extension 'colcon_meta'
[0.187s] Level 1:colcon.colcon_core.package_identification:_identify(.) by extensions ['ros']
[0.187s] Level 1:colcon.colcon_core.package_identification:_identify(.) by extension 'ros'
[0.205s] Level 1:colcon.colcon_core.package_identification:_identify(.) by extensions ['cmake', 'python']
[0.205s] Level 1:colcon.colcon_core.package_identification:_identify(.) by extension 'cmake'
[0.205s] Level 1:colcon.colcon_core.package_identification:_identify(.) by extension 'python'
[0.205s] Level 1:colcon.colcon_core.package_identification:_identify(.) by extensions ['python_setup_py']
[0.205s] Level 1:colcon.colcon_core.package_identification:_identify(.) by extension 'python_setup_py'
[0.205s] Level 1:colcon.colcon_core.package_identification:_identify(build) by extensions ['ignore', 'ignore_ament_install']
[0.206s] Level 1:colcon.colcon_core.package_identification:_identify(build) by extension 'ignore'
[0.206s] Level 1:colcon.colcon_core.package_identification:_identify(build) ignored
[0.206s] Level 1:colcon.colcon_core.package_identification:_identify(install) by extensions ['ignore', 'ignore_ament_install']
[0.206s] Level 1:colcon.colcon_core.package_identification:_identify(install) by extension 'ignore'
[0.206s] Level 1:colcon.colcon_core.package_identification:_identify(install) ignored
[0.206s] Level 1:colcon.colcon_core.package_identification:_identify(log) by extensions ['ignore', 'ignore_ament_install']
[0.206s] Level 1:colcon.colcon_core.package_identification:_identify(log) by extension 'ignore'
[0.206s] Level 1:colcon.colcon_core.package_identification:_identify(log) ignored
[0.207s] Level 1:colcon.colcon_core.package_identification:_identify(src) by extensions ['ignore', 'ignore_ament_install']
[0.207s] Level 1:colcon.colcon_core.package_identification:_identify(src) by extension 'ignore'
[0.207s] Level 1:colcon.colcon_core.package_identification:_identify(src) by extension 'ignore_ament_install'
[0.207s] Level 1:colcon.colcon_core.package_identification:_identify(src) by extensions ['colcon_pkg']
[0.207s] Level 1:colcon.colcon_core.package_identification:_identify(src) by extension 'colcon_pkg'
[0.207s] Level 1:colcon.colcon_core.package_identification:_identify(src) by extensions ['colcon_meta']
[0.207s] Level 1:colcon.colcon_core.package_identification:_identify(src) by extension 'colcon_meta'
[0.207s] Level 1:colcon.colcon_core.package_identification:_identify(src) by extensions ['ros']
[0.207s] Level 1:colcon.colcon_core.package_identification:_identify(src) by extension 'ros'
[0.207s] Level 1:colcon.colcon_core.package_identification:_identify(src) by extensions ['cmake', 'python']
[0.207s] Level 1:colcon.colcon_core.package_identification:_identify(src) by extension 'cmake'
[0.207s] Level 1:colcon.colcon_core.package_identification:_identify(src) by extension 'python'
[0.207s] Level 1:colcon.colcon_core.package_identification:_identify(src) by extensions ['python_setup_py']
[0.207s] Level 1:colcon.colcon_core.package_identification:_identify(src) by extension 'python_setup_py'
[0.208s] Level 1:colcon.colcon_core.package_identification:_identify(src/px4_msgs) by extensions ['ignore', 'ignore_ament_install']
[0.208s] Level 1:colcon.colcon_core.package_identification:_identify(src/px4_msgs) by extension 'ignore'
[0.208s] Level 1:colcon.colcon_core.package_identification:_identify(src/px4_msgs) by extension 'ignore_ament_install'
[0.208s] Level 1:colcon.colcon_core.package_identification:_identify(src/px4_msgs) by extensions ['colcon_pkg']
[0.208s] Level 1:colcon.colcon_core.package_identification:_identify(src/px4_msgs) by extension 'colcon_pkg'
[0.208s] Level 1:colcon.colcon_core.package_identification:_identify(src/px4_msgs) by extensions ['colcon_meta']
[0.208s] Level 1:colcon.colcon_core.package_identification:_identify(src/px4_msgs) by extension 'colcon_meta'
[0.208s] Level 1:colcon.colcon_core.package_identification:_identify(src/px4_msgs) by extensions ['ros']
[0.208s] Level 1:colcon.colcon_core.package_identification:_identify(src/px4_msgs) by extension 'ros'
[0.211s] DEBUG:colcon.colcon_core.package_identification:Package 'src/px4_msgs' with type 'ros.ament_cmake' and name 'px4_msgs'
[0.211s] Level 1:colcon.colcon_core.package_identification:_identify(src/px4_ros_com) by extensions ['ignore', 'ignore_ament_install']
[0.211s] Level 1:colcon.colcon_core.package_identification:_identify(src/px4_ros_com) by extension 'ignore'
[0.211s] Level 1:colcon.colcon_core.package_identification:_identify(src/px4_ros_com) by extension 'ignore_ament_install'
[0.211s] Level 1:colcon.colcon_core.package_identification:_identify(src/px4_ros_com) by extensions ['colcon_pkg']
[0.211s] Level 1:colcon.colcon_core.package_identification:_identify(src/px4_ros_com) by extension 'colcon_pkg'
[0.211s] Level 1:colcon.colcon_core.package_identification:_identify(src/px4_ros_com) by extensions ['colcon_meta']
[0.212s] Level 1:colcon.colcon_core.package_identification:_identify(src/px4_ros_com) by extension 'colcon_meta'
[0.212s] Level 1:colcon.colcon_core.package_identification:_identify(src/px4_ros_com) by extensions ['ros']
[0.212s] Level 1:colcon.colcon_core.package_identification:_identify(src/px4_ros_com) by extension 'ros'
[0.213s] DEBUG:colcon.colcon_core.package_identification:Package 'src/px4_ros_com' with type 'ros.ament_cmake' and name 'px4_ros_com'
[0.213s] Level 1:colcon.colcon_core.package_discovery:discover_packages(recursive) using defaults
[0.213s] Level 1:colcon.colcon_core.package_discovery:discover_packages(ignore) discover
[0.213s] Level 1:colcon.colcon_core.package_discovery:discover_packages(ignore) using defaults
[0.213s] Level 1:colcon.colcon_core.package_discovery:discover_packages(path) discover
[0.213s] Level 1:colcon.colcon_core.package_discovery:discover_packages(path) using defaults
[0.238s] Level 1:colcon.colcon_core.package_discovery:discover_packages(prefix_path) check parameters
[0.238s] Level 1:colcon.colcon_core.package_discovery:discover_packages(prefix_path) discover
[0.240s] DEBUG:colcon.colcon_installed_package_information.package_discovery:Found 2 installed packages in /home/pavel/ws_ros2/install
[0.241s] DEBUG:colcon.colcon_installed_package_information.package_discovery:Found 0 installed packages in /home/pavel/install
[0.242s] DEBUG:colcon.colcon_installed_package_information.package_discovery:Found 292 installed packages in /opt/ros/humble
[0.244s] Level 1:colcon.colcon_core.package_discovery:discover_packages(prefix_path) using defaults
[0.292s] Level 5:colcon.colcon_core.verb:set package 'px4_msgs' build argument 'cmake_args' from command line to 'None'
[0.292s] Level 5:colcon.colcon_core.verb:set package 'px4_msgs' build argument 'cmake_target' from command line to 'None'
[0.292s] Level 5:colcon.colcon_core.verb:set package 'px4_msgs' build argument 'cmake_target_skip_unavailable' from command line to 'False'
[0.292s] Level 5:colcon.colcon_core.verb:set package 'px4_msgs' build argument 'cmake_clean_cache' from command line to 'False'
[0.292s] Level 5:colcon.colcon_core.verb:set package 'px4_msgs' build argument 'cmake_clean_first' from command line to 'False'
[0.292s] Level 5:colcon.colcon_core.verb:set package 'px4_msgs' build argument 'cmake_force_configure' from command line to 'False'
[0.292s] Level 5:colcon.colcon_core.verb:set package 'px4_msgs' build argument 'ament_cmake_args' from command line to 'None'
[0.292s] Level 5:colcon.colcon_core.verb:set package 'px4_msgs' build argument 'catkin_cmake_args' from command line to 'None'
[0.292s] Level 5:colcon.colcon_core.verb:set package 'px4_msgs' build argument 'catkin_skip_building_tests' from command line to 'False'
[0.292s] DEBUG:colcon.colcon_core.verb:Building package 'px4_msgs' with the following arguments: {'ament_cmake_args': None, 'build_base': '/home/pavel/ws_ros2/build/px4_msgs', 'catkin_cmake_args': None, 'catkin_skip_building_tests': False, 'cmake_args': None, 'cmake_clean_cache': False, 'cmake_clean_first': False, 'cmake_force_configure': False, 'cmake_target': None, 'cmake_target_skip_unavailable': False, 'install_base': '/home/pavel/ws_ros2/install/px4_msgs', 'merge_install': False, 'path': '/home/pavel/ws_ros2/src/px4_msgs', 'symlink_install': False, 'test_result_base': None}
[0.293s] Level 5:colcon.colcon_core.verb:set package 'px4_ros_com' build argument 'cmake_args' from command line to 'None'
[0.293s] Level 5:colcon.colcon_core.verb:set package 'px4_ros_com' build argument 'cmake_target' from command line to 'None'
[0.293s] Level 5:colcon.colcon_core.verb:set package 'px4_ros_com' build argument 'cmake_target_skip_unavailable' from command line to 'False'
[0.293s] Level 5:colcon.colcon_core.verb:set package 'px4_ros_com' build argument 'cmake_clean_cache' from command line to 'False'
[0.293s] Level 5:colcon.colcon_core.verb:set package 'px4_ros_com' build argument 'cmake_clean_first' from command line to 'False'
[0.293s] Level 5:colcon.colcon_core.verb:set package 'px4_ros_com' build argument 'cmake_force_configure' from command line to 'False'
[0.293s] Level 5:colcon.colcon_core.verb:set package 'px4_ros_com' build argument 'ament_cmake_args' from command line to 'None'
[0.293s] Level 5:colcon.colcon_core.verb:set package 'px4_ros_com' build argument 'catkin_cmake_args' from command line to 'None'
[0.293s] Level 5:colcon.colcon_core.verb:set package 'px4_ros_com' build argument 'catkin_skip_building_tests' from command line to 'False'
[0.293s] DEBUG:colcon.colcon_core.verb:Building package 'px4_ros_com' with the following arguments: {'ament_cmake_args': None, 'build_base': '/home/pavel/ws_ros2/build/px4_ros_com', 'catkin_cmake_args': None, 'catkin_skip_building_tests': False, 'cmake_args': None, 'cmake_clean_cache': False, 'cmake_clean_first': False, 'cmake_force_configure': False, 'cmake_target': None, 'cmake_target_skip_unavailable': False, 'install_base': '/home/pavel/ws_ros2/install/px4_ros_com', 'merge_install': False, 'path': '/home/pavel/ws_ros2/src/px4_ros_com', 'symlink_install': False, 'test_result_base': None}
[0.293s] INFO:colcon.colcon_core.executor:Executing jobs using 'parallel' executor
[0.294s] DEBUG:colcon.colcon_parallel_executor.executor.parallel:run_until_complete
[0.295s] INFO:colcon.colcon_ros.task.ament_cmake.build:Building ROS package in '/home/pavel/ws_ros2/src/px4_msgs' with build type 'ament_cmake'
[0.295s] INFO:colcon.colcon_cmake.task.cmake.build:Building CMake package in '/home/pavel/ws_ros2/src/px4_msgs'
[0.297s] INFO:colcon.colcon_core.plugin_system:Skipping extension 'colcon_core.shell.bat': Not used on non-Windows systems
[0.297s] INFO:colcon.colcon_core.shell:Skip shell extension 'powershell' for command environment: Not usable outside of PowerShell
[0.298s] DEBUG:colcon.colcon_core.shell:Skip shell extension 'dsv' for command environment
[0.309s] DEBUG:colcon.colcon_core.event_handler.log_command:Invoking command in '/home/pavel/ws_ros2/build/px4_msgs': CMAKE_PREFIX_PATH=${CMAKE_PREFIX_PATH}:/opt/ros/humble /usr/bin/cmake --build /home/pavel/ws_ros2/build/px4_msgs -- -j12 -l12
[1.700s] DEBUG:colcon.colcon_core.event_handler.log_command:Invoked command in '/home/pavel/ws_ros2/build/px4_msgs' returned '0': CMAKE_PREFIX_PATH=${CMAKE_PREFIX_PATH}:/opt/ros/humble /usr/bin/cmake --build /home/pavel/ws_ros2/build/px4_msgs -- -j12 -l12
[7.371s] DEBUG:colcon.colcon_core.event_handler.log_command:Invoking command in '/home/pavel/ws_ros2/build/px4_msgs': CMAKE_PREFIX_PATH=${CMAKE_PREFIX_PATH}:/opt/ros/humble /usr/bin/cmake --install /home/pavel/ws_ros2/build/px4_msgs
[7.936s] Level 1:colcon.colcon_core.environment:create_environment_scripts_only(px4_msgs)
[7.950s] Level 1:colcon.colcon_core.environment:checking '/home/pavel/ws_ros2/install/px4_msgs' for CMake module files
[7.957s] Level 1:colcon.colcon_core.environment:checking '/home/pavel/ws_ros2/install/px4_msgs' for CMake config files
[7.978s] Level 1:colcon.colcon_core.shell:create_environment_hook('px4_msgs', 'cmake_prefix_path')
[7.978s] INFO:colcon.colcon_core.shell:Creating environment hook '/home/pavel/ws_ros2/install/px4_msgs/share/px4_msgs/hook/cmake_prefix_path.ps1'
[7.980s] INFO:colcon.colcon_core.shell:Creating environment descriptor '/home/pavel/ws_ros2/install/px4_msgs/share/px4_msgs/hook/cmake_prefix_path.dsv'
[7.981s] INFO:colcon.colcon_core.shell:Creating environment hook '/home/pavel/ws_ros2/install/px4_msgs/share/px4_msgs/hook/cmake_prefix_path.sh'
[7.985s] Level 1:colcon.colcon_core.environment:checking '/home/pavel/ws_ros2/install/px4_msgs/lib'
[7.985s] Level 1:colcon.colcon_core.shell:create_environment_hook('px4_msgs', 'ld_library_path_lib')
[7.986s] INFO:colcon.colcon_core.shell:Creating environment hook '/home/pavel/ws_ros2/install/px4_msgs/share/px4_msgs/hook/ld_library_path_lib.ps1'
[7.988s] INFO:colcon.colcon_core.shell:Creating environment descriptor '/home/pavel/ws_ros2/install/px4_msgs/share/px4_msgs/hook/ld_library_path_lib.dsv'
[7.989s] INFO:colcon.colcon_core.shell:Creating environment hook '/home/pavel/ws_ros2/install/px4_msgs/share/px4_msgs/hook/ld_library_path_lib.sh'
[7.991s] Level 1:colcon.colcon_core.environment:checking '/home/pavel/ws_ros2/install/px4_msgs/bin'
[7.991s] Level 1:colcon.colcon_core.environment:checking '/home/pavel/ws_ros2/install/px4_msgs/lib/pkgconfig/px4_msgs.pc'
[7.991s] Level 1:colcon.colcon_core.environment:checking '/home/pavel/ws_ros2/install/px4_msgs/lib/python3.10/site-packages'
[7.992s] Level 1:colcon.colcon_core.environment:checking '/home/pavel/ws_ros2/install/px4_msgs/bin'
[7.992s] INFO:colcon.colcon_core.shell:Creating package script '/home/pavel/ws_ros2/install/px4_msgs/share/px4_msgs/package.ps1'
[7.994s] INFO:colcon.colcon_core.shell:Creating package descriptor '/home/pavel/ws_ros2/install/px4_msgs/share/px4_msgs/package.dsv'
[7.996s] INFO:colcon.colcon_core.shell:Creating package script '/home/pavel/ws_ros2/install/px4_msgs/share/px4_msgs/package.sh'
[7.998s] INFO:colcon.colcon_core.shell:Creating package script '/home/pavel/ws_ros2/install/px4_msgs/share/px4_msgs/package.bash'
[7.999s] INFO:colcon.colcon_core.shell:Creating package script '/home/pavel/ws_ros2/install/px4_msgs/share/px4_msgs/package.zsh'
[8.001s] Level 1:colcon.colcon_core.environment:create_file_with_runtime_dependencies(/home/pavel/ws_ros2/install/px4_msgs/share/colcon-core/packages/px4_msgs)
[8.021s] DEBUG:colcon.colcon_core.event_handler.log_command:Invoked command in '/home/pavel/ws_ros2/build/px4_msgs' returned '0': CMAKE_PREFIX_PATH=${CMAKE_PREFIX_PATH}:/opt/ros/humble /usr/bin/cmake --install /home/pavel/ws_ros2/build/px4_msgs
[13.845s] Level 1:colcon.colcon_core.environment:create_environment_scripts_only(px4_msgs)
[13.845s] Level 1:colcon.colcon_core.environment:checking '/home/pavel/ws_ros2/install/px4_msgs' for CMake module files
[13.846s] Level 1:colcon.colcon_core.environment:checking '/home/pavel/ws_ros2/install/px4_msgs' for CMake config files
[13.848s] Level 1:colcon.colcon_core.shell:create_environment_hook('px4_msgs', 'cmake_prefix_path')
[13.848s] INFO:colcon.colcon_core.shell:Creating environment hook '/home/pavel/ws_ros2/install/px4_msgs/share/px4_msgs/hook/cmake_prefix_path.ps1'
[13.849s] INFO:colcon.colcon_core.shell:Creating environment descriptor '/home/pavel/ws_ros2/install/px4_msgs/share/px4_msgs/hook/cmake_prefix_path.dsv'
[13.850s] INFO:colcon.colcon_core.shell:Creating environment hook '/home/pavel/ws_ros2/install/px4_msgs/share/px4_msgs/hook/cmake_prefix_path.sh'
[13.850s] Level 1:colcon.colcon_core.environment:checking '/home/pavel/ws_ros2/install/px4_msgs/lib'
[13.850s] Level 1:colcon.colcon_core.shell:create_environment_hook('px4_msgs', 'ld_library_path_lib')
[13.851s] INFO:colcon.colcon_core.shell:Creating environment hook '/home/pavel/ws_ros2/install/px4_msgs/share/px4_msgs/hook/ld_library_path_lib.ps1'
[13.851s] INFO:colcon.colcon_core.shell:Creating environment descriptor '/home/pavel/ws_ros2/install/px4_msgs/share/px4_msgs/hook/ld_library_path_lib.dsv'
[13.852s] INFO:colcon.colcon_core.shell:Creating environment hook '/home/pavel/ws_ros2/install/px4_msgs/share/px4_msgs/hook/ld_library_path_lib.sh'
[13.852s] Level 1:colcon.colcon_core.environment:checking '/home/pavel/ws_ros2/install/px4_msgs/bin'
[13.852s] Level 1:colcon.colcon_core.environment:checking '/home/pavel/ws_ros2/install/px4_msgs/lib/pkgconfig/px4_msgs.pc'
[13.853s] Level 1:colcon.colcon_core.environment:checking '/home/pavel/ws_ros2/install/px4_msgs/lib/python3.10/site-packages'
[13.853s] Level 1:colcon.colcon_core.environment:checking '/home/pavel/ws_ros2/install/px4_msgs/bin'
[13.853s] INFO:colcon.colcon_core.shell:Creating package script '/home/pavel/ws_ros2/install/px4_msgs/share/px4_msgs/package.ps1'
[13.854s] INFO:colcon.colcon_core.shell:Creating package descriptor '/home/pavel/ws_ros2/install/px4_msgs/share/px4_msgs/package.dsv'
[13.855s] INFO:colcon.colcon_core.shell:Creating package script '/home/pavel/ws_ros2/install/px4_msgs/share/px4_msgs/package.sh'
[13.855s] INFO:colcon.colcon_core.shell:Creating package script '/home/pavel/ws_ros2/install/px4_msgs/share/px4_msgs/package.bash'
[13.856s] INFO:colcon.colcon_core.shell:Creating package script '/home/pavel/ws_ros2/install/px4_msgs/share/px4_msgs/package.zsh'
[13.857s] Level 1:colcon.colcon_core.environment:create_file_with_runtime_dependencies(/home/pavel/ws_ros2/install/px4_msgs/share/colcon-core/packages/px4_msgs)
[13.858s] INFO:colcon.colcon_ros.task.ament_cmake.build:Building ROS package in '/home/pavel/ws_ros2/src/px4_ros_com' with build type 'ament_cmake'
[13.858s] INFO:colcon.colcon_cmake.task.cmake.build:Building CMake package in '/home/pavel/ws_ros2/src/px4_ros_com'
[13.858s] INFO:colcon.colcon_core.shell:Skip shell extension 'powershell' for command environment: Not usable outside of PowerShell
[13.858s] DEBUG:colcon.colcon_core.shell:Skip shell extension 'dsv' for command environment
[13.874s] DEBUG:colcon.colcon_core.event_handler.log_command:Invoking command in '/home/pavel/ws_ros2/build/px4_ros_com': CMAKE_PREFIX_PATH=/home/pavel/ws_ros2/install/px4_msgs:/home/pavel/ws_ros2/install/px4_ros_com:/opt/ros/humble LD_LIBRARY_PATH=/home/pavel/ws_ros2/install/px4_msgs/lib:/home/pavel/ws_ros2/install/px4_ros_com/lib:/usr/lib/x86_64-linux-gnu/gazebo-11/plugins:/opt/ros/humble/opt/rviz_ogre_vendor/lib:/opt/ros/humble/lib/x86_64-linux-gnu:/opt/ros/humble/lib /usr/bin/cmake --build /home/pavel/ws_ros2/build/px4_ros_com -- -j12 -l12
[14.381s] DEBUG:colcon.colcon_core.event_handler.log_command:Invoked command in '/home/pavel/ws_ros2/build/px4_ros_com' returned '0': CMAKE_PREFIX_PATH=/home/pavel/ws_ros2/install/px4_msgs:/home/pavel/ws_ros2/install/px4_ros_com:/opt/ros/humble LD_LIBRARY_PATH=/home/pavel/ws_ros2/install/px4_msgs/lib:/home/pavel/ws_ros2/install/px4_ros_com/lib:/usr/lib/x86_64-linux-gnu/gazebo-11/plugins:/opt/ros/humble/opt/rviz_ogre_vendor/lib:/opt/ros/humble/lib/x86_64-linux-gnu:/opt/ros/humble/lib /usr/bin/cmake --build /home/pavel/ws_ros2/build/px4_ros_com -- -j12 -l12
[14.429s] DEBUG:colcon.colcon_core.event_handler.log_command:Invoking command in '/home/pavel/ws_ros2/build/px4_ros_com': CMAKE_PREFIX_PATH=/home/pavel/ws_ros2/install/px4_msgs:/home/pavel/ws_ros2/install/px4_ros_com:/opt/ros/humble LD_LIBRARY_PATH=/home/pavel/ws_ros2/install/px4_msgs/lib:/home/pavel/ws_ros2/install/px4_ros_com/lib:/usr/lib/x86_64-linux-gnu/gazebo-11/plugins:/opt/ros/humble/opt/rviz_ogre_vendor/lib:/opt/ros/humble/lib/x86_64-linux-gnu:/opt/ros/humble/lib /usr/bin/cmake --install /home/pavel/ws_ros2/build/px4_ros_com
[14.496s] Level 1:colcon.colcon_core.environment:create_environment_scripts_only(px4_ros_com)
[14.497s] Level 1:colcon.colcon_core.environment:checking '/home/pavel/ws_ros2/install/px4_ros_com' for CMake module files
[14.497s] DEBUG:colcon.colcon_core.event_handler.log_command:Invoked command in '/home/pavel/ws_ros2/build/px4_ros_com' returned '0': CMAKE_PREFIX_PATH=/home/pavel/ws_ros2/install/px4_msgs:/home/pavel/ws_ros2/install/px4_ros_com:/opt/ros/humble LD_LIBRARY_PATH=/home/pavel/ws_ros2/install/px4_msgs/lib:/home/pavel/ws_ros2/install/px4_ros_com/lib:/usr/lib/x86_64-linux-gnu/gazebo-11/plugins:/opt/ros/humble/opt/rviz_ogre_vendor/lib:/opt/ros/humble/lib/x86_64-linux-gnu:/opt/ros/humble/lib /usr/bin/cmake --install /home/pavel/ws_ros2/build/px4_ros_com
[14.498s] Level 1:colcon.colcon_core.environment:checking '/home/pavel/ws_ros2/install/px4_ros_com' for CMake config files
[14.498s] Level 1:colcon.colcon_core.shell:create_environment_hook('px4_ros_com', 'cmake_prefix_path')
[14.499s] INFO:colcon.colcon_core.shell:Creating environment hook '/home/pavel/ws_ros2/install/px4_ros_com/share/px4_ros_com/hook/cmake_prefix_path.ps1'
[14.499s] INFO:colcon.colcon_core.shell:Creating environment descriptor '/home/pavel/ws_ros2/install/px4_ros_com/share/px4_ros_com/hook/cmake_prefix_path.dsv'
[14.499s] INFO:colcon.colcon_core.shell:Creating environment hook '/home/pavel/ws_ros2/install/px4_ros_com/share/px4_ros_com/hook/cmake_prefix_path.sh'
[14.500s] Level 1:colcon.colcon_core.environment:checking '/home/pavel/ws_ros2/install/px4_ros_com/lib'
[14.500s] Level 1:colcon.colcon_core.shell:create_environment_hook('px4_ros_com', 'ld_library_path_lib')
[14.501s] INFO:colcon.colcon_core.shell:Creating environment hook '/home/pavel/ws_ros2/install/px4_ros_com/share/px4_ros_com/hook/ld_library_path_lib.ps1'
[14.501s] INFO:colcon.colcon_core.shell:Creating environment descriptor '/home/pavel/ws_ros2/install/px4_ros_com/share/px4_ros_com/hook/ld_library_path_lib.dsv'
[14.502s] INFO:colcon.colcon_core.shell:Creating environment hook '/home/pavel/ws_ros2/install/px4_ros_com/share/px4_ros_com/hook/ld_library_path_lib.sh'
[14.503s] Level 1:colcon.colcon_core.environment:checking '/home/pavel/ws_ros2/install/px4_ros_com/bin'
[14.503s] Level 1:colcon.colcon_core.environment:checking '/home/pavel/ws_ros2/install/px4_ros_com/lib/pkgconfig/px4_ros_com.pc'
[14.503s] Level 1:colcon.colcon_core.environment:checking '/home/pavel/ws_ros2/install/px4_ros_com/lib/python3.10/site-packages'
[14.503s] Level 1:colcon.colcon_core.environment:checking '/home/pavel/ws_ros2/install/px4_ros_com/bin'
[14.504s] INFO:colcon.colcon_core.shell:Creating package script '/home/pavel/ws_ros2/install/px4_ros_com/share/px4_ros_com/package.ps1'
[14.504s] INFO:colcon.colcon_core.shell:Creating package descriptor '/home/pavel/ws_ros2/install/px4_ros_com/share/px4_ros_com/package.dsv'
[14.505s] INFO:colcon.colcon_core.shell:Creating package script '/home/pavel/ws_ros2/install/px4_ros_com/share/px4_ros_com/package.sh'
[14.506s] INFO:colcon.colcon_core.shell:Creating package script '/home/pavel/ws_ros2/install/px4_ros_com/share/px4_ros_com/package.bash'
[14.506s] INFO:colcon.colcon_core.shell:Creating package script '/home/pavel/ws_ros2/install/px4_ros_com/share/px4_ros_com/package.zsh'
[14.506s] Level 1:colcon.colcon_core.environment:create_file_with_runtime_dependencies(/home/pavel/ws_ros2/install/px4_ros_com/share/colcon-core/packages/px4_ros_com)
[14.553s] Level 1:colcon.colcon_core.environment:create_environment_scripts_only(px4_ros_com)
[14.553s] Level 1:colcon.colcon_core.environment:checking '/home/pavel/ws_ros2/install/px4_ros_com' for CMake module files
[14.554s] Level 1:colcon.colcon_core.environment:checking '/home/pavel/ws_ros2/install/px4_ros_com' for CMake config files
[14.554s] Level 1:colcon.colcon_core.shell:create_environment_hook('px4_ros_com', 'cmake_prefix_path')
[14.554s] INFO:colcon.colcon_core.shell:Creating environment hook '/home/pavel/ws_ros2/install/px4_ros_com/share/px4_ros_com/hook/cmake_prefix_path.ps1'
[14.555s] INFO:colcon.colcon_core.shell:Creating environment descriptor '/home/pavel/ws_ros2/install/px4_ros_com/share/px4_ros_com/hook/cmake_prefix_path.dsv'
[14.555s] INFO:colcon.colcon_core.shell:Creating environment hook '/home/pavel/ws_ros2/install/px4_ros_com/share/px4_ros_com/hook/cmake_prefix_path.sh'
[14.555s] Level 1:colcon.colcon_core.environment:checking '/home/pavel/ws_ros2/install/px4_ros_com/lib'
[14.556s] Level 1:colcon.colcon_core.shell:create_environment_hook('px4_ros_com', 'ld_library_path_lib')
[14.556s] INFO:colcon.colcon_core.shell:Creating environment hook '/home/pavel/ws_ros2/install/px4_ros_com/share/px4_ros_com/hook/ld_library_path_lib.ps1'
[14.556s] INFO:colcon.colcon_core.shell:Creating environment descriptor '/home/pavel/ws_ros2/install/px4_ros_com/share/px4_ros_com/hook/ld_library_path_lib.dsv'
[14.557s] INFO:colcon.colcon_core.shell:Creating environment hook '/home/pavel/ws_ros2/install/px4_ros_com/share/px4_ros_com/hook/ld_library_path_lib.sh'
[14.557s] Level 1:colcon.colcon_core.environment:checking '/home/pavel/ws_ros2/install/px4_ros_com/bin'
[14.557s] Level 1:colcon.colcon_core.environment:checking '/home/pavel/ws_ros2/install/px4_ros_com/lib/pkgconfig/px4_ros_com.pc'
[14.557s] Level 1:colcon.colcon_core.environment:checking '/home/pavel/ws_ros2/install/px4_ros_com/lib/python3.10/site-packages'
[14.557s] Level 1:colcon.colcon_core.environment:checking '/home/pavel/ws_ros2/install/px4_ros_com/bin'
[14.558s] INFO:colcon.colcon_core.shell:Creating package script '/home/pavel/ws_ros2/install/px4_ros_com/share/px4_ros_com/package.ps1'
[14.558s] INFO:colcon.colcon_core.shell:Creating package descriptor '/home/pavel/ws_ros2/install/px4_ros_com/share/px4_ros_com/package.dsv'
[14.559s] INFO:colcon.colcon_core.shell:Creating package script '/home/pavel/ws_ros2/install/px4_ros_com/share/px4_ros_com/package.sh'
[14.559s] INFO:colcon.colcon_core.shell:Creating package script '/home/pavel/ws_ros2/install/px4_ros_com/share/px4_ros_com/package.bash'
[14.560s] INFO:colcon.colcon_core.shell:Creating package script '/home/pavel/ws_ros2/install/px4_ros_com/share/px4_ros_com/package.zsh'
[14.560s] Level 1:colcon.colcon_core.environment:create_file_with_runtime_dependencies(/home/pavel/ws_ros2/install/px4_ros_com/share/colcon-core/packages/px4_ros_com)
[14.561s] DEBUG:colcon.colcon_parallel_executor.executor.parallel:closing loop
[14.561s] DEBUG:colcon.colcon_parallel_executor.executor.parallel:loop closed
[14.561s] DEBUG:colcon.colcon_parallel_executor.executor.parallel:run_until_complete finished with '0'
[14.561s] DEBUG:colcon.colcon_core.event_reactor:joining thread
[14.567s] INFO:colcon.colcon_core.plugin_system:Skipping extension 'colcon_notification.desktop_notification.terminal_notifier': Not used on non-Darwin systems
[14.567s] INFO:colcon.colcon_core.plugin_system:Skipping extension 'colcon_notification.desktop_notification.win32': Not used on non-Windows systems
[14.567s] INFO:colcon.colcon_notification.desktop_notification:Sending desktop notification using 'notify2'
[14.579s] DEBUG:colcon.colcon_core.event_reactor:joined thread
[14.580s] INFO:colcon.colcon_core.shell:Creating prefix script '/home/pavel/ws_ros2/install/local_setup.ps1'
[14.581s] INFO:colcon.colcon_core.shell:Creating prefix util module '/home/pavel/ws_ros2/install/_local_setup_util_ps1.py'
[14.583s] INFO:colcon.colcon_core.shell:Creating prefix chain script '/home/pavel/ws_ros2/install/setup.ps1'
[14.585s] INFO:colcon.colcon_core.shell:Creating prefix script '/home/pavel/ws_ros2/install/local_setup.sh'
[14.586s] INFO:colcon.colcon_core.shell:Creating prefix util module '/home/pavel/ws_ros2/install/_local_setup_util_sh.py'
[14.586s] INFO:colcon.colcon_core.shell:Creating prefix chain script '/home/pavel/ws_ros2/install/setup.sh'
[14.588s] INFO:colcon.colcon_core.shell:Creating prefix script '/home/pavel/ws_ros2/install/local_setup.bash'
[14.589s] INFO:colcon.colcon_core.shell:Creating prefix chain script '/home/pavel/ws_ros2/install/setup.bash'
[14.591s] INFO:colcon.colcon_core.shell:Creating prefix script '/home/pavel/ws_ros2/install/local_setup.zsh'
[14.592s] INFO:colcon.colcon_core.shell:Creating prefix chain script '/home/pavel/ws_ros2/install/setup.zsh'
