[0.009s] Invoking command in '/home/pavel/ws_ros2/build/px4_ros_com': AMENT_PREFIX_PATH=/home/pavel/ws_ros2/install/px4_msgs:${AMENT_PREFIX_PATH} CMAKE_PREFIX_PATH=/home/pavel/ws_ros2/install/px4_msgs:/opt/ros/humble LD_LIBRARY_PATH=/home/pavel/ws_ros2/install/px4_msgs/lib:${LD_LIBRARY_PATH} PYTHONPATH=/home/pavel/ws_ros2/install/px4_msgs/local/lib/python3.10/dist-packages:${PYTHONPATH} /usr/bin/cmake --build /home/pavel/ws_ros2/build/px4_ros_com -- -j12 -l12
[0.042s] -- Found ament_cmake: 1.3.11 (/opt/ros/humble/share/ament_cmake/cmake)
[0.159s] -- Found builtin_interfaces: 1.2.1 (/opt/ros/humble/share/builtin_interfaces/cmake)
[0.182s] -- Found rosidl_generator_c: 3.1.6 (/opt/ros/humble/share/rosidl_generator_c/cmake)
[0.184s] -- Found rosidl_adapter: 3.1.6 (/opt/ros/humble/share/rosidl_adapter/cmake)
[0.189s] -- Found rosidl_generator_cpp: 3.1.6 (/opt/ros/humble/share/rosidl_generator_cpp/cmake)
[0.198s] -- Using all available rosidl_typesupport_c: rosidl_typesupport_fastrtps_c;rosidl_typesupport_introspection_c
[0.210s] -- Using all available rosidl_typesupport_cpp: rosidl_typesupport_fastrtps_cpp;rosidl_typesupport_introspection_cpp
[0.221s] -- Found eigen3_cmake_module: 0.1.1 (/opt/ros/humble/share/eigen3_cmake_module/cmake)
[0.223s] -- Found geometry_msgs: 4.2.4 (/opt/ros/humble/share/geometry_msgs/cmake)
[0.254s] -- Found px4_msgs: 2.0.1 (/home/pavel/ws_ros2/install/px4_msgs/share/px4_msgs/cmake)
[0.266s] -- Found rclcpp: 16.0.11 (/opt/ros/humble/share/rclcpp/cmake)
[0.297s] -- Found rmw_implementation_cmake: 6.1.2 (/opt/ros/humble/share/rmw_implementation_cmake/cmake)
[0.299s] -- Found rmw_fastrtps_cpp: 6.2.7 (/opt/ros/humble/share/rmw_fastrtps_cpp/cmake)
[0.402s] -- Using RMW implementation 'rmw_fastrtps_cpp' as default
[0.450s] -- Found sensor_msgs: 4.2.4 (/opt/ros/humble/share/sensor_msgs/cmake)
[0.469s] -- Found rclpy: 3.3.15 (/opt/ros/humble/share/rclpy/cmake)
[0.476s] -- Found ament_lint_auto: 0.12.11 (/opt/ros/humble/share/ament_lint_auto/cmake)
[0.553s] -- Added test 'copyright' to check source files copyright and LICENSE
[0.561s] -- Added test 'cppcheck' to perform static code analysis on C / C++ code
[0.562s] -- Configured cppcheck include dirs: /home/pavel/ws_ros2/src/px4_ros_com/include;$<BUILD_INTERFACE:/home/pavel/ws_ros2/src/px4_ros_com/include/px4_ros_com>
[0.562s] -- Configured cppcheck exclude dirs and/or files: 
[0.570s] -- Added test 'cpplint' to check C / C++ code against the Google style
[0.570s] -- Configured cpplint exclude dirs and/or files: 
[0.572s] -- Added test 'flake8' to check Python code syntax and style conventions
[0.574s] -- Added test 'lint_cmake' to check CMake code style
[0.576s] -- Added test 'pep257' to check Python code against some of the docstring style conventions in PEP 257
[0.583s] -- Added test 'uncrustify' to check C / C++ code style
[0.583s] -- Configured uncrustify additional arguments: 
[0.585s] -- Added test 'xmllint' to check XML markup files
[0.587s] -- Configuring done
[0.616s] -- Generating done
[0.619s] -- Build files have been written to: /home/pavel/ws_ros2/build/px4_ros_com
[0.646s] [35m[1mConsolidate compiler generated dependencies of target sensor_combined_listener[0m
[0.647s] [35m[1mConsolidate compiler generated dependencies of target vehicle_gps_position_listener[0m
[0.648s] [35m[1mConsolidate compiler generated dependencies of target frame_transforms[0m
[0.650s] [35m[1mConsolidate compiler generated dependencies of target offboard_control_srv[0m
[0.650s] [35m[1mConsolidate compiler generated dependencies of target offboard_control[0m
[0.650s] [35m[1mConsolidate compiler generated dependencies of target debug_vect_advertiser[0m
[0.669s] [  0%] Built target ament_cmake_python_copy_px4_ros_com
[0.673s] [  8%] [32mBuilding CXX object CMakeFiles/vehicle_gps_position_listener.dir/src/examples/listeners/vehicle_gps_position_listener.cpp.o[0m
[0.673s] [ 16%] [32mBuilding CXX object CMakeFiles/sensor_combined_listener.dir/src/examples/listeners/sensor_combined_listener.cpp.o[0m
[0.673s] [ 25%] [32mBuilding CXX object CMakeFiles/debug_vect_advertiser.dir/src/examples/advertisers/debug_vect_advertiser.cpp.o[0m
[0.673s] [ 33%] [32mBuilding CXX object CMakeFiles/frame_transforms.dir/src/lib/frame_transforms.cpp.o[0m
[0.674s] [ 41%] [32mBuilding CXX object CMakeFiles/offboard_control.dir/src/examples/offboard/offboard_control.cpp.o[0m
[0.675s] [ 50%] [32mBuilding CXX object CMakeFiles/offboard_control_srv.dir/src/examples/offboard/offboard_control_srv.cpp.o[0m
[0.967s] running egg_info
[0.996s] writing px4_ros_com.egg-info/PKG-INFO
[0.997s] writing dependency_links to px4_ros_com.egg-info/dependency_links.txt
[0.997s] writing top-level names to px4_ros_com.egg-info/top_level.txt
[1.090s] reading manifest file 'px4_ros_com.egg-info/SOURCES.txt'
[1.092s] writing manifest file 'px4_ros_com.egg-info/SOURCES.txt'
[1.136s] [ 50%] Built target ament_cmake_python_build_px4_ros_com_egg
[7.491s] [ 58%] [32m[1mLinking CXX executable debug_vect_advertiser[0m
[7.762s] [ 58%] Built target debug_vect_advertiser
[9.196s] [ 66%] [32m[1mLinking CXX executable offboard_control_srv[0m
[9.314s] [ 75%] [32m[1mLinking CXX executable offboard_control[0m
[9.541s] [ 75%] Built target offboard_control_srv
[9.592s] [ 75%] Built target offboard_control
[10.033s] [ 83%] [32m[1mLinking CXX shared library libframe_transforms.so[0m
[10.349s] [ 83%] Built target frame_transforms
[11.591s] [ 91%] [32m[1mLinking CXX executable sensor_combined_listener[0m
[11.956s] [ 91%] Built target sensor_combined_listener
[12.369s] [100%] [32m[1mLinking CXX executable vehicle_gps_position_listener[0m
[12.705s] [100%] Built target vehicle_gps_position_listener
[12.716s] Invoked command in '/home/pavel/ws_ros2/build/px4_ros_com' returned '0': AMENT_PREFIX_PATH=/home/pavel/ws_ros2/install/px4_msgs:${AMENT_PREFIX_PATH} CMAKE_PREFIX_PATH=/home/pavel/ws_ros2/install/px4_msgs:/opt/ros/humble LD_LIBRARY_PATH=/home/pavel/ws_ros2/install/px4_msgs/lib:${LD_LIBRARY_PATH} PYTHONPATH=/home/pavel/ws_ros2/install/px4_msgs/local/lib/python3.10/dist-packages:${PYTHONPATH} /usr/bin/cmake --build /home/pavel/ws_ros2/build/px4_ros_com -- -j12 -l12
[12.755s] Invoking command in '/home/pavel/ws_ros2/build/px4_ros_com': AMENT_PREFIX_PATH=/home/pavel/ws_ros2/install/px4_msgs:${AMENT_PREFIX_PATH} CMAKE_PREFIX_PATH=/home/pavel/ws_ros2/install/px4_msgs:/opt/ros/humble LD_LIBRARY_PATH=/home/pavel/ws_ros2/install/px4_msgs/lib:${LD_LIBRARY_PATH} PYTHONPATH=/home/pavel/ws_ros2/install/px4_msgs/local/lib/python3.10/dist-packages:${PYTHONPATH} /usr/bin/cmake --install /home/pavel/ws_ros2/build/px4_ros_com
[12.762s] -- Install configuration: ""
[12.763s] -- Installing: /home/pavel/ws_ros2/install/px4_ros_com/lib/px4_ros_com/sensor_combined_listener
[12.767s] -- Set runtime path of "/home/pavel/ws_ros2/install/px4_ros_com/lib/px4_ros_com/sensor_combined_listener" to ""
[12.768s] -- Installing: /home/pavel/ws_ros2/install/px4_ros_com/lib/px4_ros_com/vehicle_gps_position_listener
[12.771s] -- Set runtime path of "/home/pavel/ws_ros2/install/px4_ros_com/lib/px4_ros_com/vehicle_gps_position_listener" to ""
[12.772s] -- Installing: /home/pavel/ws_ros2/install/px4_ros_com/lib/px4_ros_com/debug_vect_advertiser
[12.774s] -- Set runtime path of "/home/pavel/ws_ros2/install/px4_ros_com/lib/px4_ros_com/debug_vect_advertiser" to ""
[12.775s] -- Installing: /home/pavel/ws_ros2/install/px4_ros_com/lib/px4_ros_com/offboard_control
[12.777s] -- Set runtime path of "/home/pavel/ws_ros2/install/px4_ros_com/lib/px4_ros_com/offboard_control" to ""
[12.778s] -- Installing: /home/pavel/ws_ros2/install/px4_ros_com/lib/px4_ros_com/offboard_control_srv
[12.781s] -- Set runtime path of "/home/pavel/ws_ros2/install/px4_ros_com/lib/px4_ros_com/offboard_control_srv" to ""
[12.781s] -- Up-to-date: /home/pavel/ws_ros2/install/px4_ros_com/share/px4_ros_com/environment/library_path.sh
[12.781s] -- Installing: /home/pavel/ws_ros2/install/px4_ros_com/share/px4_ros_com/environment/library_path.dsv
[12.781s] -- Up-to-date: /home/pavel/ws_ros2/install/px4_ros_com/include/px4_ros_com
[12.781s] -- Up-to-date: /home/pavel/ws_ros2/install/px4_ros_com/include/px4_ros_com/frame_transforms.h
[12.782s] -- Installing: /home/pavel/ws_ros2/install/px4_ros_com/lib/libframe_transforms.so
[12.786s] -- Set runtime path of "/home/pavel/ws_ros2/install/px4_ros_com/lib/libframe_transforms.so" to ""
[12.786s] -- Up-to-date: /home/pavel/ws_ros2/install/px4_ros_com/share/px4_ros_com//launch
[12.786s] -- Up-to-date: /home/pavel/ws_ros2/install/px4_ros_com/share/px4_ros_com//launch/offboard_control_launch.yaml
[12.786s] -- Up-to-date: /home/pavel/ws_ros2/install/px4_ros_com/share/px4_ros_com//launch/sensor_combined_listener.launch.py
[12.786s] -- Up-to-date: /home/pavel/ws_ros2/install/px4_ros_com/share/px4_ros_com//test
[12.787s] -- Up-to-date: /home/pavel/ws_ros2/install/px4_ros_com/share/px4_ros_com//test/pipeline_io_test.py
[12.787s] -- Up-to-date: /home/pavel/ws_ros2/install/px4_ros_com/share/px4_ros_com//test/__init__.py
[12.787s] -- Up-to-date: /home/pavel/ws_ros2/install/px4_ros_com/share/px4_ros_com//test/test_input.py
[12.787s] -- Up-to-date: /home/pavel/ws_ros2/install/px4_ros_com/share/px4_ros_com//test/test_output.py
[12.787s] -- Up-to-date: /home/pavel/ws_ros2/install/px4_ros_com/share/px4_ros_com/environment/pythonpath.sh
[12.787s] -- Installing: /home/pavel/ws_ros2/install/px4_ros_com/share/px4_ros_com/environment/pythonpath.dsv
[12.787s] -- Up-to-date: /home/pavel/ws_ros2/install/px4_ros_com/local/lib/python3.10/dist-packages/px4_ros_com-0.1.0-py3.10.egg-info
[12.787s] -- Installing: /home/pavel/ws_ros2/install/px4_ros_com/local/lib/python3.10/dist-packages/px4_ros_com-0.1.0-py3.10.egg-info/dependency_links.txt
[12.787s] -- Installing: /home/pavel/ws_ros2/install/px4_ros_com/local/lib/python3.10/dist-packages/px4_ros_com-0.1.0-py3.10.egg-info/PKG-INFO
[12.787s] -- Installing: /home/pavel/ws_ros2/install/px4_ros_com/local/lib/python3.10/dist-packages/px4_ros_com-0.1.0-py3.10.egg-info/top_level.txt
[12.787s] -- Installing: /home/pavel/ws_ros2/install/px4_ros_com/local/lib/python3.10/dist-packages/px4_ros_com-0.1.0-py3.10.egg-info/SOURCES.txt
[12.787s] -- Up-to-date: /home/pavel/ws_ros2/install/px4_ros_com/local/lib/python3.10/dist-packages/px4_ros_com
[12.787s] -- Up-to-date: /home/pavel/ws_ros2/install/px4_ros_com/local/lib/python3.10/dist-packages/px4_ros_com/__init__.py
[12.787s] -- Up-to-date: /home/pavel/ws_ros2/install/px4_ros_com/local/lib/python3.10/dist-packages/px4_ros_com/module_to_import.py
[12.816s] Listing '/home/pavel/ws_ros2/install/px4_ros_com/local/lib/python3.10/dist-packages/px4_ros_com'...
[12.820s] -- Up-to-date: /home/pavel/ws_ros2/install/px4_ros_com/lib/px4_ros_com/offboard_control.py
[12.820s] -- Up-to-date: /home/pavel/ws_ros2/install/px4_ros_com/lib/px4_ros_com/my_offboard_controller.py
[12.820s] -- Up-to-date: /home/pavel/ws_ros2/install/px4_ros_com/lib/px4_ros_com/detectarea_obstacolelor.py
[12.820s] -- Up-to-date: /home/pavel/ws_ros2/install/px4_ros_com/share/ament_index/resource_index/package_run_dependencies/px4_ros_com
[12.820s] -- Installing: /home/pavel/ws_ros2/install/px4_ros_com/share/ament_index/resource_index/parent_prefix_path/px4_ros_com
[12.820s] -- Installing: /home/pavel/ws_ros2/install/px4_ros_com/share/px4_ros_com/environment/ament_prefix_path.sh
[12.820s] -- Installing: /home/pavel/ws_ros2/install/px4_ros_com/share/px4_ros_com/environment/ament_prefix_path.dsv
[12.821s] -- Installing: /home/pavel/ws_ros2/install/px4_ros_com/share/px4_ros_com/environment/path.sh
[12.821s] -- Installing: /home/pavel/ws_ros2/install/px4_ros_com/share/px4_ros_com/environment/path.dsv
[12.821s] -- Up-to-date: /home/pavel/ws_ros2/install/px4_ros_com/share/px4_ros_com/local_setup.bash
[12.821s] -- Up-to-date: /home/pavel/ws_ros2/install/px4_ros_com/share/px4_ros_com/local_setup.sh
[12.821s] -- Up-to-date: /home/pavel/ws_ros2/install/px4_ros_com/share/px4_ros_com/local_setup.zsh
[12.821s] -- Installing: /home/pavel/ws_ros2/install/px4_ros_com/share/px4_ros_com/local_setup.dsv
[12.821s] -- Installing: /home/pavel/ws_ros2/install/px4_ros_com/share/px4_ros_com/package.dsv
[12.821s] -- Up-to-date: /home/pavel/ws_ros2/install/px4_ros_com/share/ament_index/resource_index/packages/px4_ros_com
[12.821s] -- Up-to-date: /home/pavel/ws_ros2/install/px4_ros_com/share/px4_ros_com/cmake/export_frame_transformsExport.cmake
[12.822s] -- Up-to-date: /home/pavel/ws_ros2/install/px4_ros_com/share/px4_ros_com/cmake/export_frame_transformsExport-noconfig.cmake
[12.822s] -- Up-to-date: /home/pavel/ws_ros2/install/px4_ros_com/share/px4_ros_com/cmake/ament_cmake_export_dependencies-extras.cmake
[12.822s] -- Up-to-date: /home/pavel/ws_ros2/install/px4_ros_com/share/px4_ros_com/cmake/ament_cmake_export_targets-extras.cmake
[12.822s] -- Up-to-date: /home/pavel/ws_ros2/install/px4_ros_com/share/px4_ros_com/cmake/ament_cmake_export_include_directories-extras.cmake
[12.822s] -- Up-to-date: /home/pavel/ws_ros2/install/px4_ros_com/share/px4_ros_com/cmake/ament_cmake_export_libraries-extras.cmake
[12.822s] -- Up-to-date: /home/pavel/ws_ros2/install/px4_ros_com/share/px4_ros_com/cmake/px4_ros_comConfig.cmake
[12.822s] -- Up-to-date: /home/pavel/ws_ros2/install/px4_ros_com/share/px4_ros_com/cmake/px4_ros_comConfig-version.cmake
[12.822s] -- Up-to-date: /home/pavel/ws_ros2/install/px4_ros_com/share/px4_ros_com/package.xml
[12.824s] Invoked command in '/home/pavel/ws_ros2/build/px4_ros_com' returned '0': AMENT_PREFIX_PATH=/home/pavel/ws_ros2/install/px4_msgs:${AMENT_PREFIX_PATH} CMAKE_PREFIX_PATH=/home/pavel/ws_ros2/install/px4_msgs:/opt/ros/humble LD_LIBRARY_PATH=/home/pavel/ws_ros2/install/px4_msgs/lib:${LD_LIBRARY_PATH} PYTHONPATH=/home/pavel/ws_ros2/install/px4_msgs/local/lib/python3.10/dist-packages:${PYTHONPATH} /usr/bin/cmake --install /home/pavel/ws_ros2/build/px4_ros_com
