[0.111s] DEBUG:colcon:Command line arguments: ['/usr/bin/colcon', 'build']
[0.111s] DEBUG:colcon:Parsed command line arguments: Namespace(log_base=None, log_level=None, verb_name='build', build_base='build', install_base='install', merge_install=False, symlink_install=False, test_result_base=None, continue_on_error=False, executor='parallel', parallel_workers=12, event_handlers=None, ignore_user_meta=False, metas=['./colcon.meta'], base_paths=['.'], packages_ignore=None, packages_ignore_regex=None, paths=None, packages_up_to=None, packages_up_to_regex=None, packages_above=None, packages_above_and_dependencies=None, packages_above_depth=None, packages_select_by_dep=None, packages_skip_by_dep=None, packages_skip_up_to=None, packages_select_build_failed=False, packages_skip_build_finished=False, packages_select_test_failures=False, packages_skip_test_passed=False, packages_select=None, packages_skip=None, packages_select_regex=None, packages_skip_regex=None, packages_start=None, packages_end=None, allow_overriding=[], cmake_args=None, cmake_target=None, cmake_target_skip_unavailable=False, cmake_clean_cache=False, cmake_clean_first=False, cmake_force_configure=False, ament_cmake_args=None, catkin_cmake_args=None, catkin_skip_building_tests=False, mixin_files=None, mixin=None, verb_parser=<colcon_mixin.mixin.mixin_argument.MixinArgumentDecorator object at 0x768d3d547610>, verb_extension=<colcon_core.verb.build.BuildVerb object at 0x768d3d5470a0>, main=<bound method BuildVerb.main of <colcon_core.verb.build.BuildVerb object at 0x768d3d5470a0>>, mixin_verb=('build',))
[0.148s] Level 1:colcon.colcon_core.package_discovery:discover_packages(colcon_meta) check parameters
[0.148s] Level 1:colcon.colcon_core.package_discovery:discover_packages(recursive) check parameters
[0.148s] Level 1:colcon.colcon_core.package_discovery:discover_packages(ignore) check parameters
[0.148s] Level 1:colcon.colcon_core.package_discovery:discover_packages(path) check parameters
[0.148s] Level 1:colcon.colcon_core.package_discovery:discover_packages(colcon_meta) discover
[0.148s] Level 1:colcon.colcon_core.package_discovery:discover_packages(recursive) discover
[0.148s] INFO:colcon.colcon_core.package_discovery:Crawling recursively for packages in '/home/pavel/ws_ros2'
[0.148s] Level 1:colcon.colcon_core.package_identification:_identify(.) by extensions ['ignore', 'ignore_ament_install']
[0.148s] Level 1:colcon.colcon_core.package_identification:_identify(.) by extension 'ignore'
[0.148s] Level 1:colcon.colcon_core.package_identification:_identify(.) by extension 'ignore_ament_install'
[0.148s] Level 1:colcon.colcon_core.package_identification:_identify(.) by extensions ['colcon_pkg']
[0.148s] Level 1:colcon.colcon_core.package_identification:_identify(.) by extension 'colcon_pkg'
[0.148s] Level 1:colcon.colcon_core.package_identification:_identify(.) by extensions ['colcon_meta']
[0.148s] Level 1:colcon.colcon_core.package_identification:_identify(.) by extension 'colcon_meta'
[0.148s] Level 1:colcon.colcon_core.package_identification:_identify(.) by extensions ['ros']
[0.148s] Level 1:colcon.colcon_core.package_identification:_identify(.) by extension 'ros'
[0.163s] Level 1:colcon.colcon_core.package_identification:_identify(.) by extensions ['cmake', 'python']
[0.163s] Level 1:colcon.colcon_core.package_identification:_identify(.) by extension 'cmake'
[0.163s] Level 1:colcon.colcon_core.package_identification:_identify(.) by extension 'python'
[0.163s] Level 1:colcon.colcon_core.package_identification:_identify(.) by extensions ['python_setup_py']
[0.163s] Level 1:colcon.colcon_core.package_identification:_identify(.) by extension 'python_setup_py'
[0.163s] Level 1:colcon.colcon_core.package_identification:_identify(build) by extensions ['ignore', 'ignore_ament_install']
[0.164s] Level 1:colcon.colcon_core.package_identification:_identify(build) by extension 'ignore'
[0.164s] Level 1:colcon.colcon_core.package_identification:_identify(build) ignored
[0.164s] Level 1:colcon.colcon_core.package_identification:_identify(install) by extensions ['ignore', 'ignore_ament_install']
[0.164s] Level 1:colcon.colcon_core.package_identification:_identify(install) by extension 'ignore'
[0.164s] Level 1:colcon.colcon_core.package_identification:_identify(install) ignored
[0.164s] Level 1:colcon.colcon_core.package_identification:_identify(log) by extensions ['ignore', 'ignore_ament_install']
[0.164s] Level 1:colcon.colcon_core.package_identification:_identify(log) by extension 'ignore'
[0.164s] Level 1:colcon.colcon_core.package_identification:_identify(log) ignored
[0.164s] Level 1:colcon.colcon_core.package_identification:_identify(src) by extensions ['ignore', 'ignore_ament_install']
[0.164s] Level 1:colcon.colcon_core.package_identification:_identify(src) by extension 'ignore'
[0.164s] Level 1:colcon.colcon_core.package_identification:_identify(src) by extension 'ignore_ament_install'
[0.164s] Level 1:colcon.colcon_core.package_identification:_identify(src) by extensions ['colcon_pkg']
[0.164s] Level 1:colcon.colcon_core.package_identification:_identify(src) by extension 'colcon_pkg'
[0.164s] Level 1:colcon.colcon_core.package_identification:_identify(src) by extensions ['colcon_meta']
[0.164s] Level 1:colcon.colcon_core.package_identification:_identify(src) by extension 'colcon_meta'
[0.164s] Level 1:colcon.colcon_core.package_identification:_identify(src) by extensions ['ros']
[0.164s] Level 1:colcon.colcon_core.package_identification:_identify(src) by extension 'ros'
[0.165s] Level 1:colcon.colcon_core.package_identification:_identify(src) by extensions ['cmake', 'python']
[0.165s] Level 1:colcon.colcon_core.package_identification:_identify(src) by extension 'cmake'
[0.165s] Level 1:colcon.colcon_core.package_identification:_identify(src) by extension 'python'
[0.165s] Level 1:colcon.colcon_core.package_identification:_identify(src) by extensions ['python_setup_py']
[0.165s] Level 1:colcon.colcon_core.package_identification:_identify(src) by extension 'python_setup_py'
[0.165s] Level 1:colcon.colcon_core.package_identification:_identify(src/px4_msgs) by extensions ['ignore', 'ignore_ament_install']
[0.165s] Level 1:colcon.colcon_core.package_identification:_identify(src/px4_msgs) by extension 'ignore'
[0.165s] Level 1:colcon.colcon_core.package_identification:_identify(src/px4_msgs) by extension 'ignore_ament_install'
[0.165s] Level 1:colcon.colcon_core.package_identification:_identify(src/px4_msgs) by extensions ['colcon_pkg']
[0.165s] Level 1:colcon.colcon_core.package_identification:_identify(src/px4_msgs) by extension 'colcon_pkg'
[0.165s] Level 1:colcon.colcon_core.package_identification:_identify(src/px4_msgs) by extensions ['colcon_meta']
[0.165s] Level 1:colcon.colcon_core.package_identification:_identify(src/px4_msgs) by extension 'colcon_meta'
[0.165s] Level 1:colcon.colcon_core.package_identification:_identify(src/px4_msgs) by extensions ['ros']
[0.165s] Level 1:colcon.colcon_core.package_identification:_identify(src/px4_msgs) by extension 'ros'
[0.167s] DEBUG:colcon.colcon_core.package_identification:Package 'src/px4_msgs' with type 'ros.ament_cmake' and name 'px4_msgs'
[0.168s] Level 1:colcon.colcon_core.package_identification:_identify(src/px4_ros_com) by extensions ['ignore', 'ignore_ament_install']
[0.168s] Level 1:colcon.colcon_core.package_identification:_identify(src/px4_ros_com) by extension 'ignore'
[0.168s] Level 1:colcon.colcon_core.package_identification:_identify(src/px4_ros_com) by extension 'ignore_ament_install'
[0.168s] Level 1:colcon.colcon_core.package_identification:_identify(src/px4_ros_com) by extensions ['colcon_pkg']
[0.168s] Level 1:colcon.colcon_core.package_identification:_identify(src/px4_ros_com) by extension 'colcon_pkg'
[0.168s] Level 1:colcon.colcon_core.package_identification:_identify(src/px4_ros_com) by extensions ['colcon_meta']
[0.168s] Level 1:colcon.colcon_core.package_identification:_identify(src/px4_ros_com) by extension 'colcon_meta'
[0.168s] Level 1:colcon.colcon_core.package_identification:_identify(src/px4_ros_com) by extensions ['ros']
[0.168s] Level 1:colcon.colcon_core.package_identification:_identify(src/px4_ros_com) by extension 'ros'
[0.169s] DEBUG:colcon.colcon_core.package_identification:Package 'src/px4_ros_com' with type 'ros.ament_cmake' and name 'px4_ros_com'
[0.169s] Level 1:colcon.colcon_core.package_discovery:discover_packages(recursive) using defaults
[0.169s] Level 1:colcon.colcon_core.package_discovery:discover_packages(ignore) discover
[0.169s] Level 1:colcon.colcon_core.package_discovery:discover_packages(ignore) using defaults
[0.169s] Level 1:colcon.colcon_core.package_discovery:discover_packages(path) discover
[0.169s] Level 1:colcon.colcon_core.package_discovery:discover_packages(path) using defaults
[0.188s] Level 1:colcon.colcon_core.package_discovery:discover_packages(prefix_path) check parameters
[0.188s] Level 1:colcon.colcon_core.package_discovery:discover_packages(prefix_path) discover
[0.190s] DEBUG:colcon.colcon_installed_package_information.package_discovery:Found 2 installed packages in /home/pavel/ws_ros2/install
[0.191s] DEBUG:colcon.colcon_installed_package_information.package_discovery:Found 291 installed packages in /opt/ros/humble
[0.192s] Level 1:colcon.colcon_core.package_discovery:discover_packages(prefix_path) using defaults
[0.230s] Level 5:colcon.colcon_core.verb:set package 'px4_msgs' build argument 'cmake_args' from command line to 'None'
[0.231s] Level 5:colcon.colcon_core.verb:set package 'px4_msgs' build argument 'cmake_target' from command line to 'None'
[0.231s] Level 5:colcon.colcon_core.verb:set package 'px4_msgs' build argument 'cmake_target_skip_unavailable' from command line to 'False'
[0.231s] Level 5:colcon.colcon_core.verb:set package 'px4_msgs' build argument 'cmake_clean_cache' from command line to 'False'
[0.231s] Level 5:colcon.colcon_core.verb:set package 'px4_msgs' build argument 'cmake_clean_first' from command line to 'False'
[0.231s] Level 5:colcon.colcon_core.verb:set package 'px4_msgs' build argument 'cmake_force_configure' from command line to 'False'
[0.231s] Level 5:colcon.colcon_core.verb:set package 'px4_msgs' build argument 'ament_cmake_args' from command line to 'None'
[0.231s] Level 5:colcon.colcon_core.verb:set package 'px4_msgs' build argument 'catkin_cmake_args' from command line to 'None'
[0.231s] Level 5:colcon.colcon_core.verb:set package 'px4_msgs' build argument 'catkin_skip_building_tests' from command line to 'False'
[0.231s] DEBUG:colcon.colcon_core.verb:Building package 'px4_msgs' with the following arguments: {'ament_cmake_args': None, 'build_base': '/home/pavel/ws_ros2/build/px4_msgs', 'catkin_cmake_args': None, 'catkin_skip_building_tests': False, 'cmake_args': None, 'cmake_clean_cache': False, 'cmake_clean_first': False, 'cmake_force_configure': False, 'cmake_target': None, 'cmake_target_skip_unavailable': False, 'install_base': '/home/pavel/ws_ros2/install/px4_msgs', 'merge_install': False, 'path': '/home/pavel/ws_ros2/src/px4_msgs', 'symlink_install': False, 'test_result_base': None}
[0.231s] Level 5:colcon.colcon_core.verb:set package 'px4_ros_com' build argument 'cmake_args' from command line to 'None'
[0.231s] Level 5:colcon.colcon_core.verb:set package 'px4_ros_com' build argument 'cmake_target' from command line to 'None'
[0.231s] Level 5:colcon.colcon_core.verb:set package 'px4_ros_com' build argument 'cmake_target_skip_unavailable' from command line to 'False'
[0.231s] Level 5:colcon.colcon_core.verb:set package 'px4_ros_com' build argument 'cmake_clean_cache' from command line to 'False'
[0.231s] Level 5:colcon.colcon_core.verb:set package 'px4_ros_com' build argument 'cmake_clean_first' from command line to 'False'
[0.231s] Level 5:colcon.colcon_core.verb:set package 'px4_ros_com' build argument 'cmake_force_configure' from command line to 'False'
[0.231s] Level 5:colcon.colcon_core.verb:set package 'px4_ros_com' build argument 'ament_cmake_args' from command line to 'None'
[0.231s] Level 5:colcon.colcon_core.verb:set package 'px4_ros_com' build argument 'catkin_cmake_args' from command line to 'None'
[0.231s] Level 5:colcon.colcon_core.verb:set package 'px4_ros_com' build argument 'catkin_skip_building_tests' from command line to 'False'
[0.232s] DEBUG:colcon.colcon_core.verb:Building package 'px4_ros_com' with the following arguments: {'ament_cmake_args': None, 'build_base': '/home/pavel/ws_ros2/build/px4_ros_com', 'catkin_cmake_args': None, 'catkin_skip_building_tests': False, 'cmake_args': None, 'cmake_clean_cache': False, 'cmake_clean_first': False, 'cmake_force_configure': False, 'cmake_target': None, 'cmake_target_skip_unavailable': False, 'install_base': '/home/pavel/ws_ros2/install/px4_ros_com', 'merge_install': False, 'path': '/home/pavel/ws_ros2/src/px4_ros_com', 'symlink_install': False, 'test_result_base': None}
[0.232s] INFO:colcon.colcon_core.executor:Executing jobs using 'parallel' executor
[0.232s] DEBUG:colcon.colcon_parallel_executor.executor.parallel:run_until_complete
[0.233s] INFO:colcon.colcon_ros.task.ament_cmake.build:Building ROS package in '/home/pavel/ws_ros2/src/px4_msgs' with build type 'ament_cmake'
[0.233s] INFO:colcon.colcon_cmake.task.cmake.build:Building CMake package in '/home/pavel/ws_ros2/src/px4_msgs'
[0.235s] INFO:colcon.colcon_core.plugin_system:Skipping extension 'colcon_core.shell.bat': Not used on non-Windows systems
[0.235s] INFO:colcon.colcon_core.shell:Skip shell extension 'powershell' for command environment: Not usable outside of PowerShell
[0.235s] DEBUG:colcon.colcon_core.shell:Skip shell extension 'dsv' for command environment
[0.244s] DEBUG:colcon.colcon_core.event_handler.log_command:Invoking command in '/home/pavel/ws_ros2/build/px4_msgs': CMAKE_PREFIX_PATH=${CMAKE_PREFIX_PATH}:/opt/ros/humble /usr/bin/cmake --build /home/pavel/ws_ros2/build/px4_msgs -- -j12 -l12
[1.357s] DEBUG:colcon.colcon_core.event_handler.log_command:Invoked command in '/home/pavel/ws_ros2/build/px4_msgs' returned '0': CMAKE_PREFIX_PATH=${CMAKE_PREFIX_PATH}:/opt/ros/humble /usr/bin/cmake --build /home/pavel/ws_ros2/build/px4_msgs -- -j12 -l12
[6.172s] DEBUG:colcon.colcon_core.event_handler.log_command:Invoking command in '/home/pavel/ws_ros2/build/px4_msgs': CMAKE_PREFIX_PATH=${CMAKE_PREFIX_PATH}:/opt/ros/humble /usr/bin/cmake --install /home/pavel/ws_ros2/build/px4_msgs
[6.498s] Level 1:colcon.colcon_core.environment:create_environment_scripts_only(px4_msgs)
[6.508s] Level 1:colcon.colcon_core.environment:checking '/home/pavel/ws_ros2/install/px4_msgs' for CMake module files
[6.511s] Level 1:colcon.colcon_core.environment:checking '/home/pavel/ws_ros2/install/px4_msgs' for CMake config files
[6.528s] Level 1:colcon.colcon_core.shell:create_environment_hook('px4_msgs', 'cmake_prefix_path')
[6.528s] INFO:colcon.colcon_core.shell:Creating environment hook '/home/pavel/ws_ros2/install/px4_msgs/share/px4_msgs/hook/cmake_prefix_path.ps1'
[6.529s] INFO:colcon.colcon_core.shell:Creating environment descriptor '/home/pavel/ws_ros2/install/px4_msgs/share/px4_msgs/hook/cmake_prefix_path.dsv'
[6.529s] INFO:colcon.colcon_core.shell:Creating environment hook '/home/pavel/ws_ros2/install/px4_msgs/share/px4_msgs/hook/cmake_prefix_path.sh'
[6.531s] Level 1:colcon.colcon_core.environment:checking '/home/pavel/ws_ros2/install/px4_msgs/lib'
[6.531s] Level 1:colcon.colcon_core.shell:create_environment_hook('px4_msgs', 'ld_library_path_lib')
[6.532s] INFO:colcon.colcon_core.shell:Creating environment hook '/home/pavel/ws_ros2/install/px4_msgs/share/px4_msgs/hook/ld_library_path_lib.ps1'
[6.534s] INFO:colcon.colcon_core.shell:Creating environment descriptor '/home/pavel/ws_ros2/install/px4_msgs/share/px4_msgs/hook/ld_library_path_lib.dsv'
[6.536s] INFO:colcon.colcon_core.shell:Creating environment hook '/home/pavel/ws_ros2/install/px4_msgs/share/px4_msgs/hook/ld_library_path_lib.sh'
[6.537s] Level 1:colcon.colcon_core.environment:checking '/home/pavel/ws_ros2/install/px4_msgs/bin'
[6.537s] Level 1:colcon.colcon_core.environment:checking '/home/pavel/ws_ros2/install/px4_msgs/lib/pkgconfig/px4_msgs.pc'
[6.538s] Level 1:colcon.colcon_core.environment:checking '/home/pavel/ws_ros2/install/px4_msgs/lib/python3.10/site-packages'
[6.538s] Level 1:colcon.colcon_core.environment:checking '/home/pavel/ws_ros2/install/px4_msgs/bin'
[6.538s] INFO:colcon.colcon_core.shell:Creating package script '/home/pavel/ws_ros2/install/px4_msgs/share/px4_msgs/package.ps1'
[6.540s] INFO:colcon.colcon_core.shell:Creating package descriptor '/home/pavel/ws_ros2/install/px4_msgs/share/px4_msgs/package.dsv'
[6.541s] INFO:colcon.colcon_core.shell:Creating package script '/home/pavel/ws_ros2/install/px4_msgs/share/px4_msgs/package.sh'
[6.542s] DEBUG:colcon.colcon_core.event_handler.log_command:Invoked command in '/home/pavel/ws_ros2/build/px4_msgs' returned '0': CMAKE_PREFIX_PATH=${CMAKE_PREFIX_PATH}:/opt/ros/humble /usr/bin/cmake --install /home/pavel/ws_ros2/build/px4_msgs
[6.542s] INFO:colcon.colcon_core.shell:Creating package script '/home/pavel/ws_ros2/install/px4_msgs/share/px4_msgs/package.bash'
[6.543s] INFO:colcon.colcon_core.shell:Creating package script '/home/pavel/ws_ros2/install/px4_msgs/share/px4_msgs/package.zsh'
[6.544s] Level 1:colcon.colcon_core.environment:create_file_with_runtime_dependencies(/home/pavel/ws_ros2/install/px4_msgs/share/colcon-core/packages/px4_msgs)
[11.856s] Level 1:colcon.colcon_core.environment:create_environment_scripts_only(px4_msgs)
[11.856s] Level 1:colcon.colcon_core.environment:checking '/home/pavel/ws_ros2/install/px4_msgs' for CMake module files
[11.857s] Level 1:colcon.colcon_core.environment:checking '/home/pavel/ws_ros2/install/px4_msgs' for CMake config files
[11.860s] Level 1:colcon.colcon_core.shell:create_environment_hook('px4_msgs', 'cmake_prefix_path')
[11.860s] INFO:colcon.colcon_core.shell:Creating environment hook '/home/pavel/ws_ros2/install/px4_msgs/share/px4_msgs/hook/cmake_prefix_path.ps1'
[11.860s] INFO:colcon.colcon_core.shell:Creating environment descriptor '/home/pavel/ws_ros2/install/px4_msgs/share/px4_msgs/hook/cmake_prefix_path.dsv'
[11.861s] INFO:colcon.colcon_core.shell:Creating environment hook '/home/pavel/ws_ros2/install/px4_msgs/share/px4_msgs/hook/cmake_prefix_path.sh'
[11.862s] Level 1:colcon.colcon_core.environment:checking '/home/pavel/ws_ros2/install/px4_msgs/lib'
[11.862s] Level 1:colcon.colcon_core.shell:create_environment_hook('px4_msgs', 'ld_library_path_lib')
[11.862s] INFO:colcon.colcon_core.shell:Creating environment hook '/home/pavel/ws_ros2/install/px4_msgs/share/px4_msgs/hook/ld_library_path_lib.ps1'
[11.862s] INFO:colcon.colcon_core.shell:Creating environment descriptor '/home/pavel/ws_ros2/install/px4_msgs/share/px4_msgs/hook/ld_library_path_lib.dsv'
[11.863s] INFO:colcon.colcon_core.shell:Creating environment hook '/home/pavel/ws_ros2/install/px4_msgs/share/px4_msgs/hook/ld_library_path_lib.sh'
[11.863s] Level 1:colcon.colcon_core.environment:checking '/home/pavel/ws_ros2/install/px4_msgs/bin'
[11.863s] Level 1:colcon.colcon_core.environment:checking '/home/pavel/ws_ros2/install/px4_msgs/lib/pkgconfig/px4_msgs.pc'
[11.864s] Level 1:colcon.colcon_core.environment:checking '/home/pavel/ws_ros2/install/px4_msgs/lib/python3.10/site-packages'
[11.864s] Level 1:colcon.colcon_core.environment:checking '/home/pavel/ws_ros2/install/px4_msgs/bin'
[11.865s] INFO:colcon.colcon_core.shell:Creating package script '/home/pavel/ws_ros2/install/px4_msgs/share/px4_msgs/package.ps1'
[11.865s] INFO:colcon.colcon_core.shell:Creating package descriptor '/home/pavel/ws_ros2/install/px4_msgs/share/px4_msgs/package.dsv'
[11.866s] INFO:colcon.colcon_core.shell:Creating package script '/home/pavel/ws_ros2/install/px4_msgs/share/px4_msgs/package.sh'
[11.866s] INFO:colcon.colcon_core.shell:Creating package script '/home/pavel/ws_ros2/install/px4_msgs/share/px4_msgs/package.bash'
[11.867s] INFO:colcon.colcon_core.shell:Creating package script '/home/pavel/ws_ros2/install/px4_msgs/share/px4_msgs/package.zsh'
[11.868s] Level 1:colcon.colcon_core.environment:create_file_with_runtime_dependencies(/home/pavel/ws_ros2/install/px4_msgs/share/colcon-core/packages/px4_msgs)
[11.868s] INFO:colcon.colcon_ros.task.ament_cmake.build:Building ROS package in '/home/pavel/ws_ros2/src/px4_ros_com' with build type 'ament_cmake'
[11.868s] INFO:colcon.colcon_cmake.task.cmake.build:Building CMake package in '/home/pavel/ws_ros2/src/px4_ros_com'
[11.868s] INFO:colcon.colcon_core.shell:Skip shell extension 'powershell' for command environment: Not usable outside of PowerShell
[11.868s] DEBUG:colcon.colcon_core.shell:Skip shell extension 'dsv' for command environment
[11.891s] DEBUG:colcon.colcon_core.event_handler.log_command:Invoking command in '/home/pavel/ws_ros2/build/px4_ros_com': CMAKE_PREFIX_PATH=/home/pavel/ws_ros2/install/px4_msgs:/home/pavel/ws_ros2/install/px4_ros_com:/opt/ros/humble LD_LIBRARY_PATH=/home/pavel/ws_ros2/install/px4_msgs/lib:/home/pavel/ws_ros2/install/px4_ros_com/lib:/usr/lib/x86_64-linux-gnu/gazebo-11/plugins:/opt/ros/humble/opt/rviz_ogre_vendor/lib:/opt/ros/humble/lib/x86_64-linux-gnu:/opt/ros/humble/lib /usr/bin/cmake --build /home/pavel/ws_ros2/build/px4_ros_com -- -j12 -l12
[12.291s] DEBUG:colcon.colcon_core.event_handler.log_command:Invoked command in '/home/pavel/ws_ros2/build/px4_ros_com' returned '0': CMAKE_PREFIX_PATH=/home/pavel/ws_ros2/install/px4_msgs:/home/pavel/ws_ros2/install/px4_ros_com:/opt/ros/humble LD_LIBRARY_PATH=/home/pavel/ws_ros2/install/px4_msgs/lib:/home/pavel/ws_ros2/install/px4_ros_com/lib:/usr/lib/x86_64-linux-gnu/gazebo-11/plugins:/opt/ros/humble/opt/rviz_ogre_vendor/lib:/opt/ros/humble/lib/x86_64-linux-gnu:/opt/ros/humble/lib /usr/bin/cmake --build /home/pavel/ws_ros2/build/px4_ros_com -- -j12 -l12
[12.335s] DEBUG:colcon.colcon_core.event_handler.log_command:Invoking command in '/home/pavel/ws_ros2/build/px4_ros_com': CMAKE_PREFIX_PATH=/home/pavel/ws_ros2/install/px4_msgs:/home/pavel/ws_ros2/install/px4_ros_com:/opt/ros/humble LD_LIBRARY_PATH=/home/pavel/ws_ros2/install/px4_msgs/lib:/home/pavel/ws_ros2/install/px4_ros_com/lib:/usr/lib/x86_64-linux-gnu/gazebo-11/plugins:/opt/ros/humble/opt/rviz_ogre_vendor/lib:/opt/ros/humble/lib/x86_64-linux-gnu:/opt/ros/humble/lib /usr/bin/cmake --install /home/pavel/ws_ros2/build/px4_ros_com
[12.387s] Level 1:colcon.colcon_core.environment:create_environment_scripts_only(px4_ros_com)
[12.387s] Level 1:colcon.colcon_core.environment:checking '/home/pavel/ws_ros2/install/px4_ros_com' for CMake module files
[12.388s] DEBUG:colcon.colcon_core.event_handler.log_command:Invoked command in '/home/pavel/ws_ros2/build/px4_ros_com' returned '0': CMAKE_PREFIX_PATH=/home/pavel/ws_ros2/install/px4_msgs:/home/pavel/ws_ros2/install/px4_ros_com:/opt/ros/humble LD_LIBRARY_PATH=/home/pavel/ws_ros2/install/px4_msgs/lib:/home/pavel/ws_ros2/install/px4_ros_com/lib:/usr/lib/x86_64-linux-gnu/gazebo-11/plugins:/opt/ros/humble/opt/rviz_ogre_vendor/lib:/opt/ros/humble/lib/x86_64-linux-gnu:/opt/ros/humble/lib /usr/bin/cmake --install /home/pavel/ws_ros2/build/px4_ros_com
[12.388s] Level 1:colcon.colcon_core.environment:checking '/home/pavel/ws_ros2/install/px4_ros_com' for CMake config files
[12.389s] Level 1:colcon.colcon_core.shell:create_environment_hook('px4_ros_com', 'cmake_prefix_path')
[12.389s] INFO:colcon.colcon_core.shell:Creating environment hook '/home/pavel/ws_ros2/install/px4_ros_com/share/px4_ros_com/hook/cmake_prefix_path.ps1'
[12.390s] INFO:colcon.colcon_core.shell:Creating environment descriptor '/home/pavel/ws_ros2/install/px4_ros_com/share/px4_ros_com/hook/cmake_prefix_path.dsv'
[12.390s] INFO:colcon.colcon_core.shell:Creating environment hook '/home/pavel/ws_ros2/install/px4_ros_com/share/px4_ros_com/hook/cmake_prefix_path.sh'
[12.390s] Level 1:colcon.colcon_core.environment:checking '/home/pavel/ws_ros2/install/px4_ros_com/lib'
[12.391s] Level 1:colcon.colcon_core.shell:create_environment_hook('px4_ros_com', 'ld_library_path_lib')
[12.391s] INFO:colcon.colcon_core.shell:Creating environment hook '/home/pavel/ws_ros2/install/px4_ros_com/share/px4_ros_com/hook/ld_library_path_lib.ps1'
[12.391s] INFO:colcon.colcon_core.shell:Creating environment descriptor '/home/pavel/ws_ros2/install/px4_ros_com/share/px4_ros_com/hook/ld_library_path_lib.dsv'
[12.391s] INFO:colcon.colcon_core.shell:Creating environment hook '/home/pavel/ws_ros2/install/px4_ros_com/share/px4_ros_com/hook/ld_library_path_lib.sh'
[12.392s] Level 1:colcon.colcon_core.environment:checking '/home/pavel/ws_ros2/install/px4_ros_com/bin'
[12.392s] Level 1:colcon.colcon_core.environment:checking '/home/pavel/ws_ros2/install/px4_ros_com/lib/pkgconfig/px4_ros_com.pc'
[12.392s] Level 1:colcon.colcon_core.environment:checking '/home/pavel/ws_ros2/install/px4_ros_com/lib/python3.10/site-packages'
[12.392s] Level 1:colcon.colcon_core.environment:checking '/home/pavel/ws_ros2/install/px4_ros_com/bin'
[12.393s] INFO:colcon.colcon_core.shell:Creating package script '/home/pavel/ws_ros2/install/px4_ros_com/share/px4_ros_com/package.ps1'
[12.393s] INFO:colcon.colcon_core.shell:Creating package descriptor '/home/pavel/ws_ros2/install/px4_ros_com/share/px4_ros_com/package.dsv'
[12.394s] INFO:colcon.colcon_core.shell:Creating package script '/home/pavel/ws_ros2/install/px4_ros_com/share/px4_ros_com/package.sh'
[12.394s] INFO:colcon.colcon_core.shell:Creating package script '/home/pavel/ws_ros2/install/px4_ros_com/share/px4_ros_com/package.bash'
[12.394s] INFO:colcon.colcon_core.shell:Creating package script '/home/pavel/ws_ros2/install/px4_ros_com/share/px4_ros_com/package.zsh'
[12.395s] Level 1:colcon.colcon_core.environment:create_file_with_runtime_dependencies(/home/pavel/ws_ros2/install/px4_ros_com/share/colcon-core/packages/px4_ros_com)
[12.440s] Level 1:colcon.colcon_core.environment:create_environment_scripts_only(px4_ros_com)
[12.440s] Level 1:colcon.colcon_core.environment:checking '/home/pavel/ws_ros2/install/px4_ros_com' for CMake module files
[12.441s] Level 1:colcon.colcon_core.environment:checking '/home/pavel/ws_ros2/install/px4_ros_com' for CMake config files
[12.441s] Level 1:colcon.colcon_core.shell:create_environment_hook('px4_ros_com', 'cmake_prefix_path')
[12.441s] INFO:colcon.colcon_core.shell:Creating environment hook '/home/pavel/ws_ros2/install/px4_ros_com/share/px4_ros_com/hook/cmake_prefix_path.ps1'
[12.442s] INFO:colcon.colcon_core.shell:Creating environment descriptor '/home/pavel/ws_ros2/install/px4_ros_com/share/px4_ros_com/hook/cmake_prefix_path.dsv'
[12.442s] INFO:colcon.colcon_core.shell:Creating environment hook '/home/pavel/ws_ros2/install/px4_ros_com/share/px4_ros_com/hook/cmake_prefix_path.sh'
[12.442s] Level 1:colcon.colcon_core.environment:checking '/home/pavel/ws_ros2/install/px4_ros_com/lib'
[12.443s] Level 1:colcon.colcon_core.shell:create_environment_hook('px4_ros_com', 'ld_library_path_lib')
[12.443s] INFO:colcon.colcon_core.shell:Creating environment hook '/home/pavel/ws_ros2/install/px4_ros_com/share/px4_ros_com/hook/ld_library_path_lib.ps1'
[12.443s] INFO:colcon.colcon_core.shell:Creating environment descriptor '/home/pavel/ws_ros2/install/px4_ros_com/share/px4_ros_com/hook/ld_library_path_lib.dsv'
[12.443s] INFO:colcon.colcon_core.shell:Creating environment hook '/home/pavel/ws_ros2/install/px4_ros_com/share/px4_ros_com/hook/ld_library_path_lib.sh'
[12.444s] Level 1:colcon.colcon_core.environment:checking '/home/pavel/ws_ros2/install/px4_ros_com/bin'
[12.444s] Level 1:colcon.colcon_core.environment:checking '/home/pavel/ws_ros2/install/px4_ros_com/lib/pkgconfig/px4_ros_com.pc'
[12.444s] Level 1:colcon.colcon_core.environment:checking '/home/pavel/ws_ros2/install/px4_ros_com/lib/python3.10/site-packages'
[12.444s] Level 1:colcon.colcon_core.environment:checking '/home/pavel/ws_ros2/install/px4_ros_com/bin'
[12.445s] INFO:colcon.colcon_core.shell:Creating package script '/home/pavel/ws_ros2/install/px4_ros_com/share/px4_ros_com/package.ps1'
[12.445s] INFO:colcon.colcon_core.shell:Creating package descriptor '/home/pavel/ws_ros2/install/px4_ros_com/share/px4_ros_com/package.dsv'
[12.446s] INFO:colcon.colcon_core.shell:Creating package script '/home/pavel/ws_ros2/install/px4_ros_com/share/px4_ros_com/package.sh'
[12.446s] INFO:colcon.colcon_core.shell:Creating package script '/home/pavel/ws_ros2/install/px4_ros_com/share/px4_ros_com/package.bash'
[12.446s] INFO:colcon.colcon_core.shell:Creating package script '/home/pavel/ws_ros2/install/px4_ros_com/share/px4_ros_com/package.zsh'
[12.447s] Level 1:colcon.colcon_core.environment:create_file_with_runtime_dependencies(/home/pavel/ws_ros2/install/px4_ros_com/share/colcon-core/packages/px4_ros_com)
[12.447s] DEBUG:colcon.colcon_parallel_executor.executor.parallel:closing loop
[12.447s] DEBUG:colcon.colcon_parallel_executor.executor.parallel:loop closed
[12.448s] DEBUG:colcon.colcon_parallel_executor.executor.parallel:run_until_complete finished with '0'
[12.448s] DEBUG:colcon.colcon_core.event_reactor:joining thread
[12.452s] INFO:colcon.colcon_core.plugin_system:Skipping extension 'colcon_notification.desktop_notification.terminal_notifier': Not used on non-Darwin systems
[12.453s] INFO:colcon.colcon_core.plugin_system:Skipping extension 'colcon_notification.desktop_notification.win32': Not used on non-Windows systems
[12.453s] INFO:colcon.colcon_notification.desktop_notification:Sending desktop notification using 'notify2'
[12.465s] DEBUG:colcon.colcon_core.event_reactor:joined thread
[12.466s] INFO:colcon.colcon_core.shell:Creating prefix script '/home/pavel/ws_ros2/install/local_setup.ps1'
[12.467s] INFO:colcon.colcon_core.shell:Creating prefix util module '/home/pavel/ws_ros2/install/_local_setup_util_ps1.py'
[12.468s] INFO:colcon.colcon_core.shell:Creating prefix chain script '/home/pavel/ws_ros2/install/setup.ps1'
[12.469s] INFO:colcon.colcon_core.shell:Creating prefix script '/home/pavel/ws_ros2/install/local_setup.sh'
[12.470s] INFO:colcon.colcon_core.shell:Creating prefix util module '/home/pavel/ws_ros2/install/_local_setup_util_sh.py'
[12.471s] INFO:colcon.colcon_core.shell:Creating prefix chain script '/home/pavel/ws_ros2/install/setup.sh'
[12.472s] INFO:colcon.colcon_core.shell:Creating prefix script '/home/pavel/ws_ros2/install/local_setup.bash'
[12.472s] INFO:colcon.colcon_core.shell:Creating prefix chain script '/home/pavel/ws_ros2/install/setup.bash'
[12.473s] INFO:colcon.colcon_core.shell:Creating prefix script '/home/pavel/ws_ros2/install/local_setup.zsh'
[12.474s] INFO:colcon.colcon_core.shell:Creating prefix chain script '/home/pavel/ws_ros2/install/setup.zsh'
