[ 16%] Built target frame_transforms
[ 33%] Built target vehicle_gps_position_listener
[ 50%] Built target sensor_combined_listener
[ 66%] Built target offboard_control
[ 83%] Built target debug_vect_advertiser
[100%] Built target offboard_control_srv
[100%] Built target ament_cmake_python_copy_px4_ros_com
Traceback (most recent call last):
  File "/home/pavel/ws_ros2/build/px4_ros_com/ament_cmake_python/px4_ros_com/setup.py", line 4, in <module>
    setup(
  File "/home/pavel/.local/lib/python3.10/site-packages/setuptools/__init__.py", line 117, in setup
    return distutils.core.setup(**attrs)
  File "/home/pavel/.local/lib/python3.10/site-packages/setuptools/_distutils/core.py", line 170, in setup
    ok = dist.parse_command_line()
  File "/home/pavel/.local/lib/python3.10/site-packages/setuptools/_distutils/dist.py", line 472, in parse_command_line
    args = self._parse_command_opts(parser, args)
  File "/home/pavel/.local/lib/python3.10/site-packages/setuptools/dist.py", line 893, in _parse_command_opts
    nargs = _Distribution._parse_command_opts(self, parser, args)
  File "/home/pavel/.local/lib/python3.10/site-packages/setuptools/_distutils/dist.py", line 531, in _parse_command_opts
    cmd_class = self.get_command_class(command)
  File "/home/pavel/.local/lib/python3.10/site-packages/setuptools/dist.py", line 734, in get_command_class
    eps = metadata.entry_points(group='distutils.commands', name=command)
  File "/usr/lib/python3.10/importlib/metadata/__init__.py", line 1021, in entry_points
    return SelectableGroups.load(eps).select(**params)
  File "/usr/lib/python3.10/importlib/metadata/__init__.py", line 459, in load
    ordered = sorted(eps, key=by_group)
  File "/usr/lib/python3.10/importlib/metadata/__init__.py", line 1018, in <genexpr>
    eps = itertools.chain.from_iterable(
  File "/usr/lib/python3.10/importlib/metadata/_itertools.py", line 15, in unique_everseen
    for element in iterable:
  File "/usr/lib/python3.10/importlib/metadata/__init__.py", line 565, in <genexpr>
    resolver(context) for resolver in cls._discover_resolvers()
  File "<frozen importlib._bootstrap_external>", line 1482, in find_distributions
  File "/usr/lib/python3.10/importlib/metadata/__init__.py", line 886, in find_distributions
    @classmethod
KeyboardInterrupt
gmake[2]: *** [CMakeFiles/ament_cmake_python_build_px4_ros_com_egg.dir/build.make:70: CMakeFiles/ament_cmake_python_build_px4_ros_com_egg] Interrupt
gmake[1]: *** [CMakeFiles/Makefile2:332: CMakeFiles/ament_cmake_python_build_px4_ros_com_egg.dir/all] Interrupt
gmake: *** [Makefile:146: all] Interrupt
